[0.056s] Invoking command in '/home/hyh/Desktop/playground_hermes/tugbot_ros2_gazebo/ros2_ws_tugbot_nav_20260513/build/tugbot_bringup': CMAKE_PREFIX_PATH=${CMAKE_PREFIX_PATH}:/home/hyh/ws_moveit/install/moveit_configs_utils:/opt/ros/jazzy DEBUGINFOD_URLS=https://debuginfod.ubuntu.com /usr/bin/cmake --build /home/hyh/Desktop/playground_hermes/tugbot_ros2_gazebo/ros2_ws_tugbot_nav_20260513/build/tugbot_bringup -- -j8 -l8
[0.187s] Invoked command in '/home/hyh/Desktop/playground_hermes/tugbot_ros2_gazebo/ros2_ws_tugbot_nav_20260513/build/tugbot_bringup' returned '0': CMAKE_PREFIX_PATH=${CMAKE_PREFIX_PATH}:/home/hyh/ws_moveit/install/moveit_configs_utils:/opt/ros/jazzy DEBUGINFOD_URLS=https://debuginfod.ubuntu.com /usr/bin/cmake --build /home/hyh/Desktop/playground_hermes/tugbot_ros2_gazebo/ros2_ws_tugbot_nav_20260513/build/tugbot_bringup -- -j8 -l8
[0.220s] Invoking command in '/home/hyh/Desktop/playground_hermes/tugbot_ros2_gazebo/ros2_ws_tugbot_nav_20260513/build/tugbot_bringup': CMAKE_PREFIX_PATH=${CMAKE_PREFIX_PATH}:/home/hyh/ws_moveit/install/moveit_configs_utils:/opt/ros/jazzy DEBUGINFOD_URLS=https://debuginfod.ubuntu.com /usr/bin/cmake --install /home/hyh/Desktop/playground_hermes/tugbot_ros2_gazebo/ros2_ws_tugbot_nav_20260513/build/tugbot_bringup
[0.260s] -- Install configuration: ""
[0.260s] -- Execute custom install script
[0.261s] -- Up-to-date symlink: /home/hyh/Desktop/playground_hermes/tugbot_ros2_gazebo/ros2_ws_tugbot_nav_20260513/install/tugbot_bringup/share/tugbot_bringup/launch/tugbot_gazebo.launch.py
[0.261s] -- Up-to-date symlink: /home/hyh/Desktop/playground_hermes/tugbot_ros2_gazebo/ros2_ws_tugbot_nav_20260513/install/tugbot_bringup/share/tugbot_bringup/launch/tugbot_nav.launch.py
[0.264s] -- Up-to-date symlink: /home/hyh/Desktop/playground_hermes/tugbot_ros2_gazebo/ros2_ws_tugbot_nav_20260513/install/tugbot_bringup/share/tugbot_bringup/config/tugbot_nav.rviz
[0.264s] -- Up-to-date symlink: /home/hyh/Desktop/playground_hermes/tugbot_ros2_gazebo/ros2_ws_tugbot_nav_20260513/install/tugbot_bringup/share/tugbot_bringup/rviz/tugbot_nav.rviz
[0.264s] -- Up-to-date symlink: /home/hyh/Desktop/playground_hermes/tugbot_ros2_gazebo/ros2_ws_tugbot_nav_20260513/install/tugbot_bringup/share/tugbot_bringup/package.xml
[0.264s] -- Up-to-date symlink: /home/hyh/Desktop/playground_hermes/tugbot_ros2_gazebo/ros2_ws_tugbot_nav_20260513/install/tugbot_bringup/share/ament_index/resource_index/package_run_dependencies/tugbot_bringup
[0.264s] -- Up-to-date symlink: /home/hyh/Desktop/playground_hermes/tugbot_ros2_gazebo/ros2_ws_tugbot_nav_20260513/install/tugbot_bringup/share/ament_index/resource_index/parent_prefix_path/tugbot_bringup
[0.264s] -- Up-to-date symlink: /home/hyh/Desktop/playground_hermes/tugbot_ros2_gazebo/ros2_ws_tugbot_nav_20260513/install/tugbot_bringup/share/tugbot_bringup/environment/ament_prefix_path.sh
[0.264s] -- Up-to-date symlink: /home/hyh/Desktop/playground_hermes/tugbot_ros2_gazebo/ros2_ws_tugbot_nav_20260513/install/tugbot_bringup/share/tugbot_bringup/environment/ament_prefix_path.dsv
[0.264s] -- Up-to-date symlink: /home/hyh/Desktop/playground_hermes/tugbot_ros2_gazebo/ros2_ws_tugbot_nav_20260513/install/tugbot_bringup/share/tugbot_bringup/environment/path.sh
[0.264s] -- Up-to-date symlink: /home/hyh/Desktop/playground_hermes/tugbot_ros2_gazebo/ros2_ws_tugbot_nav_20260513/install/tugbot_bringup/share/tugbot_bringup/environment/path.dsv
[0.264s] -- Up-to-date symlink: /home/hyh/Desktop/playground_hermes/tugbot_ros2_gazebo/ros2_ws_tugbot_nav_20260513/install/tugbot_bringup/share/tugbot_bringup/local_setup.bash
[0.264s] -- Up-to-date symlink: /home/hyh/Desktop/playground_hermes/tugbot_ros2_gazebo/ros2_ws_tugbot_nav_20260513/install/tugbot_bringup/share/tugbot_bringup/local_setup.sh
[0.264s] -- Up-to-date symlink: /home/hyh/Desktop/playground_hermes/tugbot_ros2_gazebo/ros2_ws_tugbot_nav_20260513/install/tugbot_bringup/share/tugbot_bringup/local_setup.zsh
[0.264s] -- Up-to-date symlink: /home/hyh/Desktop/playground_hermes/tugbot_ros2_gazebo/ros2_ws_tugbot_nav_20260513/install/tugbot_bringup/share/tugbot_bringup/local_setup.dsv
[0.264s] -- Symlinking: /home/hyh/Desktop/playground_hermes/tugbot_ros2_gazebo/ros2_ws_tugbot_nav_20260513/install/tugbot_bringup/share/tugbot_bringup/package.dsv
[0.277s] -- Up-to-date symlink: /home/hyh/Desktop/playground_hermes/tugbot_ros2_gazebo/ros2_ws_tugbot_nav_20260513/install/tugbot_bringup/share/ament_index/resource_index/packages/tugbot_bringup
[0.277s] -- Up-to-date symlink: /home/hyh/Desktop/playground_hermes/tugbot_ros2_gazebo/ros2_ws_tugbot_nav_20260513/install/tugbot_bringup/share/tugbot_bringup/cmake/tugbot_bringupConfig.cmake
[0.294s] -- Up-to-date symlink: /home/hyh/Desktop/playground_hermes/tugbot_ros2_gazebo/ros2_ws_tugbot_nav_20260513/install/tugbot_bringup/share/tugbot_bringup/cmake/tugbot_bringupConfig-version.cmake
[0.294s] -- Up-to-date symlink: /home/hyh/Desktop/playground_hermes/tugbot_ros2_gazebo/ros2_ws_tugbot_nav_20260513/install/tugbot_bringup/share/tugbot_bringup/package.xml
[0.330s] Invoked command in '/home/hyh/Desktop/playground_hermes/tugbot_ros2_gazebo/ros2_ws_tugbot_nav_20260513/build/tugbot_bringup' returned '0': CMAKE_PREFIX_PATH=${CMAKE_PREFIX_PATH}:/home/hyh/ws_moveit/install/moveit_configs_utils:/opt/ros/jazzy DEBUGINFOD_URLS=https://debuginfod.ubuntu.com /usr/bin/cmake --install /home/hyh/Desktop/playground_hermes/tugbot_ros2_gazebo/ros2_ws_tugbot_nav_20260513/build/tugbot_bringup
