[0.081s] DEBUG:colcon:Command line arguments: ['/usr/bin/colcon', 'build', '--symlink-install', '--packages-select', 'tugbot_exploration', 'tugbot_bringup']
[0.081s] DEBUG:colcon:Parsed command line arguments: Namespace(log_base=None, log_level=None, verb_name='build', build_base='build', install_base='install', merge_install=False, symlink_install=True, test_result_base=None, continue_on_error=False, executor='parallel', parallel_workers=8, event_handlers=None, ignore_user_meta=False, metas=['./colcon.meta'], base_paths=['.'], packages_ignore=None, packages_ignore_regex=None, paths=None, packages_up_to=None, packages_up_to_regex=None, packages_above=None, packages_above_and_dependencies=None, packages_above_depth=None, packages_select_by_dep=None, packages_skip_by_dep=None, packages_skip_up_to=None, packages_select_build_failed=False, packages_skip_build_finished=False, packages_select_test_failures=False, packages_skip_test_passed=False, packages_select=['tugbot_exploration', 'tugbot_bringup'], packages_skip=None, packages_select_regex=None, packages_skip_regex=None, packages_start=None, packages_end=None, allow_overriding=[], cmake_args=None, cmake_target=None, cmake_target_skip_unavailable=False, cmake_clean_cache=False, cmake_clean_first=False, cmake_force_configure=False, ament_cmake_args=None, catkin_cmake_args=None, catkin_skip_building_tests=False, mixin_files=None, mixin=None, verb_parser=<colcon_mixin.mixin.mixin_argument.MixinArgumentDecorator object at 0x7696a8fc79b0>, verb_extension=<colcon_core.verb.build.BuildVerb object at 0x7696a8fc6ed0>, main=<bound method BuildVerb.main of <colcon_core.verb.build.BuildVerb object at 0x7696a8fc6ed0>>, mixin_verb=('build',))
[0.107s] Level 1:colcon.colcon_core.package_discovery:discover_packages(colcon_meta) check parameters
[0.107s] Level 1:colcon.colcon_core.package_discovery:discover_packages(recursive) check parameters
[0.107s] Level 1:colcon.colcon_core.package_discovery:discover_packages(ignore) check parameters
[0.107s] Level 1:colcon.colcon_core.package_discovery:discover_packages(path) check parameters
[0.107s] Level 1:colcon.colcon_core.package_discovery:discover_packages(colcon_meta) discover
[0.107s] Level 1:colcon.colcon_core.package_discovery:discover_packages(recursive) discover
[0.107s] INFO:colcon.colcon_core.package_discovery:Crawling recursively for packages in '/home/hyh/Desktop/playground_hermes/tugbot_ros2_gazebo/ros2_ws_tugbot_nav_20260514'
[0.107s] Level 1:colcon.colcon_core.package_identification:_identify(.) by extensions ['ignore', 'ignore_ament_install']
[0.107s] Level 1:colcon.colcon_core.package_identification:_identify(.) by extension 'ignore'
[0.107s] Level 1:colcon.colcon_core.package_identification:_identify(.) by extension 'ignore_ament_install'
[0.107s] Level 1:colcon.colcon_core.package_identification:_identify(.) by extensions ['colcon_pkg']
[0.107s] Level 1:colcon.colcon_core.package_identification:_identify(.) by extension 'colcon_pkg'
[0.107s] Level 1:colcon.colcon_core.package_identification:_identify(.) by extensions ['colcon_meta']
[0.107s] Level 1:colcon.colcon_core.package_identification:_identify(.) by extension 'colcon_meta'
[0.107s] Level 1:colcon.colcon_core.package_identification:_identify(.) by extensions ['ros']
[0.107s] Level 1:colcon.colcon_core.package_identification:_identify(.) by extension 'ros'
[0.124s] Level 1:colcon.colcon_core.package_identification:_identify(.) by extensions ['cmake', 'python']
[0.124s] Level 1:colcon.colcon_core.package_identification:_identify(.) by extension 'cmake'
[0.124s] Level 1:colcon.colcon_core.package_identification:_identify(.) by extension 'python'
[0.124s] Level 1:colcon.colcon_core.package_identification:_identify(.) by extensions ['python_setup_py']
[0.124s] Level 1:colcon.colcon_core.package_identification:_identify(.) by extension 'python_setup_py'
[0.124s] Level 1:colcon.colcon_core.package_identification:_identify(build) by extensions ['ignore', 'ignore_ament_install']
[0.124s] Level 1:colcon.colcon_core.package_identification:_identify(build) by extension 'ignore'
[0.124s] Level 1:colcon.colcon_core.package_identification:_identify(build) ignored
[0.125s] Level 1:colcon.colcon_core.package_identification:_identify(doc) by extensions ['ignore', 'ignore_ament_install']
[0.125s] Level 1:colcon.colcon_core.package_identification:_identify(doc) by extension 'ignore'
[0.125s] Level 1:colcon.colcon_core.package_identification:_identify(doc) by extension 'ignore_ament_install'
[0.125s] Level 1:colcon.colcon_core.package_identification:_identify(doc) by extensions ['colcon_pkg']
[0.125s] Level 1:colcon.colcon_core.package_identification:_identify(doc) by extension 'colcon_pkg'
[0.125s] Level 1:colcon.colcon_core.package_identification:_identify(doc) by extensions ['colcon_meta']
[0.125s] Level 1:colcon.colcon_core.package_identification:_identify(doc) by extension 'colcon_meta'
[0.125s] Level 1:colcon.colcon_core.package_identification:_identify(doc) by extensions ['ros']
[0.125s] Level 1:colcon.colcon_core.package_identification:_identify(doc) by extension 'ros'
[0.125s] Level 1:colcon.colcon_core.package_identification:_identify(doc) by extensions ['cmake', 'python']
[0.125s] Level 1:colcon.colcon_core.package_identification:_identify(doc) by extension 'cmake'
[0.125s] Level 1:colcon.colcon_core.package_identification:_identify(doc) by extension 'python'
[0.125s] Level 1:colcon.colcon_core.package_identification:_identify(doc) by extensions ['python_setup_py']
[0.125s] Level 1:colcon.colcon_core.package_identification:_identify(doc) by extension 'python_setup_py'
[0.125s] Level 1:colcon.colcon_core.package_identification:_identify(doc/doc_diagnosis) by extensions ['ignore', 'ignore_ament_install']
[0.125s] Level 1:colcon.colcon_core.package_identification:_identify(doc/doc_diagnosis) by extension 'ignore'
[0.125s] Level 1:colcon.colcon_core.package_identification:_identify(doc/doc_diagnosis) by extension 'ignore_ament_install'
[0.125s] Level 1:colcon.colcon_core.package_identification:_identify(doc/doc_diagnosis) by extensions ['colcon_pkg']
[0.125s] Level 1:colcon.colcon_core.package_identification:_identify(doc/doc_diagnosis) by extension 'colcon_pkg'
[0.125s] Level 1:colcon.colcon_core.package_identification:_identify(doc/doc_diagnosis) by extensions ['colcon_meta']
[0.125s] Level 1:colcon.colcon_core.package_identification:_identify(doc/doc_diagnosis) by extension 'colcon_meta'
[0.125s] Level 1:colcon.colcon_core.package_identification:_identify(doc/doc_diagnosis) by extensions ['ros']
[0.125s] Level 1:colcon.colcon_core.package_identification:_identify(doc/doc_diagnosis) by extension 'ros'
[0.125s] Level 1:colcon.colcon_core.package_identification:_identify(doc/doc_diagnosis) by extensions ['cmake', 'python']
[0.125s] Level 1:colcon.colcon_core.package_identification:_identify(doc/doc_diagnosis) by extension 'cmake'
[0.125s] Level 1:colcon.colcon_core.package_identification:_identify(doc/doc_diagnosis) by extension 'python'
[0.125s] Level 1:colcon.colcon_core.package_identification:_identify(doc/doc_diagnosis) by extensions ['python_setup_py']
[0.125s] Level 1:colcon.colcon_core.package_identification:_identify(doc/doc_diagnosis) by extension 'python_setup_py'
[0.125s] Level 1:colcon.colcon_core.package_identification:_identify(doc/doc_experience) by extensions ['ignore', 'ignore_ament_install']
[0.125s] Level 1:colcon.colcon_core.package_identification:_identify(doc/doc_experience) by extension 'ignore'
[0.125s] Level 1:colcon.colcon_core.package_identification:_identify(doc/doc_experience) by extension 'ignore_ament_install'
[0.126s] Level 1:colcon.colcon_core.package_identification:_identify(doc/doc_experience) by extensions ['colcon_pkg']
[0.126s] Level 1:colcon.colcon_core.package_identification:_identify(doc/doc_experience) by extension 'colcon_pkg'
[0.126s] Level 1:colcon.colcon_core.package_identification:_identify(doc/doc_experience) by extensions ['colcon_meta']
[0.126s] Level 1:colcon.colcon_core.package_identification:_identify(doc/doc_experience) by extension 'colcon_meta'
[0.126s] Level 1:colcon.colcon_core.package_identification:_identify(doc/doc_experience) by extensions ['ros']
[0.126s] Level 1:colcon.colcon_core.package_identification:_identify(doc/doc_experience) by extension 'ros'
[0.126s] Level 1:colcon.colcon_core.package_identification:_identify(doc/doc_experience) by extensions ['cmake', 'python']
[0.126s] Level 1:colcon.colcon_core.package_identification:_identify(doc/doc_experience) by extension 'cmake'
[0.126s] Level 1:colcon.colcon_core.package_identification:_identify(doc/doc_experience) by extension 'python'
[0.126s] Level 1:colcon.colcon_core.package_identification:_identify(doc/doc_experience) by extensions ['python_setup_py']
[0.126s] Level 1:colcon.colcon_core.package_identification:_identify(doc/doc_experience) by extension 'python_setup_py'
[0.126s] Level 1:colcon.colcon_core.package_identification:_identify(doc/doc_proposal) by extensions ['ignore', 'ignore_ament_install']
[0.126s] Level 1:colcon.colcon_core.package_identification:_identify(doc/doc_proposal) by extension 'ignore'
[0.126s] Level 1:colcon.colcon_core.package_identification:_identify(doc/doc_proposal) by extension 'ignore_ament_install'
[0.126s] Level 1:colcon.colcon_core.package_identification:_identify(doc/doc_proposal) by extensions ['colcon_pkg']
[0.126s] Level 1:colcon.colcon_core.package_identification:_identify(doc/doc_proposal) by extension 'colcon_pkg'
[0.126s] Level 1:colcon.colcon_core.package_identification:_identify(doc/doc_proposal) by extensions ['colcon_meta']
[0.126s] Level 1:colcon.colcon_core.package_identification:_identify(doc/doc_proposal) by extension 'colcon_meta'
[0.126s] Level 1:colcon.colcon_core.package_identification:_identify(doc/doc_proposal) by extensions ['ros']
[0.126s] Level 1:colcon.colcon_core.package_identification:_identify(doc/doc_proposal) by extension 'ros'
[0.126s] Level 1:colcon.colcon_core.package_identification:_identify(doc/doc_proposal) by extensions ['cmake', 'python']
[0.126s] Level 1:colcon.colcon_core.package_identification:_identify(doc/doc_proposal) by extension 'cmake'
[0.126s] Level 1:colcon.colcon_core.package_identification:_identify(doc/doc_proposal) by extension 'python'
[0.126s] Level 1:colcon.colcon_core.package_identification:_identify(doc/doc_proposal) by extensions ['python_setup_py']
[0.126s] Level 1:colcon.colcon_core.package_identification:_identify(doc/doc_proposal) by extension 'python_setup_py'
[0.126s] Level 1:colcon.colcon_core.package_identification:_identify(doc/doc_report) by extensions ['ignore', 'ignore_ament_install']
[0.126s] Level 1:colcon.colcon_core.package_identification:_identify(doc/doc_report) by extension 'ignore'
[0.126s] Level 1:colcon.colcon_core.package_identification:_identify(doc/doc_report) by extension 'ignore_ament_install'
[0.126s] Level 1:colcon.colcon_core.package_identification:_identify(doc/doc_report) by extensions ['colcon_pkg']
[0.126s] Level 1:colcon.colcon_core.package_identification:_identify(doc/doc_report) by extension 'colcon_pkg'
[0.126s] Level 1:colcon.colcon_core.package_identification:_identify(doc/doc_report) by extensions ['colcon_meta']
[0.126s] Level 1:colcon.colcon_core.package_identification:_identify(doc/doc_report) by extension 'colcon_meta'
[0.126s] Level 1:colcon.colcon_core.package_identification:_identify(doc/doc_report) by extensions ['ros']
[0.126s] Level 1:colcon.colcon_core.package_identification:_identify(doc/doc_report) by extension 'ros'
[0.126s] Level 1:colcon.colcon_core.package_identification:_identify(doc/doc_report) by extensions ['cmake', 'python']
[0.126s] Level 1:colcon.colcon_core.package_identification:_identify(doc/doc_report) by extension 'cmake'
[0.126s] Level 1:colcon.colcon_core.package_identification:_identify(doc/doc_report) by extension 'python'
[0.126s] Level 1:colcon.colcon_core.package_identification:_identify(doc/doc_report) by extensions ['python_setup_py']
[0.126s] Level 1:colcon.colcon_core.package_identification:_identify(doc/doc_report) by extension 'python_setup_py'
[0.126s] Level 1:colcon.colcon_core.package_identification:_identify(install) by extensions ['ignore', 'ignore_ament_install']
[0.127s] Level 1:colcon.colcon_core.package_identification:_identify(install) by extension 'ignore'
[0.127s] Level 1:colcon.colcon_core.package_identification:_identify(install) ignored
[0.127s] Level 1:colcon.colcon_core.package_identification:_identify(log) by extensions ['ignore', 'ignore_ament_install']
[0.127s] Level 1:colcon.colcon_core.package_identification:_identify(log) by extension 'ignore'
[0.127s] Level 1:colcon.colcon_core.package_identification:_identify(log) ignored
[0.127s] Level 1:colcon.colcon_core.package_identification:_identify(scripts) by extensions ['ignore', 'ignore_ament_install']
[0.127s] Level 1:colcon.colcon_core.package_identification:_identify(scripts) by extension 'ignore'
[0.127s] Level 1:colcon.colcon_core.package_identification:_identify(scripts) by extension 'ignore_ament_install'
[0.127s] Level 1:colcon.colcon_core.package_identification:_identify(scripts) by extensions ['colcon_pkg']
[0.127s] Level 1:colcon.colcon_core.package_identification:_identify(scripts) by extension 'colcon_pkg'
[0.127s] Level 1:colcon.colcon_core.package_identification:_identify(scripts) by extensions ['colcon_meta']
[0.127s] Level 1:colcon.colcon_core.package_identification:_identify(scripts) by extension 'colcon_meta'
[0.127s] Level 1:colcon.colcon_core.package_identification:_identify(scripts) by extensions ['ros']
[0.127s] Level 1:colcon.colcon_core.package_identification:_identify(scripts) by extension 'ros'
[0.127s] Level 1:colcon.colcon_core.package_identification:_identify(scripts) by extensions ['cmake', 'python']
[0.127s] Level 1:colcon.colcon_core.package_identification:_identify(scripts) by extension 'cmake'
[0.127s] Level 1:colcon.colcon_core.package_identification:_identify(scripts) by extension 'python'
[0.127s] Level 1:colcon.colcon_core.package_identification:_identify(scripts) by extensions ['python_setup_py']
[0.127s] Level 1:colcon.colcon_core.package_identification:_identify(scripts) by extension 'python_setup_py'
[0.127s] Level 1:colcon.colcon_core.package_identification:_identify(src) by extensions ['ignore', 'ignore_ament_install']
[0.127s] Level 1:colcon.colcon_core.package_identification:_identify(src) by extension 'ignore'
[0.127s] Level 1:colcon.colcon_core.package_identification:_identify(src) by extension 'ignore_ament_install'
[0.127s] Level 1:colcon.colcon_core.package_identification:_identify(src) by extensions ['colcon_pkg']
[0.127s] Level 1:colcon.colcon_core.package_identification:_identify(src) by extension 'colcon_pkg'
[0.127s] Level 1:colcon.colcon_core.package_identification:_identify(src) by extensions ['colcon_meta']
[0.127s] Level 1:colcon.colcon_core.package_identification:_identify(src) by extension 'colcon_meta'
[0.127s] Level 1:colcon.colcon_core.package_identification:_identify(src) by extensions ['ros']
[0.127s] Level 1:colcon.colcon_core.package_identification:_identify(src) by extension 'ros'
[0.127s] Level 1:colcon.colcon_core.package_identification:_identify(src) by extensions ['cmake', 'python']
[0.127s] Level 1:colcon.colcon_core.package_identification:_identify(src) by extension 'cmake'
[0.127s] Level 1:colcon.colcon_core.package_identification:_identify(src) by extension 'python'
[0.127s] Level 1:colcon.colcon_core.package_identification:_identify(src) by extensions ['python_setup_py']
[0.127s] Level 1:colcon.colcon_core.package_identification:_identify(src) by extension 'python_setup_py'
[0.128s] Level 1:colcon.colcon_core.package_identification:_identify(src/tugbot_bringup) by extensions ['ignore', 'ignore_ament_install']
[0.128s] Level 1:colcon.colcon_core.package_identification:_identify(src/tugbot_bringup) by extension 'ignore'
[0.128s] Level 1:colcon.colcon_core.package_identification:_identify(src/tugbot_bringup) by extension 'ignore_ament_install'
[0.128s] Level 1:colcon.colcon_core.package_identification:_identify(src/tugbot_bringup) by extensions ['colcon_pkg']
[0.128s] Level 1:colcon.colcon_core.package_identification:_identify(src/tugbot_bringup) by extension 'colcon_pkg'
[0.128s] Level 1:colcon.colcon_core.package_identification:_identify(src/tugbot_bringup) by extensions ['colcon_meta']
[0.128s] Level 1:colcon.colcon_core.package_identification:_identify(src/tugbot_bringup) by extension 'colcon_meta'
[0.128s] Level 1:colcon.colcon_core.package_identification:_identify(src/tugbot_bringup) by extensions ['ros']
[0.128s] Level 1:colcon.colcon_core.package_identification:_identify(src/tugbot_bringup) by extension 'ros'
[0.129s] DEBUG:colcon.colcon_core.package_identification:Package 'src/tugbot_bringup' with type 'ros.ament_cmake' and name 'tugbot_bringup'
[0.129s] Level 1:colcon.colcon_core.package_identification:_identify(src/tugbot_description) by extensions ['ignore', 'ignore_ament_install']
[0.129s] Level 1:colcon.colcon_core.package_identification:_identify(src/tugbot_description) by extension 'ignore'
[0.129s] Level 1:colcon.colcon_core.package_identification:_identify(src/tugbot_description) by extension 'ignore_ament_install'
[0.129s] Level 1:colcon.colcon_core.package_identification:_identify(src/tugbot_description) by extensions ['colcon_pkg']
[0.130s] Level 1:colcon.colcon_core.package_identification:_identify(src/tugbot_description) by extension 'colcon_pkg'
[0.130s] Level 1:colcon.colcon_core.package_identification:_identify(src/tugbot_description) by extensions ['colcon_meta']
[0.130s] Level 1:colcon.colcon_core.package_identification:_identify(src/tugbot_description) by extension 'colcon_meta'
[0.130s] Level 1:colcon.colcon_core.package_identification:_identify(src/tugbot_description) by extensions ['ros']
[0.130s] Level 1:colcon.colcon_core.package_identification:_identify(src/tugbot_description) by extension 'ros'
[0.130s] DEBUG:colcon.colcon_core.package_identification:Package 'src/tugbot_description' with type 'ros.ament_cmake' and name 'tugbot_description'
[0.130s] Level 1:colcon.colcon_core.package_identification:_identify(src/tugbot_exploration) by extensions ['ignore', 'ignore_ament_install']
[0.130s] Level 1:colcon.colcon_core.package_identification:_identify(src/tugbot_exploration) by extension 'ignore'
[0.130s] Level 1:colcon.colcon_core.package_identification:_identify(src/tugbot_exploration) by extension 'ignore_ament_install'
[0.130s] Level 1:colcon.colcon_core.package_identification:_identify(src/tugbot_exploration) by extensions ['colcon_pkg']
[0.130s] Level 1:colcon.colcon_core.package_identification:_identify(src/tugbot_exploration) by extension 'colcon_pkg'
[0.130s] Level 1:colcon.colcon_core.package_identification:_identify(src/tugbot_exploration) by extensions ['colcon_meta']
[0.130s] Level 1:colcon.colcon_core.package_identification:_identify(src/tugbot_exploration) by extension 'colcon_meta'
[0.130s] Level 1:colcon.colcon_core.package_identification:_identify(src/tugbot_exploration) by extensions ['ros']
[0.130s] Level 1:colcon.colcon_core.package_identification:_identify(src/tugbot_exploration) by extension 'ros'
[0.130s] DEBUG:colcon.colcon_core.package_identification:Package 'src/tugbot_exploration' with type 'ros.ament_python' and name 'tugbot_exploration'
[0.131s] Level 1:colcon.colcon_core.package_identification:_identify(src/tugbot_gazebo) by extensions ['ignore', 'ignore_ament_install']
[0.131s] Level 1:colcon.colcon_core.package_identification:_identify(src/tugbot_gazebo) by extension 'ignore'
[0.131s] Level 1:colcon.colcon_core.package_identification:_identify(src/tugbot_gazebo) by extension 'ignore_ament_install'
[0.131s] Level 1:colcon.colcon_core.package_identification:_identify(src/tugbot_gazebo) by extensions ['colcon_pkg']
[0.131s] Level 1:colcon.colcon_core.package_identification:_identify(src/tugbot_gazebo) by extension 'colcon_pkg'
[0.131s] Level 1:colcon.colcon_core.package_identification:_identify(src/tugbot_gazebo) by extensions ['colcon_meta']
[0.131s] Level 1:colcon.colcon_core.package_identification:_identify(src/tugbot_gazebo) by extension 'colcon_meta'
[0.131s] Level 1:colcon.colcon_core.package_identification:_identify(src/tugbot_gazebo) by extensions ['ros']
[0.131s] Level 1:colcon.colcon_core.package_identification:_identify(src/tugbot_gazebo) by extension 'ros'
[0.131s] DEBUG:colcon.colcon_core.package_identification:Package 'src/tugbot_gazebo' with type 'ros.ament_cmake' and name 'tugbot_gazebo'
[0.131s] Level 1:colcon.colcon_core.package_identification:_identify(src/tugbot_navigation) by extensions ['ignore', 'ignore_ament_install']
[0.131s] Level 1:colcon.colcon_core.package_identification:_identify(src/tugbot_navigation) by extension 'ignore'
[0.131s] Level 1:colcon.colcon_core.package_identification:_identify(src/tugbot_navigation) by extension 'ignore_ament_install'
[0.131s] Level 1:colcon.colcon_core.package_identification:_identify(src/tugbot_navigation) by extensions ['colcon_pkg']
[0.131s] Level 1:colcon.colcon_core.package_identification:_identify(src/tugbot_navigation) by extension 'colcon_pkg'
[0.131s] Level 1:colcon.colcon_core.package_identification:_identify(src/tugbot_navigation) by extensions ['colcon_meta']
[0.131s] Level 1:colcon.colcon_core.package_identification:_identify(src/tugbot_navigation) by extension 'colcon_meta'
[0.131s] Level 1:colcon.colcon_core.package_identification:_identify(src/tugbot_navigation) by extensions ['ros']
[0.131s] Level 1:colcon.colcon_core.package_identification:_identify(src/tugbot_navigation) by extension 'ros'
[0.132s] DEBUG:colcon.colcon_core.package_identification:Package 'src/tugbot_navigation' with type 'ros.ament_cmake' and name 'tugbot_navigation'
[0.132s] Level 1:colcon.colcon_core.package_discovery:discover_packages(recursive) using defaults
[0.132s] Level 1:colcon.colcon_core.package_discovery:discover_packages(ignore) discover
[0.132s] Level 1:colcon.colcon_core.package_discovery:discover_packages(ignore) using defaults
[0.132s] Level 1:colcon.colcon_core.package_discovery:discover_packages(path) discover
[0.132s] Level 1:colcon.colcon_core.package_discovery:discover_packages(path) using defaults
[0.143s] INFO:colcon.colcon_core.package_selection:Skipping not selected package 'tugbot_description' in 'src/tugbot_description'
[0.143s] INFO:colcon.colcon_core.package_selection:Skipping not selected package 'tugbot_gazebo' in 'src/tugbot_gazebo'
[0.143s] INFO:colcon.colcon_core.package_selection:Skipping not selected package 'tugbot_navigation' in 'src/tugbot_navigation'
[0.143s] Level 1:colcon.colcon_core.package_discovery:discover_packages(prefix_path) check parameters
[0.143s] Level 1:colcon.colcon_core.package_discovery:discover_packages(prefix_path) discover
[0.147s] DEBUG:colcon.colcon_installed_package_information.package_discovery:Found 5 installed packages in /home/hyh/Desktop/playground_hermes/tugbot_ros2_gazebo/ros2_ws_tugbot_nav_20260514/install
[0.148s] DEBUG:colcon.colcon_installed_package_information.package_discovery:Found 70 installed packages in /home/hyh/ws_moveit/install
[0.150s] DEBUG:colcon.colcon_installed_package_information.package_discovery:Found 516 installed packages in /opt/ros/jazzy
[0.152s] Level 1:colcon.colcon_core.package_discovery:discover_packages(prefix_path) using defaults
[0.204s] Level 5:colcon.colcon_core.verb:set package 'tugbot_exploration' build argument 'cmake_args' from command line to 'None'
[0.204s] Level 5:colcon.colcon_core.verb:set package 'tugbot_exploration' build argument 'cmake_target' from command line to 'None'
[0.204s] Level 5:colcon.colcon_core.verb:set package 'tugbot_exploration' build argument 'cmake_target_skip_unavailable' from command line to 'False'
[0.204s] Level 5:colcon.colcon_core.verb:set package 'tugbot_exploration' build argument 'cmake_clean_cache' from command line to 'False'
[0.204s] Level 5:colcon.colcon_core.verb:set package 'tugbot_exploration' build argument 'cmake_clean_first' from command line to 'False'
[0.204s] Level 5:colcon.colcon_core.verb:set package 'tugbot_exploration' build argument 'cmake_force_configure' from command line to 'False'
[0.204s] Level 5:colcon.colcon_core.verb:set package 'tugbot_exploration' build argument 'ament_cmake_args' from command line to 'None'
[0.204s] Level 5:colcon.colcon_core.verb:set package 'tugbot_exploration' build argument 'catkin_cmake_args' from command line to 'None'
[0.204s] Level 5:colcon.colcon_core.verb:set package 'tugbot_exploration' build argument 'catkin_skip_building_tests' from command line to 'False'
[0.204s] DEBUG:colcon.colcon_core.verb:Building package 'tugbot_exploration' with the following arguments: {'ament_cmake_args': None, 'build_base': '/home/hyh/Desktop/playground_hermes/tugbot_ros2_gazebo/ros2_ws_tugbot_nav_20260514/build/tugbot_exploration', 'catkin_cmake_args': None, 'catkin_skip_building_tests': False, 'cmake_args': None, 'cmake_clean_cache': False, 'cmake_clean_first': False, 'cmake_force_configure': False, 'cmake_target': None, 'cmake_target_skip_unavailable': False, 'install_base': '/home/hyh/Desktop/playground_hermes/tugbot_ros2_gazebo/ros2_ws_tugbot_nav_20260514/install/tugbot_exploration', 'merge_install': False, 'path': '/home/hyh/Desktop/playground_hermes/tugbot_ros2_gazebo/ros2_ws_tugbot_nav_20260514/src/tugbot_exploration', 'symlink_install': True, 'test_result_base': None}
[0.204s] Level 5:colcon.colcon_core.verb:set package 'tugbot_bringup' build argument 'cmake_args' from command line to 'None'
[0.204s] Level 5:colcon.colcon_core.verb:set package 'tugbot_bringup' build argument 'cmake_target' from command line to 'None'
[0.204s] Level 5:colcon.colcon_core.verb:set package 'tugbot_bringup' build argument 'cmake_target_skip_unavailable' from command line to 'False'
[0.204s] Level 5:colcon.colcon_core.verb:set package 'tugbot_bringup' build argument 'cmake_clean_cache' from command line to 'False'
[0.204s] Level 5:colcon.colcon_core.verb:set package 'tugbot_bringup' build argument 'cmake_clean_first' from command line to 'False'
[0.204s] Level 5:colcon.colcon_core.verb:set package 'tugbot_bringup' build argument 'cmake_force_configure' from command line to 'False'
[0.204s] Level 5:colcon.colcon_core.verb:set package 'tugbot_bringup' build argument 'ament_cmake_args' from command line to 'None'
[0.204s] Level 5:colcon.colcon_core.verb:set package 'tugbot_bringup' build argument 'catkin_cmake_args' from command line to 'None'
[0.204s] Level 5:colcon.colcon_core.verb:set package 'tugbot_bringup' build argument 'catkin_skip_building_tests' from command line to 'False'
[0.204s] DEBUG:colcon.colcon_core.verb:Building package 'tugbot_bringup' with the following arguments: {'ament_cmake_args': None, 'build_base': '/home/hyh/Desktop/playground_hermes/tugbot_ros2_gazebo/ros2_ws_tugbot_nav_20260514/build/tugbot_bringup', 'catkin_cmake_args': None, 'catkin_skip_building_tests': False, 'cmake_args': None, 'cmake_clean_cache': False, 'cmake_clean_first': False, 'cmake_force_configure': False, 'cmake_target': None, 'cmake_target_skip_unavailable': False, 'install_base': '/home/hyh/Desktop/playground_hermes/tugbot_ros2_gazebo/ros2_ws_tugbot_nav_20260514/install/tugbot_bringup', 'merge_install': False, 'path': '/home/hyh/Desktop/playground_hermes/tugbot_ros2_gazebo/ros2_ws_tugbot_nav_20260514/src/tugbot_bringup', 'symlink_install': True, 'test_result_base': None}
[0.204s] INFO:colcon.colcon_core.executor:Executing jobs using 'parallel' executor
[0.205s] DEBUG:colcon.colcon_parallel_executor.executor.parallel:run_until_complete
[0.205s] INFO:colcon.colcon_ros.task.ament_python.build:Building ROS package in '/home/hyh/Desktop/playground_hermes/tugbot_ros2_gazebo/ros2_ws_tugbot_nav_20260514/src/tugbot_exploration' with build type 'ament_python'
[0.205s] Level 1:colcon.colcon_core.shell:create_environment_hook('tugbot_exploration', 'ament_prefix_path')
[0.207s] INFO:colcon.colcon_core.plugin_system:Skipping extension 'colcon_core.shell.bat': Not used on non-Windows systems
[0.207s] INFO:colcon.colcon_core.shell:Creating environment hook '/home/hyh/Desktop/playground_hermes/tugbot_ros2_gazebo/ros2_ws_tugbot_nav_20260514/install/tugbot_exploration/share/tugbot_exploration/hook/ament_prefix_path.ps1'
[0.207s] INFO:colcon.colcon_core.shell:Creating environment descriptor '/home/hyh/Desktop/playground_hermes/tugbot_ros2_gazebo/ros2_ws_tugbot_nav_20260514/install/tugbot_exploration/share/tugbot_exploration/hook/ament_prefix_path.dsv'
[0.208s] INFO:colcon.colcon_core.shell:Creating environment hook '/home/hyh/Desktop/playground_hermes/tugbot_ros2_gazebo/ros2_ws_tugbot_nav_20260514/install/tugbot_exploration/share/tugbot_exploration/hook/ament_prefix_path.sh'
[0.208s] INFO:colcon.colcon_core.shell:Skip shell extension 'powershell' for command environment: Not usable outside of PowerShell
[0.208s] DEBUG:colcon.colcon_core.shell:Skip shell extension 'dsv' for command environment
[0.364s] INFO:colcon.colcon_core.task.python.build:Building Python package in '/home/hyh/Desktop/playground_hermes/tugbot_ros2_gazebo/ros2_ws_tugbot_nav_20260514/src/tugbot_exploration'
[0.364s] INFO:colcon.colcon_core.shell:Skip shell extension 'powershell' for command environment: Not usable outside of PowerShell
[0.364s] DEBUG:colcon.colcon_core.shell:Skip shell extension 'dsv' for command environment
[0.792s] DEBUG:colcon.colcon_core.event_handler.log_command:Invoking command in '/home/hyh/Desktop/playground_hermes/tugbot_ros2_gazebo/ros2_ws_tugbot_nav_20260514/build/tugbot_exploration': DEBUGINFOD_URLS=https://debuginfod.ubuntu.com PYTHONPATH=/home/hyh/Desktop/playground_hermes/tugbot_ros2_gazebo/ros2_ws_tugbot_nav_20260514/build/tugbot_exploration/prefix_override:/usr/lib/python3/dist-packages/colcon_core/task/python/colcon_distutils_commands:/home/hyh/Desktop/playground_hermes/tugbot_ros2_gazebo/ros2_ws_tugbot_nav_20260514/install/tugbot_exploration/lib/python3.12/site-packages:${PYTHONPATH} /usr/bin/python3 -W ignore:setup.py install is deprecated -W ignore:easy_install command is deprecated setup.py develop --editable --build-directory /home/hyh/Desktop/playground_hermes/tugbot_ros2_gazebo/ros2_ws_tugbot_nav_20260514/build/tugbot_exploration/build --no-deps symlink_data
[1.262s] Level 1:colcon.colcon_core.shell:create_environment_hook('tugbot_exploration', 'pythonpath_develop')
[1.262s] INFO:colcon.colcon_core.shell:Creating environment hook '/home/hyh/Desktop/playground_hermes/tugbot_ros2_gazebo/ros2_ws_tugbot_nav_20260514/build/tugbot_exploration/share/tugbot_exploration/hook/pythonpath_develop.ps1'
[1.263s] DEBUG:colcon.colcon_core.event_handler.log_command:Invoked command in '/home/hyh/Desktop/playground_hermes/tugbot_ros2_gazebo/ros2_ws_tugbot_nav_20260514/build/tugbot_exploration' returned '0': DEBUGINFOD_URLS=https://debuginfod.ubuntu.com PYTHONPATH=/home/hyh/Desktop/playground_hermes/tugbot_ros2_gazebo/ros2_ws_tugbot_nav_20260514/build/tugbot_exploration/prefix_override:/usr/lib/python3/dist-packages/colcon_core/task/python/colcon_distutils_commands:/home/hyh/Desktop/playground_hermes/tugbot_ros2_gazebo/ros2_ws_tugbot_nav_20260514/install/tugbot_exploration/lib/python3.12/site-packages:${PYTHONPATH} /usr/bin/python3 -W ignore:setup.py install is deprecated -W ignore:easy_install command is deprecated setup.py develop --editable --build-directory /home/hyh/Desktop/playground_hermes/tugbot_ros2_gazebo/ros2_ws_tugbot_nav_20260514/build/tugbot_exploration/build --no-deps symlink_data
[1.263s] INFO:colcon.colcon_core.shell:Creating environment descriptor '/home/hyh/Desktop/playground_hermes/tugbot_ros2_gazebo/ros2_ws_tugbot_nav_20260514/build/tugbot_exploration/share/tugbot_exploration/hook/pythonpath_develop.dsv'
[1.263s] INFO:colcon.colcon_core.shell:Creating environment hook '/home/hyh/Desktop/playground_hermes/tugbot_ros2_gazebo/ros2_ws_tugbot_nav_20260514/build/tugbot_exploration/share/tugbot_exploration/hook/pythonpath_develop.sh'
[1.265s] Level 1:colcon.colcon_core.environment:checking '/home/hyh/Desktop/playground_hermes/tugbot_ros2_gazebo/ros2_ws_tugbot_nav_20260514/install/tugbot_exploration' for CMake module files
[1.265s] Level 1:colcon.colcon_core.environment:checking '/home/hyh/Desktop/playground_hermes/tugbot_ros2_gazebo/ros2_ws_tugbot_nav_20260514/install/tugbot_exploration' for CMake config files
[1.266s] Level 1:colcon.colcon_core.environment:checking '/home/hyh/Desktop/playground_hermes/tugbot_ros2_gazebo/ros2_ws_tugbot_nav_20260514/install/tugbot_exploration/lib'
[1.266s] Level 1:colcon.colcon_core.environment:checking '/home/hyh/Desktop/playground_hermes/tugbot_ros2_gazebo/ros2_ws_tugbot_nav_20260514/install/tugbot_exploration/bin'
[1.266s] Level 1:colcon.colcon_core.environment:checking '/home/hyh/Desktop/playground_hermes/tugbot_ros2_gazebo/ros2_ws_tugbot_nav_20260514/install/tugbot_exploration/lib/pkgconfig/tugbot_exploration.pc'
[1.266s] Level 1:colcon.colcon_core.environment:checking '/home/hyh/Desktop/playground_hermes/tugbot_ros2_gazebo/ros2_ws_tugbot_nav_20260514/install/tugbot_exploration/lib/python3.12/site-packages'
[1.266s] Level 1:colcon.colcon_core.shell:create_environment_hook('tugbot_exploration', 'pythonpath')
[1.266s] INFO:colcon.colcon_core.shell:Creating environment hook '/home/hyh/Desktop/playground_hermes/tugbot_ros2_gazebo/ros2_ws_tugbot_nav_20260514/install/tugbot_exploration/share/tugbot_exploration/hook/pythonpath.ps1'
[1.267s] INFO:colcon.colcon_core.shell:Creating environment descriptor '/home/hyh/Desktop/playground_hermes/tugbot_ros2_gazebo/ros2_ws_tugbot_nav_20260514/install/tugbot_exploration/share/tugbot_exploration/hook/pythonpath.dsv'
[1.267s] INFO:colcon.colcon_core.shell:Creating environment hook '/home/hyh/Desktop/playground_hermes/tugbot_ros2_gazebo/ros2_ws_tugbot_nav_20260514/install/tugbot_exploration/share/tugbot_exploration/hook/pythonpath.sh'
[1.268s] Level 1:colcon.colcon_core.environment:checking '/home/hyh/Desktop/playground_hermes/tugbot_ros2_gazebo/ros2_ws_tugbot_nav_20260514/install/tugbot_exploration/bin'
[1.268s] Level 1:colcon.colcon_core.environment:create_environment_scripts_only(tugbot_exploration)
[1.268s] INFO:colcon.colcon_core.shell:Creating package script '/home/hyh/Desktop/playground_hermes/tugbot_ros2_gazebo/ros2_ws_tugbot_nav_20260514/install/tugbot_exploration/share/tugbot_exploration/package.ps1'
[1.269s] INFO:colcon.colcon_core.shell:Creating package descriptor '/home/hyh/Desktop/playground_hermes/tugbot_ros2_gazebo/ros2_ws_tugbot_nav_20260514/install/tugbot_exploration/share/tugbot_exploration/package.dsv'
[1.269s] INFO:colcon.colcon_core.shell:Creating package script '/home/hyh/Desktop/playground_hermes/tugbot_ros2_gazebo/ros2_ws_tugbot_nav_20260514/install/tugbot_exploration/share/tugbot_exploration/package.sh'
[1.270s] INFO:colcon.colcon_core.shell:Creating package script '/home/hyh/Desktop/playground_hermes/tugbot_ros2_gazebo/ros2_ws_tugbot_nav_20260514/install/tugbot_exploration/share/tugbot_exploration/package.bash'
[1.270s] INFO:colcon.colcon_core.shell:Creating package script '/home/hyh/Desktop/playground_hermes/tugbot_ros2_gazebo/ros2_ws_tugbot_nav_20260514/install/tugbot_exploration/share/tugbot_exploration/package.zsh'
[1.271s] Level 1:colcon.colcon_core.environment:create_file_with_runtime_dependencies(/home/hyh/Desktop/playground_hermes/tugbot_ros2_gazebo/ros2_ws_tugbot_nav_20260514/install/tugbot_exploration/share/colcon-core/packages/tugbot_exploration)
[1.271s] INFO:colcon.colcon_ros.task.ament_cmake.build:Building ROS package in '/home/hyh/Desktop/playground_hermes/tugbot_ros2_gazebo/ros2_ws_tugbot_nav_20260514/src/tugbot_bringup' with build type 'ament_cmake'
[1.272s] INFO:colcon.colcon_cmake.task.cmake.build:Building CMake package in '/home/hyh/Desktop/playground_hermes/tugbot_ros2_gazebo/ros2_ws_tugbot_nav_20260514/src/tugbot_bringup'
[1.272s] INFO:colcon.colcon_core.shell:Skip shell extension 'powershell' for command environment: Not usable outside of PowerShell
[1.272s] DEBUG:colcon.colcon_core.shell:Skip shell extension 'dsv' for command environment
[1.286s] DEBUG:colcon.colcon_core.event_handler.log_command:Invoking command in '/home/hyh/Desktop/playground_hermes/tugbot_ros2_gazebo/ros2_ws_tugbot_nav_20260514/build/tugbot_bringup': AMENT_PREFIX_PATH=/home/hyh/Desktop/playground_hermes/tugbot_ros2_gazebo/ros2_ws_tugbot_nav_20260514/install/tugbot_exploration:/home/hyh/Desktop/playground_hermes/tugbot_ros2_gazebo/ros2_ws_tugbot_nav_20260514/install/tugbot_navigation:/home/hyh/Desktop/playground_hermes/tugbot_ros2_gazebo/ros2_ws_tugbot_nav_20260514/install/tugbot_gazebo:/home/hyh/Desktop/playground_hermes/tugbot_ros2_gazebo/ros2_ws_tugbot_nav_20260514/install/tugbot_bringup:/home/hyh/Desktop/playground_hermes/tugbot_ros2_gazebo/ros2_ws_tugbot_nav_20260514/install/tugbot_description:/home/hyh/ws_moveit/install/robotiq_hardware_tests:/home/hyh/ws_moveit/install/robotiq_driver:/home/hyh/ws_moveit/install/serial:/home/hyh/ws_moveit/install/moveit2_tutorials:/home/hyh/ws_moveit/install/moveit_visual_tools:/home/hyh/ws_moveit/install/rviz_visual_tools:/home/hyh/ws_moveit/install/moveit_task_constructor_visualization:/home/hyh/ws_moveit/install/moveit_task_constructor_demo:/home/hyh/ws_moveit/install/moveit_task_constructor_capabilities:/home/hyh/ws_moveit/install/moveit_task_constructor_core:/home/hyh/ws_moveit/install/rviz_marker_tools:/home/hyh/ws_moveit/install/kortex_bringup:/home/hyh/ws_moveit/install/kinova_gen3_lite_moveit_config:/home/hyh/ws_moveit/install/kinova_gen3_7dof_robotiq_2f_85_moveit_config:/home/hyh/ws_moveit/install/kinova_gen3_6dof_robotiq_2f_85_moveit_config:/home/hyh/ws_moveit/install/kortex_description:/home/hyh/ws_moveit/install/robotiq_description:/home/hyh/ws_moveit/install/robotiq_controllers:/home/hyh/ws_moveit/install/pilz_industrial_motion_planner_testutils:/home/hyh/ws_moveit/install/moveit_runtime:/home/hyh/ws_moveit/install/moveit:/home/hyh/ws_moveit/install/moveit_planners:/home/hyh/ws_moveit/install/pilz_industrial_motion_planner:/home/hyh/ws_moveit/install/moveit_task_constructor_msgs:/home/hyh/ws_moveit/install/moveit_ros_control_interface:/home/hyh/ws_moveit/install/moveit_plugins:/home/hyh/ws_moveit/install/moveit_simple_controller_manager:/home/hyh/ws_moveit/install/moveit_setup_assistant:/home/hyh/ws_moveit/install/moveit_setup_srdf_plugins:/home/hyh/ws_moveit/install/moveit_setup_core_plugins:/home/hyh/ws_moveit/install/moveit_setup_controllers:/home/hyh/ws_moveit/install/moveit_setup_app_plugins:/home/hyh/ws_moveit/install/moveit_setup_framework:/home/hyh/ws_moveit/install/moveit_servo:/home/hyh/ws_moveit/install/moveit_ros_trajectory_cache:/home/hyh/ws_moveit/install/moveit_ros:/home/hyh/ws_moveit/install/moveit_ros_visualization:/home/hyh/ws_moveit/install/moveit_py:/home/hyh/ws_moveit/install/moveit_hybrid_planning:/home/hyh/ws_moveit/install/moveit_ros_planning_interface:/home/hyh/ws_moveit/install/moveit_ros_benchmarks:/home/hyh/ws_moveit/install/moveit_ros_warehouse:/home/hyh/ws_moveit/install/moveit_ros_robot_interaction:/home/hyh/ws_moveit/install/moveit_ros_perception:/home/hyh/ws_moveit/install/moveit_resources_prbt_pg70_support:/home/hyh/ws_moveit/install/moveit_resources_prbt_moveit_config:/home/hyh/ws_moveit/install/moveit_ros_move_group:/home/hyh/ws_moveit/install/moveit_planners_ompl:/home/hyh/ws_moveit/install/moveit_kinematics:/home/hyh/ws_moveit/install/moveit_ros_planning:/home/hyh/ws_moveit/install/moveit_ros_occupancy_map_monitor:/home/hyh/ws_moveit/install/moveit_resources_prbt_support:/home/hyh/ws_moveit/install/moveit_resources_prbt_ikfast_manipulator_plugin:/home/hyh/ws_moveit/install/moveit_resources:/home/hyh/ws_moveit/install/moveit_resources_pr2_description:/home/hyh/ws_moveit/install/moveit_resources_panda_moveit_config:/home/hyh/ws_moveit/install/dual_arm_panda_moveit_config:/home/hyh/ws_moveit/install/moveit_resources_panda_description:/home/hyh/ws_moveit/install/moveit_resources_fanuc_moveit_config:/home/hyh/ws_moveit/install/moveit_resources_fanuc_description:/home/hyh/ws_moveit/install/moveit_planners_stomp:/home/hyh/ws_moveit/install/moveit_planners_chomp:/home/hyh/ws_moveit/install/chomp_motion_planner:/home/hyh/ws_moveit/install/moveit_core:/home/hyh/ws_moveit/install/moveit_msgs:/home/hyh/ws_moveit/install/moveit_configs_utils:/home/hyh/ws_moveit/install/moveit_common:/home/hyh/ws_moveit/install/kortex_driver:/home/hyh/ws_moveit/install/kortex_api:/opt/ros/jazzy CMAKE_PREFIX_PATH=${CMAKE_PREFIX_PATH}:/home/hyh/Desktop/playground_hermes/tugbot_ros2_gazebo/ros2_ws_tugbot_nav_20260514/install/tugbot_exploration:/home/hyh/ws_moveit/install/moveit_configs_utils:/opt/ros/jazzy DEBUGINFOD_URLS=https://debuginfod.ubuntu.com /usr/bin/cmake --build /home/hyh/Desktop/playground_hermes/tugbot_ros2_gazebo/ros2_ws_tugbot_nav_20260514/build/tugbot_bringup -- -j8 -l8
[1.344s] DEBUG:colcon.colcon_core.event_handler.log_command:Invoked command in '/home/hyh/Desktop/playground_hermes/tugbot_ros2_gazebo/ros2_ws_tugbot_nav_20260514/build/tugbot_bringup' returned '0': AMENT_PREFIX_PATH=/home/hyh/Desktop/playground_hermes/tugbot_ros2_gazebo/ros2_ws_tugbot_nav_20260514/install/tugbot_exploration:/home/hyh/Desktop/playground_hermes/tugbot_ros2_gazebo/ros2_ws_tugbot_nav_20260514/install/tugbot_navigation:/home/hyh/Desktop/playground_hermes/tugbot_ros2_gazebo/ros2_ws_tugbot_nav_20260514/install/tugbot_gazebo:/home/hyh/Desktop/playground_hermes/tugbot_ros2_gazebo/ros2_ws_tugbot_nav_20260514/install/tugbot_bringup:/home/hyh/Desktop/playground_hermes/tugbot_ros2_gazebo/ros2_ws_tugbot_nav_20260514/install/tugbot_description:/home/hyh/ws_moveit/install/robotiq_hardware_tests:/home/hyh/ws_moveit/install/robotiq_driver:/home/hyh/ws_moveit/install/serial:/home/hyh/ws_moveit/install/moveit2_tutorials:/home/hyh/ws_moveit/install/moveit_visual_tools:/home/hyh/ws_moveit/install/rviz_visual_tools:/home/hyh/ws_moveit/install/moveit_task_constructor_visualization:/home/hyh/ws_moveit/install/moveit_task_constructor_demo:/home/hyh/ws_moveit/install/moveit_task_constructor_capabilities:/home/hyh/ws_moveit/install/moveit_task_constructor_core:/home/hyh/ws_moveit/install/rviz_marker_tools:/home/hyh/ws_moveit/install/kortex_bringup:/home/hyh/ws_moveit/install/kinova_gen3_lite_moveit_config:/home/hyh/ws_moveit/install/kinova_gen3_7dof_robotiq_2f_85_moveit_config:/home/hyh/ws_moveit/install/kinova_gen3_6dof_robotiq_2f_85_moveit_config:/home/hyh/ws_moveit/install/kortex_description:/home/hyh/ws_moveit/install/robotiq_description:/home/hyh/ws_moveit/install/robotiq_controllers:/home/hyh/ws_moveit/install/pilz_industrial_motion_planner_testutils:/home/hyh/ws_moveit/install/moveit_runtime:/home/hyh/ws_moveit/install/moveit:/home/hyh/ws_moveit/install/moveit_planners:/home/hyh/ws_moveit/install/pilz_industrial_motion_planner:/home/hyh/ws_moveit/install/moveit_task_constructor_msgs:/home/hyh/ws_moveit/install/moveit_ros_control_interface:/home/hyh/ws_moveit/install/moveit_plugins:/home/hyh/ws_moveit/install/moveit_simple_controller_manager:/home/hyh/ws_moveit/install/moveit_setup_assistant:/home/hyh/ws_moveit/install/moveit_setup_srdf_plugins:/home/hyh/ws_moveit/install/moveit_setup_core_plugins:/home/hyh/ws_moveit/install/moveit_setup_controllers:/home/hyh/ws_moveit/install/moveit_setup_app_plugins:/home/hyh/ws_moveit/install/moveit_setup_framework:/home/hyh/ws_moveit/install/moveit_servo:/home/hyh/ws_moveit/install/moveit_ros_trajectory_cache:/home/hyh/ws_moveit/install/moveit_ros:/home/hyh/ws_moveit/install/moveit_ros_visualization:/home/hyh/ws_moveit/install/moveit_py:/home/hyh/ws_moveit/install/moveit_hybrid_planning:/home/hyh/ws_moveit/install/moveit_ros_planning_interface:/home/hyh/ws_moveit/install/moveit_ros_benchmarks:/home/hyh/ws_moveit/install/moveit_ros_warehouse:/home/hyh/ws_moveit/install/moveit_ros_robot_interaction:/home/hyh/ws_moveit/install/moveit_ros_perception:/home/hyh/ws_moveit/install/moveit_resources_prbt_pg70_support:/home/hyh/ws_moveit/install/moveit_resources_prbt_moveit_config:/home/hyh/ws_moveit/install/moveit_ros_move_group:/home/hyh/ws_moveit/install/moveit_planners_ompl:/home/hyh/ws_moveit/install/moveit_kinematics:/home/hyh/ws_moveit/install/moveit_ros_planning:/home/hyh/ws_moveit/install/moveit_ros_occupancy_map_monitor:/home/hyh/ws_moveit/install/moveit_resources_prbt_support:/home/hyh/ws_moveit/install/moveit_resources_prbt_ikfast_manipulator_plugin:/home/hyh/ws_moveit/install/moveit_resources:/home/hyh/ws_moveit/install/moveit_resources_pr2_description:/home/hyh/ws_moveit/install/moveit_resources_panda_moveit_config:/home/hyh/ws_moveit/install/dual_arm_panda_moveit_config:/home/hyh/ws_moveit/install/moveit_resources_panda_description:/home/hyh/ws_moveit/install/moveit_resources_fanuc_moveit_config:/home/hyh/ws_moveit/install/moveit_resources_fanuc_description:/home/hyh/ws_moveit/install/moveit_planners_stomp:/home/hyh/ws_moveit/install/moveit_planners_chomp:/home/hyh/ws_moveit/install/chomp_motion_planner:/home/hyh/ws_moveit/install/moveit_core:/home/hyh/ws_moveit/install/moveit_msgs:/home/hyh/ws_moveit/install/moveit_configs_utils:/home/hyh/ws_moveit/install/moveit_common:/home/hyh/ws_moveit/install/kortex_driver:/home/hyh/ws_moveit/install/kortex_api:/opt/ros/jazzy CMAKE_PREFIX_PATH=${CMAKE_PREFIX_PATH}:/home/hyh/Desktop/playground_hermes/tugbot_ros2_gazebo/ros2_ws_tugbot_nav_20260514/install/tugbot_exploration:/home/hyh/ws_moveit/install/moveit_configs_utils:/opt/ros/jazzy DEBUGINFOD_URLS=https://debuginfod.ubuntu.com /usr/bin/cmake --build /home/hyh/Desktop/playground_hermes/tugbot_ros2_gazebo/ros2_ws_tugbot_nav_20260514/build/tugbot_bringup -- -j8 -l8
[1.356s] DEBUG:colcon.colcon_core.event_handler.log_command:Invoking command in '/home/hyh/Desktop/playground_hermes/tugbot_ros2_gazebo/ros2_ws_tugbot_nav_20260514/build/tugbot_bringup': AMENT_PREFIX_PATH=/home/hyh/Desktop/playground_hermes/tugbot_ros2_gazebo/ros2_ws_tugbot_nav_20260514/install/tugbot_exploration:/home/hyh/Desktop/playground_hermes/tugbot_ros2_gazebo/ros2_ws_tugbot_nav_20260514/install/tugbot_navigation:/home/hyh/Desktop/playground_hermes/tugbot_ros2_gazebo/ros2_ws_tugbot_nav_20260514/install/tugbot_gazebo:/home/hyh/Desktop/playground_hermes/tugbot_ros2_gazebo/ros2_ws_tugbot_nav_20260514/install/tugbot_bringup:/home/hyh/Desktop/playground_hermes/tugbot_ros2_gazebo/ros2_ws_tugbot_nav_20260514/install/tugbot_description:/home/hyh/ws_moveit/install/robotiq_hardware_tests:/home/hyh/ws_moveit/install/robotiq_driver:/home/hyh/ws_moveit/install/serial:/home/hyh/ws_moveit/install/moveit2_tutorials:/home/hyh/ws_moveit/install/moveit_visual_tools:/home/hyh/ws_moveit/install/rviz_visual_tools:/home/hyh/ws_moveit/install/moveit_task_constructor_visualization:/home/hyh/ws_moveit/install/moveit_task_constructor_demo:/home/hyh/ws_moveit/install/moveit_task_constructor_capabilities:/home/hyh/ws_moveit/install/moveit_task_constructor_core:/home/hyh/ws_moveit/install/rviz_marker_tools:/home/hyh/ws_moveit/install/kortex_bringup:/home/hyh/ws_moveit/install/kinova_gen3_lite_moveit_config:/home/hyh/ws_moveit/install/kinova_gen3_7dof_robotiq_2f_85_moveit_config:/home/hyh/ws_moveit/install/kinova_gen3_6dof_robotiq_2f_85_moveit_config:/home/hyh/ws_moveit/install/kortex_description:/home/hyh/ws_moveit/install/robotiq_description:/home/hyh/ws_moveit/install/robotiq_controllers:/home/hyh/ws_moveit/install/pilz_industrial_motion_planner_testutils:/home/hyh/ws_moveit/install/moveit_runtime:/home/hyh/ws_moveit/install/moveit:/home/hyh/ws_moveit/install/moveit_planners:/home/hyh/ws_moveit/install/pilz_industrial_motion_planner:/home/hyh/ws_moveit/install/moveit_task_constructor_msgs:/home/hyh/ws_moveit/install/moveit_ros_control_interface:/home/hyh/ws_moveit/install/moveit_plugins:/home/hyh/ws_moveit/install/moveit_simple_controller_manager:/home/hyh/ws_moveit/install/moveit_setup_assistant:/home/hyh/ws_moveit/install/moveit_setup_srdf_plugins:/home/hyh/ws_moveit/install/moveit_setup_core_plugins:/home/hyh/ws_moveit/install/moveit_setup_controllers:/home/hyh/ws_moveit/install/moveit_setup_app_plugins:/home/hyh/ws_moveit/install/moveit_setup_framework:/home/hyh/ws_moveit/install/moveit_servo:/home/hyh/ws_moveit/install/moveit_ros_trajectory_cache:/home/hyh/ws_moveit/install/moveit_ros:/home/hyh/ws_moveit/install/moveit_ros_visualization:/home/hyh/ws_moveit/install/moveit_py:/home/hyh/ws_moveit/install/moveit_hybrid_planning:/home/hyh/ws_moveit/install/moveit_ros_planning_interface:/home/hyh/ws_moveit/install/moveit_ros_benchmarks:/home/hyh/ws_moveit/install/moveit_ros_warehouse:/home/hyh/ws_moveit/install/moveit_ros_robot_interaction:/home/hyh/ws_moveit/install/moveit_ros_perception:/home/hyh/ws_moveit/install/moveit_resources_prbt_pg70_support:/home/hyh/ws_moveit/install/moveit_resources_prbt_moveit_config:/home/hyh/ws_moveit/install/moveit_ros_move_group:/home/hyh/ws_moveit/install/moveit_planners_ompl:/home/hyh/ws_moveit/install/moveit_kinematics:/home/hyh/ws_moveit/install/moveit_ros_planning:/home/hyh/ws_moveit/install/moveit_ros_occupancy_map_monitor:/home/hyh/ws_moveit/install/moveit_resources_prbt_support:/home/hyh/ws_moveit/install/moveit_resources_prbt_ikfast_manipulator_plugin:/home/hyh/ws_moveit/install/moveit_resources:/home/hyh/ws_moveit/install/moveit_resources_pr2_description:/home/hyh/ws_moveit/install/moveit_resources_panda_moveit_config:/home/hyh/ws_moveit/install/dual_arm_panda_moveit_config:/home/hyh/ws_moveit/install/moveit_resources_panda_description:/home/hyh/ws_moveit/install/moveit_resources_fanuc_moveit_config:/home/hyh/ws_moveit/install/moveit_resources_fanuc_description:/home/hyh/ws_moveit/install/moveit_planners_stomp:/home/hyh/ws_moveit/install/moveit_planners_chomp:/home/hyh/ws_moveit/install/chomp_motion_planner:/home/hyh/ws_moveit/install/moveit_core:/home/hyh/ws_moveit/install/moveit_msgs:/home/hyh/ws_moveit/install/moveit_configs_utils:/home/hyh/ws_moveit/install/moveit_common:/home/hyh/ws_moveit/install/kortex_driver:/home/hyh/ws_moveit/install/kortex_api:/opt/ros/jazzy CMAKE_PREFIX_PATH=${CMAKE_PREFIX_PATH}:/home/hyh/Desktop/playground_hermes/tugbot_ros2_gazebo/ros2_ws_tugbot_nav_20260514/install/tugbot_exploration:/home/hyh/ws_moveit/install/moveit_configs_utils:/opt/ros/jazzy DEBUGINFOD_URLS=https://debuginfod.ubuntu.com /usr/bin/cmake --install /home/hyh/Desktop/playground_hermes/tugbot_ros2_gazebo/ros2_ws_tugbot_nav_20260514/build/tugbot_bringup
[1.382s] Level 1:colcon.colcon_core.environment:create_environment_scripts_only(tugbot_bringup)
[1.382s] Level 1:colcon.colcon_core.environment:checking '/home/hyh/Desktop/playground_hermes/tugbot_ros2_gazebo/ros2_ws_tugbot_nav_20260514/install/tugbot_bringup' for CMake module files
[1.383s] DEBUG:colcon.colcon_core.event_handler.log_command:Invoked command in '/home/hyh/Desktop/playground_hermes/tugbot_ros2_gazebo/ros2_ws_tugbot_nav_20260514/build/tugbot_bringup' returned '0': AMENT_PREFIX_PATH=/home/hyh/Desktop/playground_hermes/tugbot_ros2_gazebo/ros2_ws_tugbot_nav_20260514/install/tugbot_exploration:/home/hyh/Desktop/playground_hermes/tugbot_ros2_gazebo/ros2_ws_tugbot_nav_20260514/install/tugbot_navigation:/home/hyh/Desktop/playground_hermes/tugbot_ros2_gazebo/ros2_ws_tugbot_nav_20260514/install/tugbot_gazebo:/home/hyh/Desktop/playground_hermes/tugbot_ros2_gazebo/ros2_ws_tugbot_nav_20260514/install/tugbot_bringup:/home/hyh/Desktop/playground_hermes/tugbot_ros2_gazebo/ros2_ws_tugbot_nav_20260514/install/tugbot_description:/home/hyh/ws_moveit/install/robotiq_hardware_tests:/home/hyh/ws_moveit/install/robotiq_driver:/home/hyh/ws_moveit/install/serial:/home/hyh/ws_moveit/install/moveit2_tutorials:/home/hyh/ws_moveit/install/moveit_visual_tools:/home/hyh/ws_moveit/install/rviz_visual_tools:/home/hyh/ws_moveit/install/moveit_task_constructor_visualization:/home/hyh/ws_moveit/install/moveit_task_constructor_demo:/home/hyh/ws_moveit/install/moveit_task_constructor_capabilities:/home/hyh/ws_moveit/install/moveit_task_constructor_core:/home/hyh/ws_moveit/install/rviz_marker_tools:/home/hyh/ws_moveit/install/kortex_bringup:/home/hyh/ws_moveit/install/kinova_gen3_lite_moveit_config:/home/hyh/ws_moveit/install/kinova_gen3_7dof_robotiq_2f_85_moveit_config:/home/hyh/ws_moveit/install/kinova_gen3_6dof_robotiq_2f_85_moveit_config:/home/hyh/ws_moveit/install/kortex_description:/home/hyh/ws_moveit/install/robotiq_description:/home/hyh/ws_moveit/install/robotiq_controllers:/home/hyh/ws_moveit/install/pilz_industrial_motion_planner_testutils:/home/hyh/ws_moveit/install/moveit_runtime:/home/hyh/ws_moveit/install/moveit:/home/hyh/ws_moveit/install/moveit_planners:/home/hyh/ws_moveit/install/pilz_industrial_motion_planner:/home/hyh/ws_moveit/install/moveit_task_constructor_msgs:/home/hyh/ws_moveit/install/moveit_ros_control_interface:/home/hyh/ws_moveit/install/moveit_plugins:/home/hyh/ws_moveit/install/moveit_simple_controller_manager:/home/hyh/ws_moveit/install/moveit_setup_assistant:/home/hyh/ws_moveit/install/moveit_setup_srdf_plugins:/home/hyh/ws_moveit/install/moveit_setup_core_plugins:/home/hyh/ws_moveit/install/moveit_setup_controllers:/home/hyh/ws_moveit/install/moveit_setup_app_plugins:/home/hyh/ws_moveit/install/moveit_setup_framework:/home/hyh/ws_moveit/install/moveit_servo:/home/hyh/ws_moveit/install/moveit_ros_trajectory_cache:/home/hyh/ws_moveit/install/moveit_ros:/home/hyh/ws_moveit/install/moveit_ros_visualization:/home/hyh/ws_moveit/install/moveit_py:/home/hyh/ws_moveit/install/moveit_hybrid_planning:/home/hyh/ws_moveit/install/moveit_ros_planning_interface:/home/hyh/ws_moveit/install/moveit_ros_benchmarks:/home/hyh/ws_moveit/install/moveit_ros_warehouse:/home/hyh/ws_moveit/install/moveit_ros_robot_interaction:/home/hyh/ws_moveit/install/moveit_ros_perception:/home/hyh/ws_moveit/install/moveit_resources_prbt_pg70_support:/home/hyh/ws_moveit/install/moveit_resources_prbt_moveit_config:/home/hyh/ws_moveit/install/moveit_ros_move_group:/home/hyh/ws_moveit/install/moveit_planners_ompl:/home/hyh/ws_moveit/install/moveit_kinematics:/home/hyh/ws_moveit/install/moveit_ros_planning:/home/hyh/ws_moveit/install/moveit_ros_occupancy_map_monitor:/home/hyh/ws_moveit/install/moveit_resources_prbt_support:/home/hyh/ws_moveit/install/moveit_resources_prbt_ikfast_manipulator_plugin:/home/hyh/ws_moveit/install/moveit_resources:/home/hyh/ws_moveit/install/moveit_resources_pr2_description:/home/hyh/ws_moveit/install/moveit_resources_panda_moveit_config:/home/hyh/ws_moveit/install/dual_arm_panda_moveit_config:/home/hyh/ws_moveit/install/moveit_resources_panda_description:/home/hyh/ws_moveit/install/moveit_resources_fanuc_moveit_config:/home/hyh/ws_moveit/install/moveit_resources_fanuc_description:/home/hyh/ws_moveit/install/moveit_planners_stomp:/home/hyh/ws_moveit/install/moveit_planners_chomp:/home/hyh/ws_moveit/install/chomp_motion_planner:/home/hyh/ws_moveit/install/moveit_core:/home/hyh/ws_moveit/install/moveit_msgs:/home/hyh/ws_moveit/install/moveit_configs_utils:/home/hyh/ws_moveit/install/moveit_common:/home/hyh/ws_moveit/install/kortex_driver:/home/hyh/ws_moveit/install/kortex_api:/opt/ros/jazzy CMAKE_PREFIX_PATH=${CMAKE_PREFIX_PATH}:/home/hyh/Desktop/playground_hermes/tugbot_ros2_gazebo/ros2_ws_tugbot_nav_20260514/install/tugbot_exploration:/home/hyh/ws_moveit/install/moveit_configs_utils:/opt/ros/jazzy DEBUGINFOD_URLS=https://debuginfod.ubuntu.com /usr/bin/cmake --install /home/hyh/Desktop/playground_hermes/tugbot_ros2_gazebo/ros2_ws_tugbot_nav_20260514/build/tugbot_bringup
[1.383s] Level 1:colcon.colcon_core.environment:checking '/home/hyh/Desktop/playground_hermes/tugbot_ros2_gazebo/ros2_ws_tugbot_nav_20260514/install/tugbot_bringup' for CMake config files
[1.384s] Level 1:colcon.colcon_core.shell:create_environment_hook('tugbot_bringup', 'cmake_prefix_path')
[1.384s] INFO:colcon.colcon_core.shell:Creating environment hook '/home/hyh/Desktop/playground_hermes/tugbot_ros2_gazebo/ros2_ws_tugbot_nav_20260514/install/tugbot_bringup/share/tugbot_bringup/hook/cmake_prefix_path.ps1'
[1.384s] INFO:colcon.colcon_core.shell:Creating environment descriptor '/home/hyh/Desktop/playground_hermes/tugbot_ros2_gazebo/ros2_ws_tugbot_nav_20260514/install/tugbot_bringup/share/tugbot_bringup/hook/cmake_prefix_path.dsv'
[1.384s] INFO:colcon.colcon_core.shell:Creating environment hook '/home/hyh/Desktop/playground_hermes/tugbot_ros2_gazebo/ros2_ws_tugbot_nav_20260514/install/tugbot_bringup/share/tugbot_bringup/hook/cmake_prefix_path.sh'
[1.385s] Level 1:colcon.colcon_core.environment:checking '/home/hyh/Desktop/playground_hermes/tugbot_ros2_gazebo/ros2_ws_tugbot_nav_20260514/install/tugbot_bringup/bin'
[1.385s] Level 1:colcon.colcon_core.environment:checking '/home/hyh/Desktop/playground_hermes/tugbot_ros2_gazebo/ros2_ws_tugbot_nav_20260514/install/tugbot_bringup/lib/pkgconfig/tugbot_bringup.pc'
[1.385s] Level 1:colcon.colcon_core.environment:checking '/home/hyh/Desktop/playground_hermes/tugbot_ros2_gazebo/ros2_ws_tugbot_nav_20260514/install/tugbot_bringup/lib/python3.12/site-packages'
[1.385s] Level 1:colcon.colcon_core.environment:checking '/home/hyh/Desktop/playground_hermes/tugbot_ros2_gazebo/ros2_ws_tugbot_nav_20260514/install/tugbot_bringup/bin'
[1.385s] INFO:colcon.colcon_core.shell:Creating package script '/home/hyh/Desktop/playground_hermes/tugbot_ros2_gazebo/ros2_ws_tugbot_nav_20260514/install/tugbot_bringup/share/tugbot_bringup/package.ps1'
[1.386s] INFO:colcon.colcon_core.shell:Creating package descriptor '/home/hyh/Desktop/playground_hermes/tugbot_ros2_gazebo/ros2_ws_tugbot_nav_20260514/install/tugbot_bringup/share/tugbot_bringup/package.dsv'
[1.386s] INFO:colcon.colcon_core.shell:Creating package script '/home/hyh/Desktop/playground_hermes/tugbot_ros2_gazebo/ros2_ws_tugbot_nav_20260514/install/tugbot_bringup/share/tugbot_bringup/package.sh'
[1.387s] INFO:colcon.colcon_core.shell:Creating package script '/home/hyh/Desktop/playground_hermes/tugbot_ros2_gazebo/ros2_ws_tugbot_nav_20260514/install/tugbot_bringup/share/tugbot_bringup/package.bash'
[1.387s] INFO:colcon.colcon_core.shell:Creating package script '/home/hyh/Desktop/playground_hermes/tugbot_ros2_gazebo/ros2_ws_tugbot_nav_20260514/install/tugbot_bringup/share/tugbot_bringup/package.zsh'
[1.387s] Level 1:colcon.colcon_core.environment:create_file_with_runtime_dependencies(/home/hyh/Desktop/playground_hermes/tugbot_ros2_gazebo/ros2_ws_tugbot_nav_20260514/install/tugbot_bringup/share/colcon-core/packages/tugbot_bringup)
[1.388s] Level 1:colcon.colcon_core.environment:create_environment_scripts_only(tugbot_bringup)
[1.388s] Level 1:colcon.colcon_core.environment:checking '/home/hyh/Desktop/playground_hermes/tugbot_ros2_gazebo/ros2_ws_tugbot_nav_20260514/install/tugbot_bringup' for CMake module files
[1.388s] Level 1:colcon.colcon_core.environment:checking '/home/hyh/Desktop/playground_hermes/tugbot_ros2_gazebo/ros2_ws_tugbot_nav_20260514/install/tugbot_bringup' for CMake config files
[1.388s] Level 1:colcon.colcon_core.shell:create_environment_hook('tugbot_bringup', 'cmake_prefix_path')
[1.388s] INFO:colcon.colcon_core.shell:Creating environment hook '/home/hyh/Desktop/playground_hermes/tugbot_ros2_gazebo/ros2_ws_tugbot_nav_20260514/install/tugbot_bringup/share/tugbot_bringup/hook/cmake_prefix_path.ps1'
[1.389s] INFO:colcon.colcon_core.shell:Creating environment descriptor '/home/hyh/Desktop/playground_hermes/tugbot_ros2_gazebo/ros2_ws_tugbot_nav_20260514/install/tugbot_bringup/share/tugbot_bringup/hook/cmake_prefix_path.dsv'
[1.389s] INFO:colcon.colcon_core.shell:Creating environment hook '/home/hyh/Desktop/playground_hermes/tugbot_ros2_gazebo/ros2_ws_tugbot_nav_20260514/install/tugbot_bringup/share/tugbot_bringup/hook/cmake_prefix_path.sh'
[1.389s] Level 1:colcon.colcon_core.environment:checking '/home/hyh/Desktop/playground_hermes/tugbot_ros2_gazebo/ros2_ws_tugbot_nav_20260514/install/tugbot_bringup/bin'
[1.389s] Level 1:colcon.colcon_core.environment:checking '/home/hyh/Desktop/playground_hermes/tugbot_ros2_gazebo/ros2_ws_tugbot_nav_20260514/install/tugbot_bringup/lib/pkgconfig/tugbot_bringup.pc'
[1.390s] Level 1:colcon.colcon_core.environment:checking '/home/hyh/Desktop/playground_hermes/tugbot_ros2_gazebo/ros2_ws_tugbot_nav_20260514/install/tugbot_bringup/lib/python3.12/site-packages'
[1.390s] Level 1:colcon.colcon_core.environment:checking '/home/hyh/Desktop/playground_hermes/tugbot_ros2_gazebo/ros2_ws_tugbot_nav_20260514/install/tugbot_bringup/bin'
[1.390s] INFO:colcon.colcon_core.shell:Creating package script '/home/hyh/Desktop/playground_hermes/tugbot_ros2_gazebo/ros2_ws_tugbot_nav_20260514/install/tugbot_bringup/share/tugbot_bringup/package.ps1'
[1.390s] INFO:colcon.colcon_core.shell:Creating package descriptor '/home/hyh/Desktop/playground_hermes/tugbot_ros2_gazebo/ros2_ws_tugbot_nav_20260514/install/tugbot_bringup/share/tugbot_bringup/package.dsv'
[1.391s] INFO:colcon.colcon_core.shell:Creating package script '/home/hyh/Desktop/playground_hermes/tugbot_ros2_gazebo/ros2_ws_tugbot_nav_20260514/install/tugbot_bringup/share/tugbot_bringup/package.sh'
[1.391s] INFO:colcon.colcon_core.shell:Creating package script '/home/hyh/Desktop/playground_hermes/tugbot_ros2_gazebo/ros2_ws_tugbot_nav_20260514/install/tugbot_bringup/share/tugbot_bringup/package.bash'
[1.391s] INFO:colcon.colcon_core.shell:Creating package script '/home/hyh/Desktop/playground_hermes/tugbot_ros2_gazebo/ros2_ws_tugbot_nav_20260514/install/tugbot_bringup/share/tugbot_bringup/package.zsh'
[1.392s] Level 1:colcon.colcon_core.environment:create_file_with_runtime_dependencies(/home/hyh/Desktop/playground_hermes/tugbot_ros2_gazebo/ros2_ws_tugbot_nav_20260514/install/tugbot_bringup/share/colcon-core/packages/tugbot_bringup)
[1.392s] DEBUG:colcon.colcon_parallel_executor.executor.parallel:closing loop
[1.392s] DEBUG:colcon.colcon_parallel_executor.executor.parallel:loop closed
[1.392s] DEBUG:colcon.colcon_parallel_executor.executor.parallel:run_until_complete finished with '0'
[1.392s] DEBUG:colcon.colcon_core.event_reactor:joining thread
[1.396s] INFO:colcon.colcon_core.plugin_system:Skipping extension 'colcon_notification.desktop_notification.terminal_notifier': Not used on non-Darwin systems
[1.397s] INFO:colcon.colcon_core.plugin_system:Skipping extension 'colcon_notification.desktop_notification.win32': Not used on non-Windows systems
[1.397s] INFO:colcon.colcon_notification.desktop_notification:Sending desktop notification using 'notify2'
[1.408s] DEBUG:colcon.colcon_core.event_reactor:joined thread
[1.408s] INFO:colcon.colcon_core.shell:Creating prefix script '/home/hyh/Desktop/playground_hermes/tugbot_ros2_gazebo/ros2_ws_tugbot_nav_20260514/install/local_setup.ps1'
[1.409s] INFO:colcon.colcon_core.shell:Creating prefix util module '/home/hyh/Desktop/playground_hermes/tugbot_ros2_gazebo/ros2_ws_tugbot_nav_20260514/install/_local_setup_util_ps1.py'
[1.410s] INFO:colcon.colcon_core.shell:Creating prefix chain script '/home/hyh/Desktop/playground_hermes/tugbot_ros2_gazebo/ros2_ws_tugbot_nav_20260514/install/setup.ps1'
[1.412s] INFO:colcon.colcon_core.shell:Creating prefix script '/home/hyh/Desktop/playground_hermes/tugbot_ros2_gazebo/ros2_ws_tugbot_nav_20260514/install/local_setup.sh'
[1.413s] INFO:colcon.colcon_core.shell:Creating prefix util module '/home/hyh/Desktop/playground_hermes/tugbot_ros2_gazebo/ros2_ws_tugbot_nav_20260514/install/_local_setup_util_sh.py'
[1.418s] INFO:colcon.colcon_core.shell:Creating prefix chain script '/home/hyh/Desktop/playground_hermes/tugbot_ros2_gazebo/ros2_ws_tugbot_nav_20260514/install/setup.sh'
[1.423s] INFO:colcon.colcon_core.shell:Creating prefix script '/home/hyh/Desktop/playground_hermes/tugbot_ros2_gazebo/ros2_ws_tugbot_nav_20260514/install/local_setup.bash'
[1.428s] INFO:colcon.colcon_core.shell:Creating prefix chain script '/home/hyh/Desktop/playground_hermes/tugbot_ros2_gazebo/ros2_ws_tugbot_nav_20260514/install/setup.bash'
[1.433s] INFO:colcon.colcon_core.shell:Creating prefix script '/home/hyh/Desktop/playground_hermes/tugbot_ros2_gazebo/ros2_ws_tugbot_nav_20260514/install/local_setup.zsh'
[1.433s] INFO:colcon.colcon_core.shell:Creating prefix chain script '/home/hyh/Desktop/playground_hermes/tugbot_ros2_gazebo/ros2_ws_tugbot_nav_20260514/install/setup.zsh'
