[0.087s] DEBUG:colcon:Command line arguments: ['/usr/bin/colcon', 'build', '--symlink-install']
[0.087s] DEBUG:colcon:Parsed command line arguments: Namespace(log_base=None, log_level=None, verb_name='build', build_base='build', install_base='install', merge_install=False, symlink_install=True, test_result_base=None, continue_on_error=False, executor='parallel', parallel_workers=8, event_handlers=None, ignore_user_meta=False, metas=['./colcon.meta'], base_paths=['.'], packages_ignore=None, packages_ignore_regex=None, paths=None, packages_up_to=None, packages_up_to_regex=None, packages_above=None, packages_above_and_dependencies=None, packages_above_depth=None, packages_select_by_dep=None, packages_skip_by_dep=None, packages_skip_up_to=None, packages_select_build_failed=False, packages_skip_build_finished=False, packages_select_test_failures=False, packages_skip_test_passed=False, packages_select=None, packages_skip=None, packages_select_regex=None, packages_skip_regex=None, packages_start=None, packages_end=None, allow_overriding=[], cmake_args=None, cmake_target=None, cmake_target_skip_unavailable=False, cmake_clean_cache=False, cmake_clean_first=False, cmake_force_configure=False, ament_cmake_args=None, catkin_cmake_args=None, catkin_skip_building_tests=False, mixin_files=None, mixin=None, verb_parser=<colcon_mixin.mixin.mixin_argument.MixinArgumentDecorator object at 0x70349b6c7620>, verb_extension=<colcon_core.verb.build.BuildVerb object at 0x70349b6a3b90>, main=<bound method BuildVerb.main of <colcon_core.verb.build.BuildVerb object at 0x70349b6a3b90>>, mixin_verb=('build',))
[0.119s] Level 1:colcon.colcon_core.package_discovery:discover_packages(colcon_meta) check parameters
[0.119s] Level 1:colcon.colcon_core.package_discovery:discover_packages(recursive) check parameters
[0.119s] Level 1:colcon.colcon_core.package_discovery:discover_packages(ignore) check parameters
[0.120s] Level 1:colcon.colcon_core.package_discovery:discover_packages(path) check parameters
[0.120s] Level 1:colcon.colcon_core.package_discovery:discover_packages(colcon_meta) discover
[0.120s] Level 1:colcon.colcon_core.package_discovery:discover_packages(recursive) discover
[0.120s] INFO:colcon.colcon_core.package_discovery:Crawling recursively for packages in '/home/hyh/Desktop/playground_hermes/tugbot_ros2_gazebo/ros2_ws_tugbot_nav_20260514'
[0.120s] Level 1:colcon.colcon_core.package_identification:_identify(.) by extensions ['ignore', 'ignore_ament_install']
[0.120s] Level 1:colcon.colcon_core.package_identification:_identify(.) by extension 'ignore'
[0.120s] Level 1:colcon.colcon_core.package_identification:_identify(.) by extension 'ignore_ament_install'
[0.120s] Level 1:colcon.colcon_core.package_identification:_identify(.) by extensions ['colcon_pkg']
[0.120s] Level 1:colcon.colcon_core.package_identification:_identify(.) by extension 'colcon_pkg'
[0.120s] Level 1:colcon.colcon_core.package_identification:_identify(.) by extensions ['colcon_meta']
[0.120s] Level 1:colcon.colcon_core.package_identification:_identify(.) by extension 'colcon_meta'
[0.120s] Level 1:colcon.colcon_core.package_identification:_identify(.) by extensions ['ros']
[0.120s] Level 1:colcon.colcon_core.package_identification:_identify(.) by extension 'ros'
[0.140s] Level 1:colcon.colcon_core.package_identification:_identify(.) by extensions ['cmake', 'python']
[0.140s] Level 1:colcon.colcon_core.package_identification:_identify(.) by extension 'cmake'
[0.140s] Level 1:colcon.colcon_core.package_identification:_identify(.) by extension 'python'
[0.140s] Level 1:colcon.colcon_core.package_identification:_identify(.) by extensions ['python_setup_py']
[0.140s] Level 1:colcon.colcon_core.package_identification:_identify(.) by extension 'python_setup_py'
[0.141s] Level 1:colcon.colcon_core.package_identification:_identify(build) by extensions ['ignore', 'ignore_ament_install']
[0.141s] Level 1:colcon.colcon_core.package_identification:_identify(build) by extension 'ignore'
[0.141s] Level 1:colcon.colcon_core.package_identification:_identify(build) ignored
[0.141s] Level 1:colcon.colcon_core.package_identification:_identify(doc) by extensions ['ignore', 'ignore_ament_install']
[0.141s] Level 1:colcon.colcon_core.package_identification:_identify(doc) by extension 'ignore'
[0.141s] Level 1:colcon.colcon_core.package_identification:_identify(doc) by extension 'ignore_ament_install'
[0.141s] Level 1:colcon.colcon_core.package_identification:_identify(doc) by extensions ['colcon_pkg']
[0.141s] Level 1:colcon.colcon_core.package_identification:_identify(doc) by extension 'colcon_pkg'
[0.141s] Level 1:colcon.colcon_core.package_identification:_identify(doc) by extensions ['colcon_meta']
[0.141s] Level 1:colcon.colcon_core.package_identification:_identify(doc) by extension 'colcon_meta'
[0.141s] Level 1:colcon.colcon_core.package_identification:_identify(doc) by extensions ['ros']
[0.141s] Level 1:colcon.colcon_core.package_identification:_identify(doc) by extension 'ros'
[0.141s] Level 1:colcon.colcon_core.package_identification:_identify(doc) by extensions ['cmake', 'python']
[0.141s] Level 1:colcon.colcon_core.package_identification:_identify(doc) by extension 'cmake'
[0.141s] Level 1:colcon.colcon_core.package_identification:_identify(doc) by extension 'python'
[0.141s] Level 1:colcon.colcon_core.package_identification:_identify(doc) by extensions ['python_setup_py']
[0.141s] Level 1:colcon.colcon_core.package_identification:_identify(doc) by extension 'python_setup_py'
[0.141s] Level 1:colcon.colcon_core.package_identification:_identify(doc/doc_diagnosis) by extensions ['ignore', 'ignore_ament_install']
[0.141s] Level 1:colcon.colcon_core.package_identification:_identify(doc/doc_diagnosis) by extension 'ignore'
[0.141s] Level 1:colcon.colcon_core.package_identification:_identify(doc/doc_diagnosis) by extension 'ignore_ament_install'
[0.141s] Level 1:colcon.colcon_core.package_identification:_identify(doc/doc_diagnosis) by extensions ['colcon_pkg']
[0.141s] Level 1:colcon.colcon_core.package_identification:_identify(doc/doc_diagnosis) by extension 'colcon_pkg'
[0.141s] Level 1:colcon.colcon_core.package_identification:_identify(doc/doc_diagnosis) by extensions ['colcon_meta']
[0.141s] Level 1:colcon.colcon_core.package_identification:_identify(doc/doc_diagnosis) by extension 'colcon_meta'
[0.141s] Level 1:colcon.colcon_core.package_identification:_identify(doc/doc_diagnosis) by extensions ['ros']
[0.141s] Level 1:colcon.colcon_core.package_identification:_identify(doc/doc_diagnosis) by extension 'ros'
[0.142s] Level 1:colcon.colcon_core.package_identification:_identify(doc/doc_diagnosis) by extensions ['cmake', 'python']
[0.142s] Level 1:colcon.colcon_core.package_identification:_identify(doc/doc_diagnosis) by extension 'cmake'
[0.142s] Level 1:colcon.colcon_core.package_identification:_identify(doc/doc_diagnosis) by extension 'python'
[0.142s] Level 1:colcon.colcon_core.package_identification:_identify(doc/doc_diagnosis) by extensions ['python_setup_py']
[0.142s] Level 1:colcon.colcon_core.package_identification:_identify(doc/doc_diagnosis) by extension 'python_setup_py'
[0.142s] Level 1:colcon.colcon_core.package_identification:_identify(doc/doc_experience) by extensions ['ignore', 'ignore_ament_install']
[0.142s] Level 1:colcon.colcon_core.package_identification:_identify(doc/doc_experience) by extension 'ignore'
[0.142s] Level 1:colcon.colcon_core.package_identification:_identify(doc/doc_experience) by extension 'ignore_ament_install'
[0.142s] Level 1:colcon.colcon_core.package_identification:_identify(doc/doc_experience) by extensions ['colcon_pkg']
[0.142s] Level 1:colcon.colcon_core.package_identification:_identify(doc/doc_experience) by extension 'colcon_pkg'
[0.142s] Level 1:colcon.colcon_core.package_identification:_identify(doc/doc_experience) by extensions ['colcon_meta']
[0.142s] Level 1:colcon.colcon_core.package_identification:_identify(doc/doc_experience) by extension 'colcon_meta'
[0.142s] Level 1:colcon.colcon_core.package_identification:_identify(doc/doc_experience) by extensions ['ros']
[0.142s] Level 1:colcon.colcon_core.package_identification:_identify(doc/doc_experience) by extension 'ros'
[0.142s] Level 1:colcon.colcon_core.package_identification:_identify(doc/doc_experience) by extensions ['cmake', 'python']
[0.142s] Level 1:colcon.colcon_core.package_identification:_identify(doc/doc_experience) by extension 'cmake'
[0.142s] Level 1:colcon.colcon_core.package_identification:_identify(doc/doc_experience) by extension 'python'
[0.142s] Level 1:colcon.colcon_core.package_identification:_identify(doc/doc_experience) by extensions ['python_setup_py']
[0.142s] Level 1:colcon.colcon_core.package_identification:_identify(doc/doc_experience) by extension 'python_setup_py'
[0.142s] Level 1:colcon.colcon_core.package_identification:_identify(doc/doc_proposal) by extensions ['ignore', 'ignore_ament_install']
[0.142s] Level 1:colcon.colcon_core.package_identification:_identify(doc/doc_proposal) by extension 'ignore'
[0.142s] Level 1:colcon.colcon_core.package_identification:_identify(doc/doc_proposal) by extension 'ignore_ament_install'
[0.142s] Level 1:colcon.colcon_core.package_identification:_identify(doc/doc_proposal) by extensions ['colcon_pkg']
[0.142s] Level 1:colcon.colcon_core.package_identification:_identify(doc/doc_proposal) by extension 'colcon_pkg'
[0.142s] Level 1:colcon.colcon_core.package_identification:_identify(doc/doc_proposal) by extensions ['colcon_meta']
[0.142s] Level 1:colcon.colcon_core.package_identification:_identify(doc/doc_proposal) by extension 'colcon_meta'
[0.142s] Level 1:colcon.colcon_core.package_identification:_identify(doc/doc_proposal) by extensions ['ros']
[0.142s] Level 1:colcon.colcon_core.package_identification:_identify(doc/doc_proposal) by extension 'ros'
[0.142s] Level 1:colcon.colcon_core.package_identification:_identify(doc/doc_proposal) by extensions ['cmake', 'python']
[0.142s] Level 1:colcon.colcon_core.package_identification:_identify(doc/doc_proposal) by extension 'cmake'
[0.142s] Level 1:colcon.colcon_core.package_identification:_identify(doc/doc_proposal) by extension 'python'
[0.142s] Level 1:colcon.colcon_core.package_identification:_identify(doc/doc_proposal) by extensions ['python_setup_py']
[0.142s] Level 1:colcon.colcon_core.package_identification:_identify(doc/doc_proposal) by extension 'python_setup_py'
[0.142s] Level 1:colcon.colcon_core.package_identification:_identify(doc/doc_report) by extensions ['ignore', 'ignore_ament_install']
[0.142s] Level 1:colcon.colcon_core.package_identification:_identify(doc/doc_report) by extension 'ignore'
[0.143s] Level 1:colcon.colcon_core.package_identification:_identify(doc/doc_report) by extension 'ignore_ament_install'
[0.143s] Level 1:colcon.colcon_core.package_identification:_identify(doc/doc_report) by extensions ['colcon_pkg']
[0.143s] Level 1:colcon.colcon_core.package_identification:_identify(doc/doc_report) by extension 'colcon_pkg'
[0.143s] Level 1:colcon.colcon_core.package_identification:_identify(doc/doc_report) by extensions ['colcon_meta']
[0.143s] Level 1:colcon.colcon_core.package_identification:_identify(doc/doc_report) by extension 'colcon_meta'
[0.143s] Level 1:colcon.colcon_core.package_identification:_identify(doc/doc_report) by extensions ['ros']
[0.143s] Level 1:colcon.colcon_core.package_identification:_identify(doc/doc_report) by extension 'ros'
[0.143s] Level 1:colcon.colcon_core.package_identification:_identify(doc/doc_report) by extensions ['cmake', 'python']
[0.143s] Level 1:colcon.colcon_core.package_identification:_identify(doc/doc_report) by extension 'cmake'
[0.143s] Level 1:colcon.colcon_core.package_identification:_identify(doc/doc_report) by extension 'python'
[0.143s] Level 1:colcon.colcon_core.package_identification:_identify(doc/doc_report) by extensions ['python_setup_py']
[0.143s] Level 1:colcon.colcon_core.package_identification:_identify(doc/doc_report) by extension 'python_setup_py'
[0.143s] Level 1:colcon.colcon_core.package_identification:_identify(install) by extensions ['ignore', 'ignore_ament_install']
[0.143s] Level 1:colcon.colcon_core.package_identification:_identify(install) by extension 'ignore'
[0.143s] Level 1:colcon.colcon_core.package_identification:_identify(install) ignored
[0.143s] Level 1:colcon.colcon_core.package_identification:_identify(log) by extensions ['ignore', 'ignore_ament_install']
[0.143s] Level 1:colcon.colcon_core.package_identification:_identify(log) by extension 'ignore'
[0.143s] Level 1:colcon.colcon_core.package_identification:_identify(log) ignored
[0.143s] Level 1:colcon.colcon_core.package_identification:_identify(scripts) by extensions ['ignore', 'ignore_ament_install']
[0.143s] Level 1:colcon.colcon_core.package_identification:_identify(scripts) by extension 'ignore'
[0.143s] Level 1:colcon.colcon_core.package_identification:_identify(scripts) by extension 'ignore_ament_install'
[0.143s] Level 1:colcon.colcon_core.package_identification:_identify(scripts) by extensions ['colcon_pkg']
[0.143s] Level 1:colcon.colcon_core.package_identification:_identify(scripts) by extension 'colcon_pkg'
[0.143s] Level 1:colcon.colcon_core.package_identification:_identify(scripts) by extensions ['colcon_meta']
[0.143s] Level 1:colcon.colcon_core.package_identification:_identify(scripts) by extension 'colcon_meta'
[0.143s] Level 1:colcon.colcon_core.package_identification:_identify(scripts) by extensions ['ros']
[0.143s] Level 1:colcon.colcon_core.package_identification:_identify(scripts) by extension 'ros'
[0.143s] Level 1:colcon.colcon_core.package_identification:_identify(scripts) by extensions ['cmake', 'python']
[0.143s] Level 1:colcon.colcon_core.package_identification:_identify(scripts) by extension 'cmake'
[0.143s] Level 1:colcon.colcon_core.package_identification:_identify(scripts) by extension 'python'
[0.143s] Level 1:colcon.colcon_core.package_identification:_identify(scripts) by extensions ['python_setup_py']
[0.143s] Level 1:colcon.colcon_core.package_identification:_identify(scripts) by extension 'python_setup_py'
[0.143s] Level 1:colcon.colcon_core.package_identification:_identify(src) by extensions ['ignore', 'ignore_ament_install']
[0.144s] Level 1:colcon.colcon_core.package_identification:_identify(src) by extension 'ignore'
[0.144s] Level 1:colcon.colcon_core.package_identification:_identify(src) by extension 'ignore_ament_install'
[0.144s] Level 1:colcon.colcon_core.package_identification:_identify(src) by extensions ['colcon_pkg']
[0.144s] Level 1:colcon.colcon_core.package_identification:_identify(src) by extension 'colcon_pkg'
[0.144s] Level 1:colcon.colcon_core.package_identification:_identify(src) by extensions ['colcon_meta']
[0.144s] Level 1:colcon.colcon_core.package_identification:_identify(src) by extension 'colcon_meta'
[0.144s] Level 1:colcon.colcon_core.package_identification:_identify(src) by extensions ['ros']
[0.144s] Level 1:colcon.colcon_core.package_identification:_identify(src) by extension 'ros'
[0.144s] Level 1:colcon.colcon_core.package_identification:_identify(src) by extensions ['cmake', 'python']
[0.144s] Level 1:colcon.colcon_core.package_identification:_identify(src) by extension 'cmake'
[0.144s] Level 1:colcon.colcon_core.package_identification:_identify(src) by extension 'python'
[0.144s] Level 1:colcon.colcon_core.package_identification:_identify(src) by extensions ['python_setup_py']
[0.144s] Level 1:colcon.colcon_core.package_identification:_identify(src) by extension 'python_setup_py'
[0.144s] Level 1:colcon.colcon_core.package_identification:_identify(src/tugbot_bringup) by extensions ['ignore', 'ignore_ament_install']
[0.144s] Level 1:colcon.colcon_core.package_identification:_identify(src/tugbot_bringup) by extension 'ignore'
[0.144s] Level 1:colcon.colcon_core.package_identification:_identify(src/tugbot_bringup) by extension 'ignore_ament_install'
[0.144s] Level 1:colcon.colcon_core.package_identification:_identify(src/tugbot_bringup) by extensions ['colcon_pkg']
[0.144s] Level 1:colcon.colcon_core.package_identification:_identify(src/tugbot_bringup) by extension 'colcon_pkg'
[0.144s] Level 1:colcon.colcon_core.package_identification:_identify(src/tugbot_bringup) by extensions ['colcon_meta']
[0.144s] Level 1:colcon.colcon_core.package_identification:_identify(src/tugbot_bringup) by extension 'colcon_meta'
[0.144s] Level 1:colcon.colcon_core.package_identification:_identify(src/tugbot_bringup) by extensions ['ros']
[0.144s] Level 1:colcon.colcon_core.package_identification:_identify(src/tugbot_bringup) by extension 'ros'
[0.146s] DEBUG:colcon.colcon_core.package_identification:Package 'src/tugbot_bringup' with type 'ros.ament_cmake' and name 'tugbot_bringup'
[0.146s] Level 1:colcon.colcon_core.package_identification:_identify(src/tugbot_description) by extensions ['ignore', 'ignore_ament_install']
[0.146s] Level 1:colcon.colcon_core.package_identification:_identify(src/tugbot_description) by extension 'ignore'
[0.146s] Level 1:colcon.colcon_core.package_identification:_identify(src/tugbot_description) by extension 'ignore_ament_install'
[0.146s] Level 1:colcon.colcon_core.package_identification:_identify(src/tugbot_description) by extensions ['colcon_pkg']
[0.146s] Level 1:colcon.colcon_core.package_identification:_identify(src/tugbot_description) by extension 'colcon_pkg'
[0.146s] Level 1:colcon.colcon_core.package_identification:_identify(src/tugbot_description) by extensions ['colcon_meta']
[0.146s] Level 1:colcon.colcon_core.package_identification:_identify(src/tugbot_description) by extension 'colcon_meta'
[0.146s] Level 1:colcon.colcon_core.package_identification:_identify(src/tugbot_description) by extensions ['ros']
[0.146s] Level 1:colcon.colcon_core.package_identification:_identify(src/tugbot_description) by extension 'ros'
[0.146s] DEBUG:colcon.colcon_core.package_identification:Package 'src/tugbot_description' with type 'ros.ament_cmake' and name 'tugbot_description'
[0.146s] Level 1:colcon.colcon_core.package_identification:_identify(src/tugbot_gazebo) by extensions ['ignore', 'ignore_ament_install']
[0.147s] Level 1:colcon.colcon_core.package_identification:_identify(src/tugbot_gazebo) by extension 'ignore'
[0.147s] Level 1:colcon.colcon_core.package_identification:_identify(src/tugbot_gazebo) by extension 'ignore_ament_install'
[0.147s] Level 1:colcon.colcon_core.package_identification:_identify(src/tugbot_gazebo) by extensions ['colcon_pkg']
[0.147s] Level 1:colcon.colcon_core.package_identification:_identify(src/tugbot_gazebo) by extension 'colcon_pkg'
[0.147s] Level 1:colcon.colcon_core.package_identification:_identify(src/tugbot_gazebo) by extensions ['colcon_meta']
[0.147s] Level 1:colcon.colcon_core.package_identification:_identify(src/tugbot_gazebo) by extension 'colcon_meta'
[0.147s] Level 1:colcon.colcon_core.package_identification:_identify(src/tugbot_gazebo) by extensions ['ros']
[0.147s] Level 1:colcon.colcon_core.package_identification:_identify(src/tugbot_gazebo) by extension 'ros'
[0.147s] DEBUG:colcon.colcon_core.package_identification:Package 'src/tugbot_gazebo' with type 'ros.ament_cmake' and name 'tugbot_gazebo'
[0.147s] Level 1:colcon.colcon_core.package_identification:_identify(src/tugbot_navigation) by extensions ['ignore', 'ignore_ament_install']
[0.147s] Level 1:colcon.colcon_core.package_identification:_identify(src/tugbot_navigation) by extension 'ignore'
[0.147s] Level 1:colcon.colcon_core.package_identification:_identify(src/tugbot_navigation) by extension 'ignore_ament_install'
[0.147s] Level 1:colcon.colcon_core.package_identification:_identify(src/tugbot_navigation) by extensions ['colcon_pkg']
[0.147s] Level 1:colcon.colcon_core.package_identification:_identify(src/tugbot_navigation) by extension 'colcon_pkg'
[0.147s] Level 1:colcon.colcon_core.package_identification:_identify(src/tugbot_navigation) by extensions ['colcon_meta']
[0.147s] Level 1:colcon.colcon_core.package_identification:_identify(src/tugbot_navigation) by extension 'colcon_meta'
[0.147s] Level 1:colcon.colcon_core.package_identification:_identify(src/tugbot_navigation) by extensions ['ros']
[0.147s] Level 1:colcon.colcon_core.package_identification:_identify(src/tugbot_navigation) by extension 'ros'
[0.148s] DEBUG:colcon.colcon_core.package_identification:Package 'src/tugbot_navigation' with type 'ros.ament_cmake' and name 'tugbot_navigation'
[0.148s] Level 1:colcon.colcon_core.package_discovery:discover_packages(recursive) using defaults
[0.148s] Level 1:colcon.colcon_core.package_discovery:discover_packages(ignore) discover
[0.148s] Level 1:colcon.colcon_core.package_discovery:discover_packages(ignore) using defaults
[0.148s] Level 1:colcon.colcon_core.package_discovery:discover_packages(path) discover
[0.148s] Level 1:colcon.colcon_core.package_discovery:discover_packages(path) using defaults
[0.161s] Level 1:colcon.colcon_core.package_discovery:discover_packages(prefix_path) check parameters
[0.161s] Level 1:colcon.colcon_core.package_discovery:discover_packages(prefix_path) discover
[0.167s] DEBUG:colcon.colcon_installed_package_information.package_discovery:Found 70 installed packages in /home/hyh/ws_moveit/install
[0.169s] DEBUG:colcon.colcon_installed_package_information.package_discovery:Found 516 installed packages in /opt/ros/jazzy
[0.171s] Level 1:colcon.colcon_core.package_discovery:discover_packages(prefix_path) using defaults
[0.228s] Level 5:colcon.colcon_core.verb:set package 'tugbot_bringup' build argument 'cmake_args' from command line to 'None'
[0.228s] Level 5:colcon.colcon_core.verb:set package 'tugbot_bringup' build argument 'cmake_target' from command line to 'None'
[0.228s] Level 5:colcon.colcon_core.verb:set package 'tugbot_bringup' build argument 'cmake_target_skip_unavailable' from command line to 'False'
[0.228s] Level 5:colcon.colcon_core.verb:set package 'tugbot_bringup' build argument 'cmake_clean_cache' from command line to 'False'
[0.228s] Level 5:colcon.colcon_core.verb:set package 'tugbot_bringup' build argument 'cmake_clean_first' from command line to 'False'
[0.228s] Level 5:colcon.colcon_core.verb:set package 'tugbot_bringup' build argument 'cmake_force_configure' from command line to 'False'
[0.228s] Level 5:colcon.colcon_core.verb:set package 'tugbot_bringup' build argument 'ament_cmake_args' from command line to 'None'
[0.228s] Level 5:colcon.colcon_core.verb:set package 'tugbot_bringup' build argument 'catkin_cmake_args' from command line to 'None'
[0.228s] Level 5:colcon.colcon_core.verb:set package 'tugbot_bringup' build argument 'catkin_skip_building_tests' from command line to 'False'
[0.228s] DEBUG:colcon.colcon_core.verb:Building package 'tugbot_bringup' with the following arguments: {'ament_cmake_args': None, 'build_base': '/home/hyh/Desktop/playground_hermes/tugbot_ros2_gazebo/ros2_ws_tugbot_nav_20260514/build/tugbot_bringup', 'catkin_cmake_args': None, 'catkin_skip_building_tests': False, 'cmake_args': None, 'cmake_clean_cache': False, 'cmake_clean_first': False, 'cmake_force_configure': False, 'cmake_target': None, 'cmake_target_skip_unavailable': False, 'install_base': '/home/hyh/Desktop/playground_hermes/tugbot_ros2_gazebo/ros2_ws_tugbot_nav_20260514/install/tugbot_bringup', 'merge_install': False, 'path': '/home/hyh/Desktop/playground_hermes/tugbot_ros2_gazebo/ros2_ws_tugbot_nav_20260514/src/tugbot_bringup', 'symlink_install': True, 'test_result_base': None}
[0.228s] Level 5:colcon.colcon_core.verb:set package 'tugbot_description' build argument 'cmake_args' from command line to 'None'
[0.228s] Level 5:colcon.colcon_core.verb:set package 'tugbot_description' build argument 'cmake_target' from command line to 'None'
[0.228s] Level 5:colcon.colcon_core.verb:set package 'tugbot_description' build argument 'cmake_target_skip_unavailable' from command line to 'False'
[0.228s] Level 5:colcon.colcon_core.verb:set package 'tugbot_description' build argument 'cmake_clean_cache' from command line to 'False'
[0.228s] Level 5:colcon.colcon_core.verb:set package 'tugbot_description' build argument 'cmake_clean_first' from command line to 'False'
[0.228s] Level 5:colcon.colcon_core.verb:set package 'tugbot_description' build argument 'cmake_force_configure' from command line to 'False'
[0.228s] Level 5:colcon.colcon_core.verb:set package 'tugbot_description' build argument 'ament_cmake_args' from command line to 'None'
[0.228s] Level 5:colcon.colcon_core.verb:set package 'tugbot_description' build argument 'catkin_cmake_args' from command line to 'None'
[0.228s] Level 5:colcon.colcon_core.verb:set package 'tugbot_description' build argument 'catkin_skip_building_tests' from command line to 'False'
[0.228s] DEBUG:colcon.colcon_core.verb:Building package 'tugbot_description' with the following arguments: {'ament_cmake_args': None, 'build_base': '/home/hyh/Desktop/playground_hermes/tugbot_ros2_gazebo/ros2_ws_tugbot_nav_20260514/build/tugbot_description', 'catkin_cmake_args': None, 'catkin_skip_building_tests': False, 'cmake_args': None, 'cmake_clean_cache': False, 'cmake_clean_first': False, 'cmake_force_configure': False, 'cmake_target': None, 'cmake_target_skip_unavailable': False, 'install_base': '/home/hyh/Desktop/playground_hermes/tugbot_ros2_gazebo/ros2_ws_tugbot_nav_20260514/install/tugbot_description', 'merge_install': False, 'path': '/home/hyh/Desktop/playground_hermes/tugbot_ros2_gazebo/ros2_ws_tugbot_nav_20260514/src/tugbot_description', 'symlink_install': True, 'test_result_base': None}
[0.228s] Level 5:colcon.colcon_core.verb:set package 'tugbot_gazebo' build argument 'cmake_args' from command line to 'None'
[0.228s] Level 5:colcon.colcon_core.verb:set package 'tugbot_gazebo' build argument 'cmake_target' from command line to 'None'
[0.228s] Level 5:colcon.colcon_core.verb:set package 'tugbot_gazebo' build argument 'cmake_target_skip_unavailable' from command line to 'False'
[0.228s] Level 5:colcon.colcon_core.verb:set package 'tugbot_gazebo' build argument 'cmake_clean_cache' from command line to 'False'
[0.228s] Level 5:colcon.colcon_core.verb:set package 'tugbot_gazebo' build argument 'cmake_clean_first' from command line to 'False'
[0.228s] Level 5:colcon.colcon_core.verb:set package 'tugbot_gazebo' build argument 'cmake_force_configure' from command line to 'False'
[0.228s] Level 5:colcon.colcon_core.verb:set package 'tugbot_gazebo' build argument 'ament_cmake_args' from command line to 'None'
[0.228s] Level 5:colcon.colcon_core.verb:set package 'tugbot_gazebo' build argument 'catkin_cmake_args' from command line to 'None'
[0.228s] Level 5:colcon.colcon_core.verb:set package 'tugbot_gazebo' build argument 'catkin_skip_building_tests' from command line to 'False'
[0.228s] DEBUG:colcon.colcon_core.verb:Building package 'tugbot_gazebo' with the following arguments: {'ament_cmake_args': None, 'build_base': '/home/hyh/Desktop/playground_hermes/tugbot_ros2_gazebo/ros2_ws_tugbot_nav_20260514/build/tugbot_gazebo', 'catkin_cmake_args': None, 'catkin_skip_building_tests': False, 'cmake_args': None, 'cmake_clean_cache': False, 'cmake_clean_first': False, 'cmake_force_configure': False, 'cmake_target': None, 'cmake_target_skip_unavailable': False, 'install_base': '/home/hyh/Desktop/playground_hermes/tugbot_ros2_gazebo/ros2_ws_tugbot_nav_20260514/install/tugbot_gazebo', 'merge_install': False, 'path': '/home/hyh/Desktop/playground_hermes/tugbot_ros2_gazebo/ros2_ws_tugbot_nav_20260514/src/tugbot_gazebo', 'symlink_install': True, 'test_result_base': None}
[0.228s] Level 5:colcon.colcon_core.verb:set package 'tugbot_navigation' build argument 'cmake_args' from command line to 'None'
[0.228s] Level 5:colcon.colcon_core.verb:set package 'tugbot_navigation' build argument 'cmake_target' from command line to 'None'
[0.228s] Level 5:colcon.colcon_core.verb:set package 'tugbot_navigation' build argument 'cmake_target_skip_unavailable' from command line to 'False'
[0.229s] Level 5:colcon.colcon_core.verb:set package 'tugbot_navigation' build argument 'cmake_clean_cache' from command line to 'False'
[0.229s] Level 5:colcon.colcon_core.verb:set package 'tugbot_navigation' build argument 'cmake_clean_first' from command line to 'False'
[0.229s] Level 5:colcon.colcon_core.verb:set package 'tugbot_navigation' build argument 'cmake_force_configure' from command line to 'False'
[0.229s] Level 5:colcon.colcon_core.verb:set package 'tugbot_navigation' build argument 'ament_cmake_args' from command line to 'None'
[0.229s] Level 5:colcon.colcon_core.verb:set package 'tugbot_navigation' build argument 'catkin_cmake_args' from command line to 'None'
[0.229s] Level 5:colcon.colcon_core.verb:set package 'tugbot_navigation' build argument 'catkin_skip_building_tests' from command line to 'False'
[0.229s] DEBUG:colcon.colcon_core.verb:Building package 'tugbot_navigation' with the following arguments: {'ament_cmake_args': None, 'build_base': '/home/hyh/Desktop/playground_hermes/tugbot_ros2_gazebo/ros2_ws_tugbot_nav_20260514/build/tugbot_navigation', 'catkin_cmake_args': None, 'catkin_skip_building_tests': False, 'cmake_args': None, 'cmake_clean_cache': False, 'cmake_clean_first': False, 'cmake_force_configure': False, 'cmake_target': None, 'cmake_target_skip_unavailable': False, 'install_base': '/home/hyh/Desktop/playground_hermes/tugbot_ros2_gazebo/ros2_ws_tugbot_nav_20260514/install/tugbot_navigation', 'merge_install': False, 'path': '/home/hyh/Desktop/playground_hermes/tugbot_ros2_gazebo/ros2_ws_tugbot_nav_20260514/src/tugbot_navigation', 'symlink_install': True, 'test_result_base': None}
[0.229s] INFO:colcon.colcon_core.executor:Executing jobs using 'parallel' executor
[0.229s] DEBUG:colcon.colcon_parallel_executor.executor.parallel:run_until_complete
[0.230s] INFO:colcon.colcon_ros.task.ament_cmake.build:Building ROS package in '/home/hyh/Desktop/playground_hermes/tugbot_ros2_gazebo/ros2_ws_tugbot_nav_20260514/src/tugbot_bringup' with build type 'ament_cmake'
[0.230s] INFO:colcon.colcon_cmake.task.cmake.build:Building CMake package in '/home/hyh/Desktop/playground_hermes/tugbot_ros2_gazebo/ros2_ws_tugbot_nav_20260514/src/tugbot_bringup'
[0.231s] INFO:colcon.colcon_core.plugin_system:Skipping extension 'colcon_core.shell.bat': Not used on non-Windows systems
[0.231s] INFO:colcon.colcon_core.shell:Skip shell extension 'powershell' for command environment: Not usable outside of PowerShell
[0.231s] DEBUG:colcon.colcon_core.shell:Skip shell extension 'dsv' for command environment
[0.237s] INFO:colcon.colcon_ros.task.ament_cmake.build:Building ROS package in '/home/hyh/Desktop/playground_hermes/tugbot_ros2_gazebo/ros2_ws_tugbot_nav_20260514/src/tugbot_description' with build type 'ament_cmake'
[0.237s] INFO:colcon.colcon_cmake.task.cmake.build:Building CMake package in '/home/hyh/Desktop/playground_hermes/tugbot_ros2_gazebo/ros2_ws_tugbot_nav_20260514/src/tugbot_description'
[0.237s] INFO:colcon.colcon_core.shell:Skip shell extension 'powershell' for command environment: Not usable outside of PowerShell
[0.237s] DEBUG:colcon.colcon_core.shell:Skip shell extension 'dsv' for command environment
[0.243s] INFO:colcon.colcon_ros.task.ament_cmake.build:Building ROS package in '/home/hyh/Desktop/playground_hermes/tugbot_ros2_gazebo/ros2_ws_tugbot_nav_20260514/src/tugbot_gazebo' with build type 'ament_cmake'
[0.243s] INFO:colcon.colcon_cmake.task.cmake.build:Building CMake package in '/home/hyh/Desktop/playground_hermes/tugbot_ros2_gazebo/ros2_ws_tugbot_nav_20260514/src/tugbot_gazebo'
[0.244s] INFO:colcon.colcon_core.shell:Skip shell extension 'powershell' for command environment: Not usable outside of PowerShell
[0.244s] DEBUG:colcon.colcon_core.shell:Skip shell extension 'dsv' for command environment
[0.250s] INFO:colcon.colcon_ros.task.ament_cmake.build:Building ROS package in '/home/hyh/Desktop/playground_hermes/tugbot_ros2_gazebo/ros2_ws_tugbot_nav_20260514/src/tugbot_navigation' with build type 'ament_cmake'
[0.250s] INFO:colcon.colcon_cmake.task.cmake.build:Building CMake package in '/home/hyh/Desktop/playground_hermes/tugbot_ros2_gazebo/ros2_ws_tugbot_nav_20260514/src/tugbot_navigation'
[0.250s] INFO:colcon.colcon_core.shell:Skip shell extension 'powershell' for command environment: Not usable outside of PowerShell
[0.250s] DEBUG:colcon.colcon_core.shell:Skip shell extension 'dsv' for command environment
[0.257s] DEBUG:colcon.colcon_core.event_handler.log_command:Invoking command in '/home/hyh/Desktop/playground_hermes/tugbot_ros2_gazebo/ros2_ws_tugbot_nav_20260514/build/tugbot_bringup': CMAKE_PREFIX_PATH=${CMAKE_PREFIX_PATH}:/home/hyh/ws_moveit/install/moveit_configs_utils:/opt/ros/jazzy DEBUGINFOD_URLS=https://debuginfod.ubuntu.com /usr/bin/cmake /home/hyh/Desktop/playground_hermes/tugbot_ros2_gazebo/ros2_ws_tugbot_nav_20260514/src/tugbot_bringup -DAMENT_CMAKE_SYMLINK_INSTALL=1 -DCMAKE_INSTALL_PREFIX=/home/hyh/Desktop/playground_hermes/tugbot_ros2_gazebo/ros2_ws_tugbot_nav_20260514/install/tugbot_bringup
[0.259s] DEBUG:colcon.colcon_core.event_handler.log_command:Invoking command in '/home/hyh/Desktop/playground_hermes/tugbot_ros2_gazebo/ros2_ws_tugbot_nav_20260514/build/tugbot_description': CMAKE_PREFIX_PATH=${CMAKE_PREFIX_PATH}:/home/hyh/ws_moveit/install/moveit_configs_utils:/opt/ros/jazzy DEBUGINFOD_URLS=https://debuginfod.ubuntu.com /usr/bin/cmake /home/hyh/Desktop/playground_hermes/tugbot_ros2_gazebo/ros2_ws_tugbot_nav_20260514/src/tugbot_description -DAMENT_CMAKE_SYMLINK_INSTALL=1 -DCMAKE_INSTALL_PREFIX=/home/hyh/Desktop/playground_hermes/tugbot_ros2_gazebo/ros2_ws_tugbot_nav_20260514/install/tugbot_description
[0.261s] DEBUG:colcon.colcon_core.event_handler.log_command:Invoking command in '/home/hyh/Desktop/playground_hermes/tugbot_ros2_gazebo/ros2_ws_tugbot_nav_20260514/build/tugbot_gazebo': CMAKE_PREFIX_PATH=${CMAKE_PREFIX_PATH}:/home/hyh/ws_moveit/install/moveit_configs_utils:/opt/ros/jazzy DEBUGINFOD_URLS=https://debuginfod.ubuntu.com /usr/bin/cmake /home/hyh/Desktop/playground_hermes/tugbot_ros2_gazebo/ros2_ws_tugbot_nav_20260514/src/tugbot_gazebo -DAMENT_CMAKE_SYMLINK_INSTALL=1 -DCMAKE_INSTALL_PREFIX=/home/hyh/Desktop/playground_hermes/tugbot_ros2_gazebo/ros2_ws_tugbot_nav_20260514/install/tugbot_gazebo
[0.264s] DEBUG:colcon.colcon_core.event_handler.log_command:Invoking command in '/home/hyh/Desktop/playground_hermes/tugbot_ros2_gazebo/ros2_ws_tugbot_nav_20260514/build/tugbot_navigation': CMAKE_PREFIX_PATH=${CMAKE_PREFIX_PATH}:/home/hyh/ws_moveit/install/moveit_configs_utils:/opt/ros/jazzy DEBUGINFOD_URLS=https://debuginfod.ubuntu.com /usr/bin/cmake /home/hyh/Desktop/playground_hermes/tugbot_ros2_gazebo/ros2_ws_tugbot_nav_20260514/src/tugbot_navigation -DAMENT_CMAKE_SYMLINK_INSTALL=1 -DCMAKE_INSTALL_PREFIX=/home/hyh/Desktop/playground_hermes/tugbot_ros2_gazebo/ros2_ws_tugbot_nav_20260514/install/tugbot_navigation
[1.450s] DEBUG:colcon.colcon_core.event_handler.log_command:Invoked command in '/home/hyh/Desktop/playground_hermes/tugbot_ros2_gazebo/ros2_ws_tugbot_nav_20260514/build/tugbot_bringup' returned '0': CMAKE_PREFIX_PATH=${CMAKE_PREFIX_PATH}:/home/hyh/ws_moveit/install/moveit_configs_utils:/opt/ros/jazzy DEBUGINFOD_URLS=https://debuginfod.ubuntu.com /usr/bin/cmake /home/hyh/Desktop/playground_hermes/tugbot_ros2_gazebo/ros2_ws_tugbot_nav_20260514/src/tugbot_bringup -DAMENT_CMAKE_SYMLINK_INSTALL=1 -DCMAKE_INSTALL_PREFIX=/home/hyh/Desktop/playground_hermes/tugbot_ros2_gazebo/ros2_ws_tugbot_nav_20260514/install/tugbot_bringup
[1.450s] DEBUG:colcon.colcon_core.event_handler.log_command:Invoking command in '/home/hyh/Desktop/playground_hermes/tugbot_ros2_gazebo/ros2_ws_tugbot_nav_20260514/build/tugbot_bringup': CMAKE_PREFIX_PATH=${CMAKE_PREFIX_PATH}:/home/hyh/ws_moveit/install/moveit_configs_utils:/opt/ros/jazzy DEBUGINFOD_URLS=https://debuginfod.ubuntu.com /usr/bin/cmake --build /home/hyh/Desktop/playground_hermes/tugbot_ros2_gazebo/ros2_ws_tugbot_nav_20260514/build/tugbot_bringup -- -j8 -l8
[1.451s] DEBUG:colcon.colcon_core.event_handler.log_command:Invoked command in '/home/hyh/Desktop/playground_hermes/tugbot_ros2_gazebo/ros2_ws_tugbot_nav_20260514/build/tugbot_description' returned '0': CMAKE_PREFIX_PATH=${CMAKE_PREFIX_PATH}:/home/hyh/ws_moveit/install/moveit_configs_utils:/opt/ros/jazzy DEBUGINFOD_URLS=https://debuginfod.ubuntu.com /usr/bin/cmake /home/hyh/Desktop/playground_hermes/tugbot_ros2_gazebo/ros2_ws_tugbot_nav_20260514/src/tugbot_description -DAMENT_CMAKE_SYMLINK_INSTALL=1 -DCMAKE_INSTALL_PREFIX=/home/hyh/Desktop/playground_hermes/tugbot_ros2_gazebo/ros2_ws_tugbot_nav_20260514/install/tugbot_description
[1.451s] DEBUG:colcon.colcon_core.event_handler.log_command:Invoking command in '/home/hyh/Desktop/playground_hermes/tugbot_ros2_gazebo/ros2_ws_tugbot_nav_20260514/build/tugbot_description': CMAKE_PREFIX_PATH=${CMAKE_PREFIX_PATH}:/home/hyh/ws_moveit/install/moveit_configs_utils:/opt/ros/jazzy DEBUGINFOD_URLS=https://debuginfod.ubuntu.com /usr/bin/cmake --build /home/hyh/Desktop/playground_hermes/tugbot_ros2_gazebo/ros2_ws_tugbot_nav_20260514/build/tugbot_description -- -j8 -l8
[1.452s] DEBUG:colcon.colcon_core.event_handler.log_command:Invoked command in '/home/hyh/Desktop/playground_hermes/tugbot_ros2_gazebo/ros2_ws_tugbot_nav_20260514/build/tugbot_navigation' returned '0': CMAKE_PREFIX_PATH=${CMAKE_PREFIX_PATH}:/home/hyh/ws_moveit/install/moveit_configs_utils:/opt/ros/jazzy DEBUGINFOD_URLS=https://debuginfod.ubuntu.com /usr/bin/cmake /home/hyh/Desktop/playground_hermes/tugbot_ros2_gazebo/ros2_ws_tugbot_nav_20260514/src/tugbot_navigation -DAMENT_CMAKE_SYMLINK_INSTALL=1 -DCMAKE_INSTALL_PREFIX=/home/hyh/Desktop/playground_hermes/tugbot_ros2_gazebo/ros2_ws_tugbot_nav_20260514/install/tugbot_navigation
[1.452s] DEBUG:colcon.colcon_core.event_handler.log_command:Invoking command in '/home/hyh/Desktop/playground_hermes/tugbot_ros2_gazebo/ros2_ws_tugbot_nav_20260514/build/tugbot_navigation': CMAKE_PREFIX_PATH=${CMAKE_PREFIX_PATH}:/home/hyh/ws_moveit/install/moveit_configs_utils:/opt/ros/jazzy DEBUGINFOD_URLS=https://debuginfod.ubuntu.com /usr/bin/cmake --build /home/hyh/Desktop/playground_hermes/tugbot_ros2_gazebo/ros2_ws_tugbot_nav_20260514/build/tugbot_navigation -- -j8 -l8
[1.453s] DEBUG:colcon.colcon_core.event_handler.log_command:Invoked command in '/home/hyh/Desktop/playground_hermes/tugbot_ros2_gazebo/ros2_ws_tugbot_nav_20260514/build/tugbot_gazebo' returned '0': CMAKE_PREFIX_PATH=${CMAKE_PREFIX_PATH}:/home/hyh/ws_moveit/install/moveit_configs_utils:/opt/ros/jazzy DEBUGINFOD_URLS=https://debuginfod.ubuntu.com /usr/bin/cmake /home/hyh/Desktop/playground_hermes/tugbot_ros2_gazebo/ros2_ws_tugbot_nav_20260514/src/tugbot_gazebo -DAMENT_CMAKE_SYMLINK_INSTALL=1 -DCMAKE_INSTALL_PREFIX=/home/hyh/Desktop/playground_hermes/tugbot_ros2_gazebo/ros2_ws_tugbot_nav_20260514/install/tugbot_gazebo
[1.453s] DEBUG:colcon.colcon_core.event_handler.log_command:Invoking command in '/home/hyh/Desktop/playground_hermes/tugbot_ros2_gazebo/ros2_ws_tugbot_nav_20260514/build/tugbot_gazebo': CMAKE_PREFIX_PATH=${CMAKE_PREFIX_PATH}:/home/hyh/ws_moveit/install/moveit_configs_utils:/opt/ros/jazzy DEBUGINFOD_URLS=https://debuginfod.ubuntu.com /usr/bin/cmake --build /home/hyh/Desktop/playground_hermes/tugbot_ros2_gazebo/ros2_ws_tugbot_nav_20260514/build/tugbot_gazebo -- -j8 -l8
[1.506s] DEBUG:colcon.colcon_core.event_handler.log_command:Invoked command in '/home/hyh/Desktop/playground_hermes/tugbot_ros2_gazebo/ros2_ws_tugbot_nav_20260514/build/tugbot_navigation' returned '0': CMAKE_PREFIX_PATH=${CMAKE_PREFIX_PATH}:/home/hyh/ws_moveit/install/moveit_configs_utils:/opt/ros/jazzy DEBUGINFOD_URLS=https://debuginfod.ubuntu.com /usr/bin/cmake --build /home/hyh/Desktop/playground_hermes/tugbot_ros2_gazebo/ros2_ws_tugbot_nav_20260514/build/tugbot_navigation -- -j8 -l8
[1.521s] DEBUG:colcon.colcon_core.event_handler.log_command:Invoking command in '/home/hyh/Desktop/playground_hermes/tugbot_ros2_gazebo/ros2_ws_tugbot_nav_20260514/build/tugbot_navigation': CMAKE_PREFIX_PATH=${CMAKE_PREFIX_PATH}:/home/hyh/ws_moveit/install/moveit_configs_utils:/opt/ros/jazzy DEBUGINFOD_URLS=https://debuginfod.ubuntu.com /usr/bin/cmake --install /home/hyh/Desktop/playground_hermes/tugbot_ros2_gazebo/ros2_ws_tugbot_nav_20260514/build/tugbot_navigation
[1.523s] DEBUG:colcon.colcon_core.event_handler.log_command:Invoked command in '/home/hyh/Desktop/playground_hermes/tugbot_ros2_gazebo/ros2_ws_tugbot_nav_20260514/build/tugbot_gazebo' returned '0': CMAKE_PREFIX_PATH=${CMAKE_PREFIX_PATH}:/home/hyh/ws_moveit/install/moveit_configs_utils:/opt/ros/jazzy DEBUGINFOD_URLS=https://debuginfod.ubuntu.com /usr/bin/cmake --build /home/hyh/Desktop/playground_hermes/tugbot_ros2_gazebo/ros2_ws_tugbot_nav_20260514/build/tugbot_gazebo -- -j8 -l8
[1.523s] DEBUG:colcon.colcon_core.event_handler.log_command:Invoking command in '/home/hyh/Desktop/playground_hermes/tugbot_ros2_gazebo/ros2_ws_tugbot_nav_20260514/build/tugbot_gazebo': CMAKE_PREFIX_PATH=${CMAKE_PREFIX_PATH}:/home/hyh/ws_moveit/install/moveit_configs_utils:/opt/ros/jazzy DEBUGINFOD_URLS=https://debuginfod.ubuntu.com /usr/bin/cmake --install /home/hyh/Desktop/playground_hermes/tugbot_ros2_gazebo/ros2_ws_tugbot_nav_20260514/build/tugbot_gazebo
[1.525s] DEBUG:colcon.colcon_core.event_handler.log_command:Invoked command in '/home/hyh/Desktop/playground_hermes/tugbot_ros2_gazebo/ros2_ws_tugbot_nav_20260514/build/tugbot_bringup' returned '0': CMAKE_PREFIX_PATH=${CMAKE_PREFIX_PATH}:/home/hyh/ws_moveit/install/moveit_configs_utils:/opt/ros/jazzy DEBUGINFOD_URLS=https://debuginfod.ubuntu.com /usr/bin/cmake --build /home/hyh/Desktop/playground_hermes/tugbot_ros2_gazebo/ros2_ws_tugbot_nav_20260514/build/tugbot_bringup -- -j8 -l8
[1.525s] DEBUG:colcon.colcon_core.event_handler.log_command:Invoking command in '/home/hyh/Desktop/playground_hermes/tugbot_ros2_gazebo/ros2_ws_tugbot_nav_20260514/build/tugbot_bringup': CMAKE_PREFIX_PATH=${CMAKE_PREFIX_PATH}:/home/hyh/ws_moveit/install/moveit_configs_utils:/opt/ros/jazzy DEBUGINFOD_URLS=https://debuginfod.ubuntu.com /usr/bin/cmake --install /home/hyh/Desktop/playground_hermes/tugbot_ros2_gazebo/ros2_ws_tugbot_nav_20260514/build/tugbot_bringup
[1.526s] DEBUG:colcon.colcon_core.event_handler.log_command:Invoked command in '/home/hyh/Desktop/playground_hermes/tugbot_ros2_gazebo/ros2_ws_tugbot_nav_20260514/build/tugbot_description' returned '0': CMAKE_PREFIX_PATH=${CMAKE_PREFIX_PATH}:/home/hyh/ws_moveit/install/moveit_configs_utils:/opt/ros/jazzy DEBUGINFOD_URLS=https://debuginfod.ubuntu.com /usr/bin/cmake --build /home/hyh/Desktop/playground_hermes/tugbot_ros2_gazebo/ros2_ws_tugbot_nav_20260514/build/tugbot_description -- -j8 -l8
[1.527s] DEBUG:colcon.colcon_core.event_handler.log_command:Invoking command in '/home/hyh/Desktop/playground_hermes/tugbot_ros2_gazebo/ros2_ws_tugbot_nav_20260514/build/tugbot_description': CMAKE_PREFIX_PATH=${CMAKE_PREFIX_PATH}:/home/hyh/ws_moveit/install/moveit_configs_utils:/opt/ros/jazzy DEBUGINFOD_URLS=https://debuginfod.ubuntu.com /usr/bin/cmake --install /home/hyh/Desktop/playground_hermes/tugbot_ros2_gazebo/ros2_ws_tugbot_nav_20260514/build/tugbot_description
[1.778s] Level 1:colcon.colcon_core.environment:create_environment_scripts_only(tugbot_navigation)
[1.778s] DEBUG:colcon.colcon_core.event_handler.log_command:Invoked command in '/home/hyh/Desktop/playground_hermes/tugbot_ros2_gazebo/ros2_ws_tugbot_nav_20260514/build/tugbot_navigation' returned '0': CMAKE_PREFIX_PATH=${CMAKE_PREFIX_PATH}:/home/hyh/ws_moveit/install/moveit_configs_utils:/opt/ros/jazzy DEBUGINFOD_URLS=https://debuginfod.ubuntu.com /usr/bin/cmake --install /home/hyh/Desktop/playground_hermes/tugbot_ros2_gazebo/ros2_ws_tugbot_nav_20260514/build/tugbot_navigation
[1.781s] Level 1:colcon.colcon_core.environment:checking '/home/hyh/Desktop/playground_hermes/tugbot_ros2_gazebo/ros2_ws_tugbot_nav_20260514/install/tugbot_navigation' for CMake module files
[1.781s] Level 1:colcon.colcon_core.environment:checking '/home/hyh/Desktop/playground_hermes/tugbot_ros2_gazebo/ros2_ws_tugbot_nav_20260514/install/tugbot_navigation' for CMake config files
[1.782s] Level 1:colcon.colcon_core.shell:create_environment_hook('tugbot_navigation', 'cmake_prefix_path')
[1.782s] INFO:colcon.colcon_core.shell:Creating environment hook '/home/hyh/Desktop/playground_hermes/tugbot_ros2_gazebo/ros2_ws_tugbot_nav_20260514/install/tugbot_navigation/share/tugbot_navigation/hook/cmake_prefix_path.ps1'
[1.782s] INFO:colcon.colcon_core.shell:Creating environment descriptor '/home/hyh/Desktop/playground_hermes/tugbot_ros2_gazebo/ros2_ws_tugbot_nav_20260514/install/tugbot_navigation/share/tugbot_navigation/hook/cmake_prefix_path.dsv'
[1.783s] INFO:colcon.colcon_core.shell:Creating environment hook '/home/hyh/Desktop/playground_hermes/tugbot_ros2_gazebo/ros2_ws_tugbot_nav_20260514/install/tugbot_navigation/share/tugbot_navigation/hook/cmake_prefix_path.sh'
[1.783s] Level 1:colcon.colcon_core.environment:checking '/home/hyh/Desktop/playground_hermes/tugbot_ros2_gazebo/ros2_ws_tugbot_nav_20260514/install/tugbot_navigation/bin'
[1.783s] Level 1:colcon.colcon_core.environment:checking '/home/hyh/Desktop/playground_hermes/tugbot_ros2_gazebo/ros2_ws_tugbot_nav_20260514/install/tugbot_navigation/lib/pkgconfig/tugbot_navigation.pc'
[1.783s] Level 1:colcon.colcon_core.environment:checking '/home/hyh/Desktop/playground_hermes/tugbot_ros2_gazebo/ros2_ws_tugbot_nav_20260514/install/tugbot_navigation/lib/python3.12/site-packages'
[1.783s] Level 1:colcon.colcon_core.environment:checking '/home/hyh/Desktop/playground_hermes/tugbot_ros2_gazebo/ros2_ws_tugbot_nav_20260514/install/tugbot_navigation/bin'
[1.784s] INFO:colcon.colcon_core.shell:Creating package script '/home/hyh/Desktop/playground_hermes/tugbot_ros2_gazebo/ros2_ws_tugbot_nav_20260514/install/tugbot_navigation/share/tugbot_navigation/package.ps1'
[1.784s] INFO:colcon.colcon_core.shell:Creating package descriptor '/home/hyh/Desktop/playground_hermes/tugbot_ros2_gazebo/ros2_ws_tugbot_nav_20260514/install/tugbot_navigation/share/tugbot_navigation/package.dsv'
[1.784s] INFO:colcon.colcon_core.shell:Creating package script '/home/hyh/Desktop/playground_hermes/tugbot_ros2_gazebo/ros2_ws_tugbot_nav_20260514/install/tugbot_navigation/share/tugbot_navigation/package.sh'
[1.785s] INFO:colcon.colcon_core.shell:Creating package script '/home/hyh/Desktop/playground_hermes/tugbot_ros2_gazebo/ros2_ws_tugbot_nav_20260514/install/tugbot_navigation/share/tugbot_navigation/package.bash'
[1.785s] INFO:colcon.colcon_core.shell:Creating package script '/home/hyh/Desktop/playground_hermes/tugbot_ros2_gazebo/ros2_ws_tugbot_nav_20260514/install/tugbot_navigation/share/tugbot_navigation/package.zsh'
[1.786s] Level 1:colcon.colcon_core.environment:create_file_with_runtime_dependencies(/home/hyh/Desktop/playground_hermes/tugbot_ros2_gazebo/ros2_ws_tugbot_nav_20260514/install/tugbot_navigation/share/colcon-core/packages/tugbot_navigation)
[1.786s] Level 1:colcon.colcon_core.environment:create_environment_scripts_only(tugbot_navigation)
[1.786s] Level 1:colcon.colcon_core.environment:checking '/home/hyh/Desktop/playground_hermes/tugbot_ros2_gazebo/ros2_ws_tugbot_nav_20260514/install/tugbot_navigation' for CMake module files
[1.786s] Level 1:colcon.colcon_core.environment:checking '/home/hyh/Desktop/playground_hermes/tugbot_ros2_gazebo/ros2_ws_tugbot_nav_20260514/install/tugbot_navigation' for CMake config files
[1.787s] Level 1:colcon.colcon_core.shell:create_environment_hook('tugbot_navigation', 'cmake_prefix_path')
[1.787s] INFO:colcon.colcon_core.shell:Creating environment hook '/home/hyh/Desktop/playground_hermes/tugbot_ros2_gazebo/ros2_ws_tugbot_nav_20260514/install/tugbot_navigation/share/tugbot_navigation/hook/cmake_prefix_path.ps1'
[1.787s] INFO:colcon.colcon_core.shell:Creating environment descriptor '/home/hyh/Desktop/playground_hermes/tugbot_ros2_gazebo/ros2_ws_tugbot_nav_20260514/install/tugbot_navigation/share/tugbot_navigation/hook/cmake_prefix_path.dsv'
[1.787s] INFO:colcon.colcon_core.shell:Creating environment hook '/home/hyh/Desktop/playground_hermes/tugbot_ros2_gazebo/ros2_ws_tugbot_nav_20260514/install/tugbot_navigation/share/tugbot_navigation/hook/cmake_prefix_path.sh'
[1.788s] Level 1:colcon.colcon_core.environment:checking '/home/hyh/Desktop/playground_hermes/tugbot_ros2_gazebo/ros2_ws_tugbot_nav_20260514/install/tugbot_navigation/bin'
[1.788s] Level 1:colcon.colcon_core.environment:checking '/home/hyh/Desktop/playground_hermes/tugbot_ros2_gazebo/ros2_ws_tugbot_nav_20260514/install/tugbot_navigation/lib/pkgconfig/tugbot_navigation.pc'
[1.788s] Level 1:colcon.colcon_core.environment:checking '/home/hyh/Desktop/playground_hermes/tugbot_ros2_gazebo/ros2_ws_tugbot_nav_20260514/install/tugbot_navigation/lib/python3.12/site-packages'
[1.788s] Level 1:colcon.colcon_core.environment:checking '/home/hyh/Desktop/playground_hermes/tugbot_ros2_gazebo/ros2_ws_tugbot_nav_20260514/install/tugbot_navigation/bin'
[1.788s] INFO:colcon.colcon_core.shell:Creating package script '/home/hyh/Desktop/playground_hermes/tugbot_ros2_gazebo/ros2_ws_tugbot_nav_20260514/install/tugbot_navigation/share/tugbot_navigation/package.ps1'
[1.789s] INFO:colcon.colcon_core.shell:Creating package descriptor '/home/hyh/Desktop/playground_hermes/tugbot_ros2_gazebo/ros2_ws_tugbot_nav_20260514/install/tugbot_navigation/share/tugbot_navigation/package.dsv'
[1.789s] INFO:colcon.colcon_core.shell:Creating package script '/home/hyh/Desktop/playground_hermes/tugbot_ros2_gazebo/ros2_ws_tugbot_nav_20260514/install/tugbot_navigation/share/tugbot_navigation/package.sh'
[1.790s] INFO:colcon.colcon_core.shell:Creating package script '/home/hyh/Desktop/playground_hermes/tugbot_ros2_gazebo/ros2_ws_tugbot_nav_20260514/install/tugbot_navigation/share/tugbot_navigation/package.bash'
[1.790s] INFO:colcon.colcon_core.shell:Creating package script '/home/hyh/Desktop/playground_hermes/tugbot_ros2_gazebo/ros2_ws_tugbot_nav_20260514/install/tugbot_navigation/share/tugbot_navigation/package.zsh'
[1.790s] Level 1:colcon.colcon_core.environment:create_file_with_runtime_dependencies(/home/hyh/Desktop/playground_hermes/tugbot_ros2_gazebo/ros2_ws_tugbot_nav_20260514/install/tugbot_navigation/share/colcon-core/packages/tugbot_navigation)
[1.791s] Level 1:colcon.colcon_core.environment:create_environment_scripts_only(tugbot_bringup)
[1.791s] Level 1:colcon.colcon_core.environment:checking '/home/hyh/Desktop/playground_hermes/tugbot_ros2_gazebo/ros2_ws_tugbot_nav_20260514/install/tugbot_bringup' for CMake module files
[1.793s] DEBUG:colcon.colcon_core.event_handler.log_command:Invoked command in '/home/hyh/Desktop/playground_hermes/tugbot_ros2_gazebo/ros2_ws_tugbot_nav_20260514/build/tugbot_bringup' returned '0': CMAKE_PREFIX_PATH=${CMAKE_PREFIX_PATH}:/home/hyh/ws_moveit/install/moveit_configs_utils:/opt/ros/jazzy DEBUGINFOD_URLS=https://debuginfod.ubuntu.com /usr/bin/cmake --install /home/hyh/Desktop/playground_hermes/tugbot_ros2_gazebo/ros2_ws_tugbot_nav_20260514/build/tugbot_bringup
[1.793s] Level 1:colcon.colcon_core.environment:checking '/home/hyh/Desktop/playground_hermes/tugbot_ros2_gazebo/ros2_ws_tugbot_nav_20260514/install/tugbot_bringup' for CMake config files
[1.794s] Level 1:colcon.colcon_core.shell:create_environment_hook('tugbot_bringup', 'cmake_prefix_path')
[1.794s] INFO:colcon.colcon_core.shell:Creating environment hook '/home/hyh/Desktop/playground_hermes/tugbot_ros2_gazebo/ros2_ws_tugbot_nav_20260514/install/tugbot_bringup/share/tugbot_bringup/hook/cmake_prefix_path.ps1'
[1.795s] INFO:colcon.colcon_core.shell:Creating environment descriptor '/home/hyh/Desktop/playground_hermes/tugbot_ros2_gazebo/ros2_ws_tugbot_nav_20260514/install/tugbot_bringup/share/tugbot_bringup/hook/cmake_prefix_path.dsv'
[1.795s] INFO:colcon.colcon_core.shell:Creating environment hook '/home/hyh/Desktop/playground_hermes/tugbot_ros2_gazebo/ros2_ws_tugbot_nav_20260514/install/tugbot_bringup/share/tugbot_bringup/hook/cmake_prefix_path.sh'
[1.796s] Level 1:colcon.colcon_core.environment:checking '/home/hyh/Desktop/playground_hermes/tugbot_ros2_gazebo/ros2_ws_tugbot_nav_20260514/install/tugbot_bringup/bin'
[1.796s] Level 1:colcon.colcon_core.environment:checking '/home/hyh/Desktop/playground_hermes/tugbot_ros2_gazebo/ros2_ws_tugbot_nav_20260514/install/tugbot_bringup/lib/pkgconfig/tugbot_bringup.pc'
[1.796s] Level 1:colcon.colcon_core.environment:checking '/home/hyh/Desktop/playground_hermes/tugbot_ros2_gazebo/ros2_ws_tugbot_nav_20260514/install/tugbot_bringup/lib/python3.12/site-packages'
[1.796s] Level 1:colcon.colcon_core.environment:checking '/home/hyh/Desktop/playground_hermes/tugbot_ros2_gazebo/ros2_ws_tugbot_nav_20260514/install/tugbot_bringup/bin'
[1.797s] INFO:colcon.colcon_core.shell:Creating package script '/home/hyh/Desktop/playground_hermes/tugbot_ros2_gazebo/ros2_ws_tugbot_nav_20260514/install/tugbot_bringup/share/tugbot_bringup/package.ps1'
[1.797s] INFO:colcon.colcon_core.shell:Creating package descriptor '/home/hyh/Desktop/playground_hermes/tugbot_ros2_gazebo/ros2_ws_tugbot_nav_20260514/install/tugbot_bringup/share/tugbot_bringup/package.dsv'
[1.798s] INFO:colcon.colcon_core.shell:Creating package script '/home/hyh/Desktop/playground_hermes/tugbot_ros2_gazebo/ros2_ws_tugbot_nav_20260514/install/tugbot_bringup/share/tugbot_bringup/package.sh'
[1.798s] INFO:colcon.colcon_core.shell:Creating package script '/home/hyh/Desktop/playground_hermes/tugbot_ros2_gazebo/ros2_ws_tugbot_nav_20260514/install/tugbot_bringup/share/tugbot_bringup/package.bash'
[1.798s] INFO:colcon.colcon_core.shell:Creating package script '/home/hyh/Desktop/playground_hermes/tugbot_ros2_gazebo/ros2_ws_tugbot_nav_20260514/install/tugbot_bringup/share/tugbot_bringup/package.zsh'
[1.799s] Level 1:colcon.colcon_core.environment:create_file_with_runtime_dependencies(/home/hyh/Desktop/playground_hermes/tugbot_ros2_gazebo/ros2_ws_tugbot_nav_20260514/install/tugbot_bringup/share/colcon-core/packages/tugbot_bringup)
[1.799s] Level 1:colcon.colcon_core.environment:create_environment_scripts_only(tugbot_bringup)
[1.799s] Level 1:colcon.colcon_core.environment:checking '/home/hyh/Desktop/playground_hermes/tugbot_ros2_gazebo/ros2_ws_tugbot_nav_20260514/install/tugbot_bringup' for CMake module files
[1.800s] Level 1:colcon.colcon_core.environment:checking '/home/hyh/Desktop/playground_hermes/tugbot_ros2_gazebo/ros2_ws_tugbot_nav_20260514/install/tugbot_bringup' for CMake config files
[1.800s] Level 1:colcon.colcon_core.shell:create_environment_hook('tugbot_bringup', 'cmake_prefix_path')
[1.800s] INFO:colcon.colcon_core.shell:Creating environment hook '/home/hyh/Desktop/playground_hermes/tugbot_ros2_gazebo/ros2_ws_tugbot_nav_20260514/install/tugbot_bringup/share/tugbot_bringup/hook/cmake_prefix_path.ps1'
[1.800s] INFO:colcon.colcon_core.shell:Creating environment descriptor '/home/hyh/Desktop/playground_hermes/tugbot_ros2_gazebo/ros2_ws_tugbot_nav_20260514/install/tugbot_bringup/share/tugbot_bringup/hook/cmake_prefix_path.dsv'
[1.801s] INFO:colcon.colcon_core.shell:Creating environment hook '/home/hyh/Desktop/playground_hermes/tugbot_ros2_gazebo/ros2_ws_tugbot_nav_20260514/install/tugbot_bringup/share/tugbot_bringup/hook/cmake_prefix_path.sh'
[1.801s] Level 1:colcon.colcon_core.environment:checking '/home/hyh/Desktop/playground_hermes/tugbot_ros2_gazebo/ros2_ws_tugbot_nav_20260514/install/tugbot_bringup/bin'
[1.801s] Level 1:colcon.colcon_core.environment:checking '/home/hyh/Desktop/playground_hermes/tugbot_ros2_gazebo/ros2_ws_tugbot_nav_20260514/install/tugbot_bringup/lib/pkgconfig/tugbot_bringup.pc'
[1.801s] Level 1:colcon.colcon_core.environment:checking '/home/hyh/Desktop/playground_hermes/tugbot_ros2_gazebo/ros2_ws_tugbot_nav_20260514/install/tugbot_bringup/lib/python3.12/site-packages'
[1.801s] Level 1:colcon.colcon_core.environment:checking '/home/hyh/Desktop/playground_hermes/tugbot_ros2_gazebo/ros2_ws_tugbot_nav_20260514/install/tugbot_bringup/bin'
[1.801s] INFO:colcon.colcon_core.shell:Creating package script '/home/hyh/Desktop/playground_hermes/tugbot_ros2_gazebo/ros2_ws_tugbot_nav_20260514/install/tugbot_bringup/share/tugbot_bringup/package.ps1'
[1.802s] INFO:colcon.colcon_core.shell:Creating package descriptor '/home/hyh/Desktop/playground_hermes/tugbot_ros2_gazebo/ros2_ws_tugbot_nav_20260514/install/tugbot_bringup/share/tugbot_bringup/package.dsv'
[1.802s] INFO:colcon.colcon_core.shell:Creating package script '/home/hyh/Desktop/playground_hermes/tugbot_ros2_gazebo/ros2_ws_tugbot_nav_20260514/install/tugbot_bringup/share/tugbot_bringup/package.sh'
[1.803s] INFO:colcon.colcon_core.shell:Creating package script '/home/hyh/Desktop/playground_hermes/tugbot_ros2_gazebo/ros2_ws_tugbot_nav_20260514/install/tugbot_bringup/share/tugbot_bringup/package.bash'
[1.803s] INFO:colcon.colcon_core.shell:Creating package script '/home/hyh/Desktop/playground_hermes/tugbot_ros2_gazebo/ros2_ws_tugbot_nav_20260514/install/tugbot_bringup/share/tugbot_bringup/package.zsh'
[1.803s] Level 1:colcon.colcon_core.environment:create_file_with_runtime_dependencies(/home/hyh/Desktop/playground_hermes/tugbot_ros2_gazebo/ros2_ws_tugbot_nav_20260514/install/tugbot_bringup/share/colcon-core/packages/tugbot_bringup)
[1.804s] Level 1:colcon.colcon_core.environment:create_environment_scripts_only(tugbot_gazebo)
[1.804s] Level 1:colcon.colcon_core.environment:checking '/home/hyh/Desktop/playground_hermes/tugbot_ros2_gazebo/ros2_ws_tugbot_nav_20260514/install/tugbot_gazebo' for CMake module files
[1.804s] DEBUG:colcon.colcon_core.event_handler.log_command:Invoked command in '/home/hyh/Desktop/playground_hermes/tugbot_ros2_gazebo/ros2_ws_tugbot_nav_20260514/build/tugbot_gazebo' returned '0': CMAKE_PREFIX_PATH=${CMAKE_PREFIX_PATH}:/home/hyh/ws_moveit/install/moveit_configs_utils:/opt/ros/jazzy DEBUGINFOD_URLS=https://debuginfod.ubuntu.com /usr/bin/cmake --install /home/hyh/Desktop/playground_hermes/tugbot_ros2_gazebo/ros2_ws_tugbot_nav_20260514/build/tugbot_gazebo
[1.805s] Level 1:colcon.colcon_core.environment:checking '/home/hyh/Desktop/playground_hermes/tugbot_ros2_gazebo/ros2_ws_tugbot_nav_20260514/install/tugbot_gazebo' for CMake config files
[1.805s] Level 1:colcon.colcon_core.shell:create_environment_hook('tugbot_gazebo', 'cmake_prefix_path')
[1.805s] INFO:colcon.colcon_core.shell:Creating environment hook '/home/hyh/Desktop/playground_hermes/tugbot_ros2_gazebo/ros2_ws_tugbot_nav_20260514/install/tugbot_gazebo/share/tugbot_gazebo/hook/cmake_prefix_path.ps1'
[1.805s] INFO:colcon.colcon_core.shell:Creating environment descriptor '/home/hyh/Desktop/playground_hermes/tugbot_ros2_gazebo/ros2_ws_tugbot_nav_20260514/install/tugbot_gazebo/share/tugbot_gazebo/hook/cmake_prefix_path.dsv'
[1.806s] INFO:colcon.colcon_core.shell:Creating environment hook '/home/hyh/Desktop/playground_hermes/tugbot_ros2_gazebo/ros2_ws_tugbot_nav_20260514/install/tugbot_gazebo/share/tugbot_gazebo/hook/cmake_prefix_path.sh'
[1.806s] Level 1:colcon.colcon_core.environment:checking '/home/hyh/Desktop/playground_hermes/tugbot_ros2_gazebo/ros2_ws_tugbot_nav_20260514/install/tugbot_gazebo/bin'
[1.806s] Level 1:colcon.colcon_core.environment:checking '/home/hyh/Desktop/playground_hermes/tugbot_ros2_gazebo/ros2_ws_tugbot_nav_20260514/install/tugbot_gazebo/lib/pkgconfig/tugbot_gazebo.pc'
[1.806s] Level 1:colcon.colcon_core.environment:checking '/home/hyh/Desktop/playground_hermes/tugbot_ros2_gazebo/ros2_ws_tugbot_nav_20260514/install/tugbot_gazebo/lib/python3.12/site-packages'
[1.806s] Level 1:colcon.colcon_core.environment:checking '/home/hyh/Desktop/playground_hermes/tugbot_ros2_gazebo/ros2_ws_tugbot_nav_20260514/install/tugbot_gazebo/bin'
[1.806s] INFO:colcon.colcon_core.shell:Creating package script '/home/hyh/Desktop/playground_hermes/tugbot_ros2_gazebo/ros2_ws_tugbot_nav_20260514/install/tugbot_gazebo/share/tugbot_gazebo/package.ps1'
[1.807s] INFO:colcon.colcon_core.shell:Creating package descriptor '/home/hyh/Desktop/playground_hermes/tugbot_ros2_gazebo/ros2_ws_tugbot_nav_20260514/install/tugbot_gazebo/share/tugbot_gazebo/package.dsv'
[1.807s] INFO:colcon.colcon_core.shell:Creating package script '/home/hyh/Desktop/playground_hermes/tugbot_ros2_gazebo/ros2_ws_tugbot_nav_20260514/install/tugbot_gazebo/share/tugbot_gazebo/package.sh'
[1.807s] INFO:colcon.colcon_core.shell:Creating package script '/home/hyh/Desktop/playground_hermes/tugbot_ros2_gazebo/ros2_ws_tugbot_nav_20260514/install/tugbot_gazebo/share/tugbot_gazebo/package.bash'
[1.807s] INFO:colcon.colcon_core.shell:Creating package script '/home/hyh/Desktop/playground_hermes/tugbot_ros2_gazebo/ros2_ws_tugbot_nav_20260514/install/tugbot_gazebo/share/tugbot_gazebo/package.zsh'
[1.808s] Level 1:colcon.colcon_core.environment:create_file_with_runtime_dependencies(/home/hyh/Desktop/playground_hermes/tugbot_ros2_gazebo/ros2_ws_tugbot_nav_20260514/install/tugbot_gazebo/share/colcon-core/packages/tugbot_gazebo)
[1.808s] Level 1:colcon.colcon_core.environment:create_environment_scripts_only(tugbot_gazebo)
[1.808s] Level 1:colcon.colcon_core.environment:checking '/home/hyh/Desktop/playground_hermes/tugbot_ros2_gazebo/ros2_ws_tugbot_nav_20260514/install/tugbot_gazebo' for CMake module files
[1.808s] Level 1:colcon.colcon_core.environment:checking '/home/hyh/Desktop/playground_hermes/tugbot_ros2_gazebo/ros2_ws_tugbot_nav_20260514/install/tugbot_gazebo' for CMake config files
[1.809s] Level 1:colcon.colcon_core.shell:create_environment_hook('tugbot_gazebo', 'cmake_prefix_path')
[1.809s] INFO:colcon.colcon_core.shell:Creating environment hook '/home/hyh/Desktop/playground_hermes/tugbot_ros2_gazebo/ros2_ws_tugbot_nav_20260514/install/tugbot_gazebo/share/tugbot_gazebo/hook/cmake_prefix_path.ps1'
[1.809s] INFO:colcon.colcon_core.shell:Creating environment descriptor '/home/hyh/Desktop/playground_hermes/tugbot_ros2_gazebo/ros2_ws_tugbot_nav_20260514/install/tugbot_gazebo/share/tugbot_gazebo/hook/cmake_prefix_path.dsv'
[1.809s] INFO:colcon.colcon_core.shell:Creating environment hook '/home/hyh/Desktop/playground_hermes/tugbot_ros2_gazebo/ros2_ws_tugbot_nav_20260514/install/tugbot_gazebo/share/tugbot_gazebo/hook/cmake_prefix_path.sh'
[1.810s] Level 1:colcon.colcon_core.environment:checking '/home/hyh/Desktop/playground_hermes/tugbot_ros2_gazebo/ros2_ws_tugbot_nav_20260514/install/tugbot_gazebo/bin'
[1.810s] Level 1:colcon.colcon_core.environment:checking '/home/hyh/Desktop/playground_hermes/tugbot_ros2_gazebo/ros2_ws_tugbot_nav_20260514/install/tugbot_gazebo/lib/pkgconfig/tugbot_gazebo.pc'
[1.810s] Level 1:colcon.colcon_core.environment:checking '/home/hyh/Desktop/playground_hermes/tugbot_ros2_gazebo/ros2_ws_tugbot_nav_20260514/install/tugbot_gazebo/lib/python3.12/site-packages'
[1.810s] Level 1:colcon.colcon_core.environment:checking '/home/hyh/Desktop/playground_hermes/tugbot_ros2_gazebo/ros2_ws_tugbot_nav_20260514/install/tugbot_gazebo/bin'
[1.811s] INFO:colcon.colcon_core.shell:Creating package script '/home/hyh/Desktop/playground_hermes/tugbot_ros2_gazebo/ros2_ws_tugbot_nav_20260514/install/tugbot_gazebo/share/tugbot_gazebo/package.ps1'
[1.811s] INFO:colcon.colcon_core.shell:Creating package descriptor '/home/hyh/Desktop/playground_hermes/tugbot_ros2_gazebo/ros2_ws_tugbot_nav_20260514/install/tugbot_gazebo/share/tugbot_gazebo/package.dsv'
[1.811s] INFO:colcon.colcon_core.shell:Creating package script '/home/hyh/Desktop/playground_hermes/tugbot_ros2_gazebo/ros2_ws_tugbot_nav_20260514/install/tugbot_gazebo/share/tugbot_gazebo/package.sh'
[1.812s] INFO:colcon.colcon_core.shell:Creating package script '/home/hyh/Desktop/playground_hermes/tugbot_ros2_gazebo/ros2_ws_tugbot_nav_20260514/install/tugbot_gazebo/share/tugbot_gazebo/package.bash'
[1.812s] INFO:colcon.colcon_core.shell:Creating package script '/home/hyh/Desktop/playground_hermes/tugbot_ros2_gazebo/ros2_ws_tugbot_nav_20260514/install/tugbot_gazebo/share/tugbot_gazebo/package.zsh'
[1.812s] Level 1:colcon.colcon_core.environment:create_file_with_runtime_dependencies(/home/hyh/Desktop/playground_hermes/tugbot_ros2_gazebo/ros2_ws_tugbot_nav_20260514/install/tugbot_gazebo/share/colcon-core/packages/tugbot_gazebo)
[2.009s] Level 1:colcon.colcon_core.environment:create_environment_scripts_only(tugbot_description)
[2.009s] Level 1:colcon.colcon_core.environment:checking '/home/hyh/Desktop/playground_hermes/tugbot_ros2_gazebo/ros2_ws_tugbot_nav_20260514/install/tugbot_description' for CMake module files
[2.010s] DEBUG:colcon.colcon_core.event_handler.log_command:Invoked command in '/home/hyh/Desktop/playground_hermes/tugbot_ros2_gazebo/ros2_ws_tugbot_nav_20260514/build/tugbot_description' returned '0': CMAKE_PREFIX_PATH=${CMAKE_PREFIX_PATH}:/home/hyh/ws_moveit/install/moveit_configs_utils:/opt/ros/jazzy DEBUGINFOD_URLS=https://debuginfod.ubuntu.com /usr/bin/cmake --install /home/hyh/Desktop/playground_hermes/tugbot_ros2_gazebo/ros2_ws_tugbot_nav_20260514/build/tugbot_description
[2.010s] Level 1:colcon.colcon_core.environment:checking '/home/hyh/Desktop/playground_hermes/tugbot_ros2_gazebo/ros2_ws_tugbot_nav_20260514/install/tugbot_description' for CMake config files
[2.011s] Level 1:colcon.colcon_core.shell:create_environment_hook('tugbot_description', 'cmake_prefix_path')
[2.011s] INFO:colcon.colcon_core.shell:Creating environment hook '/home/hyh/Desktop/playground_hermes/tugbot_ros2_gazebo/ros2_ws_tugbot_nav_20260514/install/tugbot_description/share/tugbot_description/hook/cmake_prefix_path.ps1'
[2.011s] INFO:colcon.colcon_core.shell:Creating environment descriptor '/home/hyh/Desktop/playground_hermes/tugbot_ros2_gazebo/ros2_ws_tugbot_nav_20260514/install/tugbot_description/share/tugbot_description/hook/cmake_prefix_path.dsv'
[2.011s] INFO:colcon.colcon_core.shell:Creating environment hook '/home/hyh/Desktop/playground_hermes/tugbot_ros2_gazebo/ros2_ws_tugbot_nav_20260514/install/tugbot_description/share/tugbot_description/hook/cmake_prefix_path.sh'
[2.012s] Level 1:colcon.colcon_core.environment:checking '/home/hyh/Desktop/playground_hermes/tugbot_ros2_gazebo/ros2_ws_tugbot_nav_20260514/install/tugbot_description/bin'
[2.012s] Level 1:colcon.colcon_core.environment:checking '/home/hyh/Desktop/playground_hermes/tugbot_ros2_gazebo/ros2_ws_tugbot_nav_20260514/install/tugbot_description/lib/pkgconfig/tugbot_description.pc'
[2.012s] Level 1:colcon.colcon_core.environment:checking '/home/hyh/Desktop/playground_hermes/tugbot_ros2_gazebo/ros2_ws_tugbot_nav_20260514/install/tugbot_description/lib/python3.12/site-packages'
[2.012s] Level 1:colcon.colcon_core.environment:checking '/home/hyh/Desktop/playground_hermes/tugbot_ros2_gazebo/ros2_ws_tugbot_nav_20260514/install/tugbot_description/bin'
[2.012s] INFO:colcon.colcon_core.shell:Creating package script '/home/hyh/Desktop/playground_hermes/tugbot_ros2_gazebo/ros2_ws_tugbot_nav_20260514/install/tugbot_description/share/tugbot_description/package.ps1'
[2.013s] INFO:colcon.colcon_core.shell:Creating package descriptor '/home/hyh/Desktop/playground_hermes/tugbot_ros2_gazebo/ros2_ws_tugbot_nav_20260514/install/tugbot_description/share/tugbot_description/package.dsv'
[2.013s] INFO:colcon.colcon_core.shell:Creating package script '/home/hyh/Desktop/playground_hermes/tugbot_ros2_gazebo/ros2_ws_tugbot_nav_20260514/install/tugbot_description/share/tugbot_description/package.sh'
[2.013s] INFO:colcon.colcon_core.shell:Creating package script '/home/hyh/Desktop/playground_hermes/tugbot_ros2_gazebo/ros2_ws_tugbot_nav_20260514/install/tugbot_description/share/tugbot_description/package.bash'
[2.013s] INFO:colcon.colcon_core.shell:Creating package script '/home/hyh/Desktop/playground_hermes/tugbot_ros2_gazebo/ros2_ws_tugbot_nav_20260514/install/tugbot_description/share/tugbot_description/package.zsh'
[2.014s] Level 1:colcon.colcon_core.environment:create_file_with_runtime_dependencies(/home/hyh/Desktop/playground_hermes/tugbot_ros2_gazebo/ros2_ws_tugbot_nav_20260514/install/tugbot_description/share/colcon-core/packages/tugbot_description)
[2.014s] Level 1:colcon.colcon_core.environment:create_environment_scripts_only(tugbot_description)
[2.014s] Level 1:colcon.colcon_core.environment:checking '/home/hyh/Desktop/playground_hermes/tugbot_ros2_gazebo/ros2_ws_tugbot_nav_20260514/install/tugbot_description' for CMake module files
[2.014s] Level 1:colcon.colcon_core.environment:checking '/home/hyh/Desktop/playground_hermes/tugbot_ros2_gazebo/ros2_ws_tugbot_nav_20260514/install/tugbot_description' for CMake config files
[2.015s] Level 1:colcon.colcon_core.shell:create_environment_hook('tugbot_description', 'cmake_prefix_path')
[2.015s] INFO:colcon.colcon_core.shell:Creating environment hook '/home/hyh/Desktop/playground_hermes/tugbot_ros2_gazebo/ros2_ws_tugbot_nav_20260514/install/tugbot_description/share/tugbot_description/hook/cmake_prefix_path.ps1'
[2.015s] INFO:colcon.colcon_core.shell:Creating environment descriptor '/home/hyh/Desktop/playground_hermes/tugbot_ros2_gazebo/ros2_ws_tugbot_nav_20260514/install/tugbot_description/share/tugbot_description/hook/cmake_prefix_path.dsv'
[2.015s] INFO:colcon.colcon_core.shell:Creating environment hook '/home/hyh/Desktop/playground_hermes/tugbot_ros2_gazebo/ros2_ws_tugbot_nav_20260514/install/tugbot_description/share/tugbot_description/hook/cmake_prefix_path.sh'
[2.016s] Level 1:colcon.colcon_core.environment:checking '/home/hyh/Desktop/playground_hermes/tugbot_ros2_gazebo/ros2_ws_tugbot_nav_20260514/install/tugbot_description/bin'
[2.016s] Level 1:colcon.colcon_core.environment:checking '/home/hyh/Desktop/playground_hermes/tugbot_ros2_gazebo/ros2_ws_tugbot_nav_20260514/install/tugbot_description/lib/pkgconfig/tugbot_description.pc'
[2.016s] Level 1:colcon.colcon_core.environment:checking '/home/hyh/Desktop/playground_hermes/tugbot_ros2_gazebo/ros2_ws_tugbot_nav_20260514/install/tugbot_description/lib/python3.12/site-packages'
[2.016s] Level 1:colcon.colcon_core.environment:checking '/home/hyh/Desktop/playground_hermes/tugbot_ros2_gazebo/ros2_ws_tugbot_nav_20260514/install/tugbot_description/bin'
[2.016s] INFO:colcon.colcon_core.shell:Creating package script '/home/hyh/Desktop/playground_hermes/tugbot_ros2_gazebo/ros2_ws_tugbot_nav_20260514/install/tugbot_description/share/tugbot_description/package.ps1'
[2.016s] INFO:colcon.colcon_core.shell:Creating package descriptor '/home/hyh/Desktop/playground_hermes/tugbot_ros2_gazebo/ros2_ws_tugbot_nav_20260514/install/tugbot_description/share/tugbot_description/package.dsv'
[2.017s] INFO:colcon.colcon_core.shell:Creating package script '/home/hyh/Desktop/playground_hermes/tugbot_ros2_gazebo/ros2_ws_tugbot_nav_20260514/install/tugbot_description/share/tugbot_description/package.sh'
[2.017s] INFO:colcon.colcon_core.shell:Creating package script '/home/hyh/Desktop/playground_hermes/tugbot_ros2_gazebo/ros2_ws_tugbot_nav_20260514/install/tugbot_description/share/tugbot_description/package.bash'
[2.017s] INFO:colcon.colcon_core.shell:Creating package script '/home/hyh/Desktop/playground_hermes/tugbot_ros2_gazebo/ros2_ws_tugbot_nav_20260514/install/tugbot_description/share/tugbot_description/package.zsh'
[2.018s] Level 1:colcon.colcon_core.environment:create_file_with_runtime_dependencies(/home/hyh/Desktop/playground_hermes/tugbot_ros2_gazebo/ros2_ws_tugbot_nav_20260514/install/tugbot_description/share/colcon-core/packages/tugbot_description)
[2.018s] DEBUG:colcon.colcon_parallel_executor.executor.parallel:closing loop
[2.018s] DEBUG:colcon.colcon_parallel_executor.executor.parallel:loop closed
[2.018s] DEBUG:colcon.colcon_parallel_executor.executor.parallel:run_until_complete finished with '0'
[2.018s] DEBUG:colcon.colcon_core.event_reactor:joining thread
[2.024s] INFO:colcon.colcon_core.plugin_system:Skipping extension 'colcon_notification.desktop_notification.terminal_notifier': Not used on non-Darwin systems
[2.024s] INFO:colcon.colcon_core.plugin_system:Skipping extension 'colcon_notification.desktop_notification.win32': Not used on non-Windows systems
[2.024s] INFO:colcon.colcon_notification.desktop_notification:Sending desktop notification using 'notify2'
[2.045s] DEBUG:colcon.colcon_core.event_reactor:joined thread
[2.045s] INFO:colcon.colcon_core.shell:Creating prefix script '/home/hyh/Desktop/playground_hermes/tugbot_ros2_gazebo/ros2_ws_tugbot_nav_20260514/install/local_setup.ps1'
[2.046s] INFO:colcon.colcon_core.shell:Creating prefix util module '/home/hyh/Desktop/playground_hermes/tugbot_ros2_gazebo/ros2_ws_tugbot_nav_20260514/install/_local_setup_util_ps1.py'
[2.047s] INFO:colcon.colcon_core.shell:Creating prefix chain script '/home/hyh/Desktop/playground_hermes/tugbot_ros2_gazebo/ros2_ws_tugbot_nav_20260514/install/setup.ps1'
[2.050s] INFO:colcon.colcon_core.shell:Creating prefix script '/home/hyh/Desktop/playground_hermes/tugbot_ros2_gazebo/ros2_ws_tugbot_nav_20260514/install/local_setup.sh'
[2.050s] INFO:colcon.colcon_core.shell:Creating prefix util module '/home/hyh/Desktop/playground_hermes/tugbot_ros2_gazebo/ros2_ws_tugbot_nav_20260514/install/_local_setup_util_sh.py'
[2.051s] INFO:colcon.colcon_core.shell:Creating prefix chain script '/home/hyh/Desktop/playground_hermes/tugbot_ros2_gazebo/ros2_ws_tugbot_nav_20260514/install/setup.sh'
[2.053s] INFO:colcon.colcon_core.shell:Creating prefix script '/home/hyh/Desktop/playground_hermes/tugbot_ros2_gazebo/ros2_ws_tugbot_nav_20260514/install/local_setup.bash'
[2.053s] INFO:colcon.colcon_core.shell:Creating prefix chain script '/home/hyh/Desktop/playground_hermes/tugbot_ros2_gazebo/ros2_ws_tugbot_nav_20260514/install/setup.bash'
[2.056s] INFO:colcon.colcon_core.shell:Creating prefix script '/home/hyh/Desktop/playground_hermes/tugbot_ros2_gazebo/ros2_ws_tugbot_nav_20260514/install/local_setup.zsh'
[2.056s] INFO:colcon.colcon_core.shell:Creating prefix chain script '/home/hyh/Desktop/playground_hermes/tugbot_ros2_gazebo/ros2_ws_tugbot_nav_20260514/install/setup.zsh'
