[0.017s] Invoking command in '/home/hyh/Desktop/playground_hermes/tugbot_ros2_gazebo/ros2_ws_tugbot_nav_20260514/build/tugbot_gazebo': CMAKE_PREFIX_PATH=${CMAKE_PREFIX_PATH}:/home/hyh/ws_moveit/install/moveit_configs_utils:/opt/ros/jazzy DEBUGINFOD_URLS=https://debuginfod.ubuntu.com /usr/bin/cmake /home/hyh/Desktop/playground_hermes/tugbot_ros2_gazebo/ros2_ws_tugbot_nav_20260514/src/tugbot_gazebo -DAMENT_CMAKE_SYMLINK_INSTALL=1 -DCMAKE_INSTALL_PREFIX=/home/hyh/Desktop/playground_hermes/tugbot_ros2_gazebo/ros2_ws_tugbot_nav_20260514/install/tugbot_gazebo
[0.235s] -- The C compiler identification is GNU 13.3.0
[0.405s] -- The CXX compiler identification is GNU 13.3.0
[0.431s] -- Detecting C compiler ABI info
[0.566s] -- Detecting C compiler ABI info - done
[0.573s] -- Check for working C compiler: /usr/bin/cc - skipped
[0.574s] -- Detecting C compile features
[0.575s] -- Detecting C compile features - done
[0.591s] -- Detecting CXX compiler ABI info
[0.720s] -- Detecting CXX compiler ABI info - done
[0.727s] -- Check for working CXX compiler: /usr/bin/c++ - skipped
[0.727s] -- Detecting CXX compile features
[0.727s] -- Detecting CXX compile features - done
[0.851s] -- Found Python3: /usr/bin/python3 (found version "3.12.3") found components: Interpreter 
[0.887s] -- Found ament_cmake: 2.5.6 (/opt/ros/jazzy/share/ament_cmake/cmake)
[0.976s] -- Override CMake install command with custom implementation using symlinks instead of copying resources
[1.199s] -- Configuring done (1.2s)
[1.201s] -- Generating done (0.0s)
[1.203s] -- Build files have been written to: /home/hyh/Desktop/playground_hermes/tugbot_ros2_gazebo/ros2_ws_tugbot_nav_20260514/build/tugbot_gazebo
[1.209s] Invoked command in '/home/hyh/Desktop/playground_hermes/tugbot_ros2_gazebo/ros2_ws_tugbot_nav_20260514/build/tugbot_gazebo' returned '0': CMAKE_PREFIX_PATH=${CMAKE_PREFIX_PATH}:/home/hyh/ws_moveit/install/moveit_configs_utils:/opt/ros/jazzy DEBUGINFOD_URLS=https://debuginfod.ubuntu.com /usr/bin/cmake /home/hyh/Desktop/playground_hermes/tugbot_ros2_gazebo/ros2_ws_tugbot_nav_20260514/src/tugbot_gazebo -DAMENT_CMAKE_SYMLINK_INSTALL=1 -DCMAKE_INSTALL_PREFIX=/home/hyh/Desktop/playground_hermes/tugbot_ros2_gazebo/ros2_ws_tugbot_nav_20260514/install/tugbot_gazebo
[1.209s] Invoking command in '/home/hyh/Desktop/playground_hermes/tugbot_ros2_gazebo/ros2_ws_tugbot_nav_20260514/build/tugbot_gazebo': CMAKE_PREFIX_PATH=${CMAKE_PREFIX_PATH}:/home/hyh/ws_moveit/install/moveit_configs_utils:/opt/ros/jazzy DEBUGINFOD_URLS=https://debuginfod.ubuntu.com /usr/bin/cmake --build /home/hyh/Desktop/playground_hermes/tugbot_ros2_gazebo/ros2_ws_tugbot_nav_20260514/build/tugbot_gazebo -- -j8 -l8
[1.279s] Invoked command in '/home/hyh/Desktop/playground_hermes/tugbot_ros2_gazebo/ros2_ws_tugbot_nav_20260514/build/tugbot_gazebo' returned '0': CMAKE_PREFIX_PATH=${CMAKE_PREFIX_PATH}:/home/hyh/ws_moveit/install/moveit_configs_utils:/opt/ros/jazzy DEBUGINFOD_URLS=https://debuginfod.ubuntu.com /usr/bin/cmake --build /home/hyh/Desktop/playground_hermes/tugbot_ros2_gazebo/ros2_ws_tugbot_nav_20260514/build/tugbot_gazebo -- -j8 -l8
[1.279s] Invoking command in '/home/hyh/Desktop/playground_hermes/tugbot_ros2_gazebo/ros2_ws_tugbot_nav_20260514/build/tugbot_gazebo': CMAKE_PREFIX_PATH=${CMAKE_PREFIX_PATH}:/home/hyh/ws_moveit/install/moveit_configs_utils:/opt/ros/jazzy DEBUGINFOD_URLS=https://debuginfod.ubuntu.com /usr/bin/cmake --install /home/hyh/Desktop/playground_hermes/tugbot_ros2_gazebo/ros2_ws_tugbot_nav_20260514/build/tugbot_gazebo
[1.291s] -- Install configuration: ""
[1.292s] -- Execute custom install script
[1.292s] -- Symlinking: /home/hyh/Desktop/playground_hermes/tugbot_ros2_gazebo/ros2_ws_tugbot_nav_20260514/install/tugbot_gazebo/share/tugbot_gazebo/launch/tugbot_gazebo.launch.py
[1.303s] -- Symlinking: /home/hyh/Desktop/playground_hermes/tugbot_ros2_gazebo/ros2_ws_tugbot_nav_20260514/install/tugbot_gazebo/share/tugbot_gazebo/config/tugbot_bridge.yaml
[1.315s] -- Symlinking: /home/hyh/Desktop/playground_hermes/tugbot_ros2_gazebo/ros2_ws_tugbot_nav_20260514/install/tugbot_gazebo/share/tugbot_gazebo/worlds/tugbot_empty_world.sdf
[1.329s] -- Symlinking: /home/hyh/Desktop/playground_hermes/tugbot_ros2_gazebo/ros2_ws_tugbot_nav_20260514/install/tugbot_gazebo/share/tugbot_gazebo/worlds/tugbot_nav_world.sdf
[1.342s] -- Symlinking: /home/hyh/Desktop/playground_hermes/tugbot_ros2_gazebo/ros2_ws_tugbot_nav_20260514/install/tugbot_gazebo/share/tugbot_gazebo/package.xml
[1.357s] -- Symlinking: /home/hyh/Desktop/playground_hermes/tugbot_ros2_gazebo/ros2_ws_tugbot_nav_20260514/install/tugbot_gazebo/share/ament_index/resource_index/package_run_dependencies/tugbot_gazebo
[1.373s] -- Symlinking: /home/hyh/Desktop/playground_hermes/tugbot_ros2_gazebo/ros2_ws_tugbot_nav_20260514/install/tugbot_gazebo/share/ament_index/resource_index/parent_prefix_path/tugbot_gazebo
[1.388s] -- Symlinking: /home/hyh/Desktop/playground_hermes/tugbot_ros2_gazebo/ros2_ws_tugbot_nav_20260514/install/tugbot_gazebo/share/tugbot_gazebo/environment/ament_prefix_path.sh
[1.400s] -- Symlinking: /home/hyh/Desktop/playground_hermes/tugbot_ros2_gazebo/ros2_ws_tugbot_nav_20260514/install/tugbot_gazebo/share/tugbot_gazebo/environment/ament_prefix_path.dsv
[1.411s] -- Symlinking: /home/hyh/Desktop/playground_hermes/tugbot_ros2_gazebo/ros2_ws_tugbot_nav_20260514/install/tugbot_gazebo/share/tugbot_gazebo/environment/path.sh
[1.424s] -- Symlinking: /home/hyh/Desktop/playground_hermes/tugbot_ros2_gazebo/ros2_ws_tugbot_nav_20260514/install/tugbot_gazebo/share/tugbot_gazebo/environment/path.dsv
[1.436s] -- Symlinking: /home/hyh/Desktop/playground_hermes/tugbot_ros2_gazebo/ros2_ws_tugbot_nav_20260514/install/tugbot_gazebo/share/tugbot_gazebo/local_setup.bash
[1.450s] -- Symlinking: /home/hyh/Desktop/playground_hermes/tugbot_ros2_gazebo/ros2_ws_tugbot_nav_20260514/install/tugbot_gazebo/share/tugbot_gazebo/local_setup.sh
[1.464s] -- Symlinking: /home/hyh/Desktop/playground_hermes/tugbot_ros2_gazebo/ros2_ws_tugbot_nav_20260514/install/tugbot_gazebo/share/tugbot_gazebo/local_setup.zsh
[1.478s] -- Symlinking: /home/hyh/Desktop/playground_hermes/tugbot_ros2_gazebo/ros2_ws_tugbot_nav_20260514/install/tugbot_gazebo/share/tugbot_gazebo/local_setup.dsv
[1.492s] -- Symlinking: /home/hyh/Desktop/playground_hermes/tugbot_ros2_gazebo/ros2_ws_tugbot_nav_20260514/install/tugbot_gazebo/share/tugbot_gazebo/package.dsv
[1.505s] -- Symlinking: /home/hyh/Desktop/playground_hermes/tugbot_ros2_gazebo/ros2_ws_tugbot_nav_20260514/install/tugbot_gazebo/share/ament_index/resource_index/packages/tugbot_gazebo
[1.518s] -- Symlinking: /home/hyh/Desktop/playground_hermes/tugbot_ros2_gazebo/ros2_ws_tugbot_nav_20260514/install/tugbot_gazebo/share/tugbot_gazebo/cmake/tugbot_gazeboConfig.cmake
[1.533s] -- Symlinking: /home/hyh/Desktop/playground_hermes/tugbot_ros2_gazebo/ros2_ws_tugbot_nav_20260514/install/tugbot_gazebo/share/tugbot_gazebo/cmake/tugbot_gazeboConfig-version.cmake
[1.548s] -- Up-to-date symlink: /home/hyh/Desktop/playground_hermes/tugbot_ros2_gazebo/ros2_ws_tugbot_nav_20260514/install/tugbot_gazebo/share/tugbot_gazebo/package.xml
[1.560s] Invoked command in '/home/hyh/Desktop/playground_hermes/tugbot_ros2_gazebo/ros2_ws_tugbot_nav_20260514/build/tugbot_gazebo' returned '0': CMAKE_PREFIX_PATH=${CMAKE_PREFIX_PATH}:/home/hyh/ws_moveit/install/moveit_configs_utils:/opt/ros/jazzy DEBUGINFOD_URLS=https://debuginfod.ubuntu.com /usr/bin/cmake --install /home/hyh/Desktop/playground_hermes/tugbot_ros2_gazebo/ros2_ws_tugbot_nav_20260514/build/tugbot_gazebo
