[0.021s] Invoking command in '/home/hyh/Desktop/playground_hermes/tugbot_ros2_gazebo/ros2_ws_tugbot_nav_20260513/build/tugbot_navigation': CMAKE_PREFIX_PATH=${CMAKE_PREFIX_PATH}:/home/hyh/ws_moveit/install/moveit_configs_utils:/opt/ros/jazzy DEBUGINFOD_URLS=https://debuginfod.ubuntu.com /usr/bin/cmake /home/hyh/Desktop/playground_hermes/tugbot_ros2_gazebo/ros2_ws_tugbot_nav_20260513/src/tugbot_navigation -DAMENT_CMAKE_SYMLINK_INSTALL=1 -DCMAKE_INSTALL_PREFIX=/home/hyh/Desktop/playground_hermes/tugbot_ros2_gazebo/ros2_ws_tugbot_nav_20260513/install/tugbot_navigation
[0.358s] -- The C compiler identification is GNU 13.3.0
[0.519s] -- The CXX compiler identification is GNU 13.3.0
[0.558s] -- Detecting C compiler ABI info
[0.716s] -- Detecting C compiler ABI info - done
[0.722s] -- Check for working C compiler: /usr/bin/cc - skipped
[0.722s] -- Detecting C compile features
[0.723s] -- Detecting C compile features - done
[0.733s] -- Detecting CXX compiler ABI info
[0.886s] -- Detecting CXX compiler ABI info - done
[0.893s] -- Check for working CXX compiler: /usr/bin/c++ - skipped
[0.893s] -- Detecting CXX compile features
[0.893s] -- Detecting CXX compile features - done
[1.024s] -- Found Python3: /usr/bin/python3 (found version "3.12.3") found components: Interpreter 
[1.044s] -- Found ament_cmake: 2.5.6 (/opt/ros/jazzy/share/ament_cmake/cmake)
[1.159s] -- Override CMake install command with custom implementation using symlinks instead of copying resources
[1.414s] -- Configuring done (1.4s)
[1.419s] -- Generating done (0.0s)
[1.419s] -- Build files have been written to: /home/hyh/Desktop/playground_hermes/tugbot_ros2_gazebo/ros2_ws_tugbot_nav_20260513/build/tugbot_navigation
[1.431s] Invoked command in '/home/hyh/Desktop/playground_hermes/tugbot_ros2_gazebo/ros2_ws_tugbot_nav_20260513/build/tugbot_navigation' returned '0': CMAKE_PREFIX_PATH=${CMAKE_PREFIX_PATH}:/home/hyh/ws_moveit/install/moveit_configs_utils:/opt/ros/jazzy DEBUGINFOD_URLS=https://debuginfod.ubuntu.com /usr/bin/cmake /home/hyh/Desktop/playground_hermes/tugbot_ros2_gazebo/ros2_ws_tugbot_nav_20260513/src/tugbot_navigation -DAMENT_CMAKE_SYMLINK_INSTALL=1 -DCMAKE_INSTALL_PREFIX=/home/hyh/Desktop/playground_hermes/tugbot_ros2_gazebo/ros2_ws_tugbot_nav_20260513/install/tugbot_navigation
[1.432s] Invoking command in '/home/hyh/Desktop/playground_hermes/tugbot_ros2_gazebo/ros2_ws_tugbot_nav_20260513/build/tugbot_navigation': CMAKE_PREFIX_PATH=${CMAKE_PREFIX_PATH}:/home/hyh/ws_moveit/install/moveit_configs_utils:/opt/ros/jazzy DEBUGINFOD_URLS=https://debuginfod.ubuntu.com /usr/bin/cmake --build /home/hyh/Desktop/playground_hermes/tugbot_ros2_gazebo/ros2_ws_tugbot_nav_20260513/build/tugbot_navigation -- -j8 -l8
[1.518s] Invoked command in '/home/hyh/Desktop/playground_hermes/tugbot_ros2_gazebo/ros2_ws_tugbot_nav_20260513/build/tugbot_navigation' returned '0': CMAKE_PREFIX_PATH=${CMAKE_PREFIX_PATH}:/home/hyh/ws_moveit/install/moveit_configs_utils:/opt/ros/jazzy DEBUGINFOD_URLS=https://debuginfod.ubuntu.com /usr/bin/cmake --build /home/hyh/Desktop/playground_hermes/tugbot_ros2_gazebo/ros2_ws_tugbot_nav_20260513/build/tugbot_navigation -- -j8 -l8
[1.534s] Invoking command in '/home/hyh/Desktop/playground_hermes/tugbot_ros2_gazebo/ros2_ws_tugbot_nav_20260513/build/tugbot_navigation': CMAKE_PREFIX_PATH=${CMAKE_PREFIX_PATH}:/home/hyh/ws_moveit/install/moveit_configs_utils:/opt/ros/jazzy DEBUGINFOD_URLS=https://debuginfod.ubuntu.com /usr/bin/cmake --install /home/hyh/Desktop/playground_hermes/tugbot_ros2_gazebo/ros2_ws_tugbot_nav_20260513/build/tugbot_navigation
[1.553s] -- Install configuration: ""
[1.553s] -- Execute custom install script
[1.553s] -- Symlinking: /home/hyh/Desktop/playground_hermes/tugbot_ros2_gazebo/ros2_ws_tugbot_nav_20260513/install/tugbot_navigation/share/tugbot_navigation/config/nav2_params.yaml
[1.569s] -- Symlinking: /home/hyh/Desktop/playground_hermes/tugbot_ros2_gazebo/ros2_ws_tugbot_nav_20260513/install/tugbot_navigation/share/tugbot_navigation/maps/map_1725111373.pgm
[1.588s] -- Symlinking: /home/hyh/Desktop/playground_hermes/tugbot_ros2_gazebo/ros2_ws_tugbot_nav_20260513/install/tugbot_navigation/share/tugbot_navigation/maps/map_1725111373.yaml
[1.611s] -- Symlinking: /home/hyh/Desktop/playground_hermes/tugbot_ros2_gazebo/ros2_ws_tugbot_nav_20260513/install/tugbot_navigation/share/tugbot_navigation/package.xml
[1.624s] -- Symlinking: /home/hyh/Desktop/playground_hermes/tugbot_ros2_gazebo/ros2_ws_tugbot_nav_20260513/install/tugbot_navigation/share/ament_index/resource_index/package_run_dependencies/tugbot_navigation
[1.641s] -- Symlinking: /home/hyh/Desktop/playground_hermes/tugbot_ros2_gazebo/ros2_ws_tugbot_nav_20260513/install/tugbot_navigation/share/ament_index/resource_index/parent_prefix_path/tugbot_navigation
[1.659s] -- Symlinking: /home/hyh/Desktop/playground_hermes/tugbot_ros2_gazebo/ros2_ws_tugbot_nav_20260513/install/tugbot_navigation/share/tugbot_navigation/environment/ament_prefix_path.sh
[1.676s] -- Symlinking: /home/hyh/Desktop/playground_hermes/tugbot_ros2_gazebo/ros2_ws_tugbot_nav_20260513/install/tugbot_navigation/share/tugbot_navigation/environment/ament_prefix_path.dsv
[1.694s] -- Symlinking: /home/hyh/Desktop/playground_hermes/tugbot_ros2_gazebo/ros2_ws_tugbot_nav_20260513/install/tugbot_navigation/share/tugbot_navigation/environment/path.sh
[1.711s] -- Symlinking: /home/hyh/Desktop/playground_hermes/tugbot_ros2_gazebo/ros2_ws_tugbot_nav_20260513/install/tugbot_navigation/share/tugbot_navigation/environment/path.dsv
[1.727s] -- Symlinking: /home/hyh/Desktop/playground_hermes/tugbot_ros2_gazebo/ros2_ws_tugbot_nav_20260513/install/tugbot_navigation/share/tugbot_navigation/local_setup.bash
[1.743s] -- Symlinking: /home/hyh/Desktop/playground_hermes/tugbot_ros2_gazebo/ros2_ws_tugbot_nav_20260513/install/tugbot_navigation/share/tugbot_navigation/local_setup.sh
[1.761s] -- Symlinking: /home/hyh/Desktop/playground_hermes/tugbot_ros2_gazebo/ros2_ws_tugbot_nav_20260513/install/tugbot_navigation/share/tugbot_navigation/local_setup.zsh
[1.775s] -- Symlinking: /home/hyh/Desktop/playground_hermes/tugbot_ros2_gazebo/ros2_ws_tugbot_nav_20260513/install/tugbot_navigation/share/tugbot_navigation/local_setup.dsv
[1.794s] -- Symlinking: /home/hyh/Desktop/playground_hermes/tugbot_ros2_gazebo/ros2_ws_tugbot_nav_20260513/install/tugbot_navigation/share/tugbot_navigation/package.dsv
[1.813s] -- Symlinking: /home/hyh/Desktop/playground_hermes/tugbot_ros2_gazebo/ros2_ws_tugbot_nav_20260513/install/tugbot_navigation/share/ament_index/resource_index/packages/tugbot_navigation
[1.828s] -- Symlinking: /home/hyh/Desktop/playground_hermes/tugbot_ros2_gazebo/ros2_ws_tugbot_nav_20260513/install/tugbot_navigation/share/tugbot_navigation/cmake/tugbot_navigationConfig.cmake
[1.844s] -- Symlinking: /home/hyh/Desktop/playground_hermes/tugbot_ros2_gazebo/ros2_ws_tugbot_nav_20260513/install/tugbot_navigation/share/tugbot_navigation/cmake/tugbot_navigationConfig-version.cmake
[1.861s] -- Up-to-date symlink: /home/hyh/Desktop/playground_hermes/tugbot_ros2_gazebo/ros2_ws_tugbot_nav_20260513/install/tugbot_navigation/share/tugbot_navigation/package.xml
[1.862s] Invoked command in '/home/hyh/Desktop/playground_hermes/tugbot_ros2_gazebo/ros2_ws_tugbot_nav_20260513/build/tugbot_navigation' returned '0': CMAKE_PREFIX_PATH=${CMAKE_PREFIX_PATH}:/home/hyh/ws_moveit/install/moveit_configs_utils:/opt/ros/jazzy DEBUGINFOD_URLS=https://debuginfod.ubuntu.com /usr/bin/cmake --install /home/hyh/Desktop/playground_hermes/tugbot_ros2_gazebo/ros2_ws_tugbot_nav_20260513/build/tugbot_navigation
