running develop
running egg_info
creating tugbot_exploration.egg-info
writing tugbot_exploration.egg-info/PKG-INFO
writing dependency_links to tugbot_exploration.egg-info/dependency_links.txt
writing entry points to tugbot_exploration.egg-info/entry_points.txt
writing requirements to tugbot_exploration.egg-info/requires.txt
writing top-level names to tugbot_exploration.egg-info/top_level.txt
writing manifest file 'tugbot_exploration.egg-info/SOURCES.txt'
reading manifest file 'tugbot_exploration.egg-info/SOURCES.txt'
writing manifest file 'tugbot_exploration.egg-info/SOURCES.txt'
running build_ext
Creating /home/hyh/Desktop/playground_hermes/tugbot_ros2_gazebo/ros2_ws_tugbot_nav_20260514/install/tugbot_exploration/lib/python3.12/site-packages/tugbot-exploration.egg-link (link to .)
Installing frontier_explorer script to /home/hyh/Desktop/playground_hermes/tugbot_ros2_gazebo/ros2_ws_tugbot_nav_20260514/install/tugbot_exploration/lib/tugbot_exploration

Installed /home/hyh/Desktop/playground_hermes/tugbot_ros2_gazebo/ros2_ws_tugbot_nav_20260514/build/tugbot_exploration
running symlink_data
creating /home/hyh/Desktop/playground_hermes/tugbot_ros2_gazebo/ros2_ws_tugbot_nav_20260514/install/tugbot_exploration/share/ament_index
creating /home/hyh/Desktop/playground_hermes/tugbot_ros2_gazebo/ros2_ws_tugbot_nav_20260514/install/tugbot_exploration/share/ament_index/resource_index
creating /home/hyh/Desktop/playground_hermes/tugbot_ros2_gazebo/ros2_ws_tugbot_nav_20260514/install/tugbot_exploration/share/ament_index/resource_index/packages
symbolically linking /home/hyh/Desktop/playground_hermes/tugbot_ros2_gazebo/ros2_ws_tugbot_nav_20260514/build/tugbot_exploration/resource/tugbot_exploration -> /home/hyh/Desktop/playground_hermes/tugbot_ros2_gazebo/ros2_ws_tugbot_nav_20260514/install/tugbot_exploration/share/ament_index/resource_index/packages
symbolically linking /home/hyh/Desktop/playground_hermes/tugbot_ros2_gazebo/ros2_ws_tugbot_nav_20260514/build/tugbot_exploration/package.xml -> /home/hyh/Desktop/playground_hermes/tugbot_ros2_gazebo/ros2_ws_tugbot_nav_20260514/install/tugbot_exploration/share/tugbot_exploration
