[0.088s] DEBUG:colcon:Command line arguments: ['/usr/bin/colcon', 'build', '--symlink-install']
[0.088s] DEBUG:colcon:Parsed command line arguments: Namespace(log_base=None, log_level=None, verb_name='build', build_base='build', install_base='install', merge_install=False, symlink_install=True, test_result_base=None, continue_on_error=False, executor='parallel', parallel_workers=8, event_handlers=None, ignore_user_meta=False, metas=['./colcon.meta'], base_paths=['.'], packages_ignore=None, packages_ignore_regex=None, paths=None, packages_up_to=None, packages_up_to_regex=None, packages_above=None, packages_above_and_dependencies=None, packages_above_depth=None, packages_select_by_dep=None, packages_skip_by_dep=None, packages_skip_up_to=None, packages_select_build_failed=False, packages_skip_build_finished=False, packages_select_test_failures=False, packages_skip_test_passed=False, packages_select=None, packages_skip=None, packages_select_regex=None, packages_skip_regex=None, packages_start=None, packages_end=None, allow_overriding=[], cmake_args=None, cmake_target=None, cmake_target_skip_unavailable=False, cmake_clean_cache=False, cmake_clean_first=False, cmake_force_configure=False, ament_cmake_args=None, catkin_cmake_args=None, catkin_skip_building_tests=False, mixin_files=None, mixin=None, verb_parser=<colcon_mixin.mixin.mixin_argument.MixinArgumentDecorator object at 0x71ade8d8b890>, verb_extension=<colcon_core.verb.build.BuildVerb object at 0x71ade9766540>, main=<bound method BuildVerb.main of <colcon_core.verb.build.BuildVerb object at 0x71ade9766540>>, mixin_verb=('build',))
[0.121s] Level 1:colcon.colcon_core.package_discovery:discover_packages(colcon_meta) check parameters
[0.121s] Level 1:colcon.colcon_core.package_discovery:discover_packages(recursive) check parameters
[0.121s] Level 1:colcon.colcon_core.package_discovery:discover_packages(ignore) check parameters
[0.121s] Level 1:colcon.colcon_core.package_discovery:discover_packages(path) check parameters
[0.121s] Level 1:colcon.colcon_core.package_discovery:discover_packages(colcon_meta) discover
[0.121s] Level 1:colcon.colcon_core.package_discovery:discover_packages(recursive) discover
[0.121s] INFO:colcon.colcon_core.package_discovery:Crawling recursively for packages in '/home/hyh/Desktop/playground_hermes/tugbot_ros2_gazebo/ros2_ws_tugbot_nav_20260514'
[0.121s] Level 1:colcon.colcon_core.package_identification:_identify(.) by extensions ['ignore', 'ignore_ament_install']
[0.121s] Level 1:colcon.colcon_core.package_identification:_identify(.) by extension 'ignore'
[0.121s] Level 1:colcon.colcon_core.package_identification:_identify(.) by extension 'ignore_ament_install'
[0.121s] Level 1:colcon.colcon_core.package_identification:_identify(.) by extensions ['colcon_pkg']
[0.121s] Level 1:colcon.colcon_core.package_identification:_identify(.) by extension 'colcon_pkg'
[0.121s] Level 1:colcon.colcon_core.package_identification:_identify(.) by extensions ['colcon_meta']
[0.121s] Level 1:colcon.colcon_core.package_identification:_identify(.) by extension 'colcon_meta'
[0.121s] Level 1:colcon.colcon_core.package_identification:_identify(.) by extensions ['ros']
[0.121s] Level 1:colcon.colcon_core.package_identification:_identify(.) by extension 'ros'
[0.147s] Level 1:colcon.colcon_core.package_identification:_identify(.) by extensions ['cmake', 'python']
[0.147s] Level 1:colcon.colcon_core.package_identification:_identify(.) by extension 'cmake'
[0.147s] Level 1:colcon.colcon_core.package_identification:_identify(.) by extension 'python'
[0.147s] Level 1:colcon.colcon_core.package_identification:_identify(.) by extensions ['python_setup_py']
[0.147s] Level 1:colcon.colcon_core.package_identification:_identify(.) by extension 'python_setup_py'
[0.148s] Level 1:colcon.colcon_core.package_identification:_identify(build) by extensions ['ignore', 'ignore_ament_install']
[0.148s] Level 1:colcon.colcon_core.package_identification:_identify(build) by extension 'ignore'
[0.148s] Level 1:colcon.colcon_core.package_identification:_identify(build) ignored
[0.148s] Level 1:colcon.colcon_core.package_identification:_identify(doc) by extensions ['ignore', 'ignore_ament_install']
[0.148s] Level 1:colcon.colcon_core.package_identification:_identify(doc) by extension 'ignore'
[0.148s] Level 1:colcon.colcon_core.package_identification:_identify(doc) by extension 'ignore_ament_install'
[0.148s] Level 1:colcon.colcon_core.package_identification:_identify(doc) by extensions ['colcon_pkg']
[0.148s] Level 1:colcon.colcon_core.package_identification:_identify(doc) by extension 'colcon_pkg'
[0.148s] Level 1:colcon.colcon_core.package_identification:_identify(doc) by extensions ['colcon_meta']
[0.148s] Level 1:colcon.colcon_core.package_identification:_identify(doc) by extension 'colcon_meta'
[0.148s] Level 1:colcon.colcon_core.package_identification:_identify(doc) by extensions ['ros']
[0.148s] Level 1:colcon.colcon_core.package_identification:_identify(doc) by extension 'ros'
[0.148s] Level 1:colcon.colcon_core.package_identification:_identify(doc) by extensions ['cmake', 'python']
[0.148s] Level 1:colcon.colcon_core.package_identification:_identify(doc) by extension 'cmake'
[0.148s] Level 1:colcon.colcon_core.package_identification:_identify(doc) by extension 'python'
[0.148s] Level 1:colcon.colcon_core.package_identification:_identify(doc) by extensions ['python_setup_py']
[0.148s] Level 1:colcon.colcon_core.package_identification:_identify(doc) by extension 'python_setup_py'
[0.148s] Level 1:colcon.colcon_core.package_identification:_identify(doc/doc_diagnosis) by extensions ['ignore', 'ignore_ament_install']
[0.148s] Level 1:colcon.colcon_core.package_identification:_identify(doc/doc_diagnosis) by extension 'ignore'
[0.148s] Level 1:colcon.colcon_core.package_identification:_identify(doc/doc_diagnosis) by extension 'ignore_ament_install'
[0.149s] Level 1:colcon.colcon_core.package_identification:_identify(doc/doc_diagnosis) by extensions ['colcon_pkg']
[0.149s] Level 1:colcon.colcon_core.package_identification:_identify(doc/doc_diagnosis) by extension 'colcon_pkg'
[0.149s] Level 1:colcon.colcon_core.package_identification:_identify(doc/doc_diagnosis) by extensions ['colcon_meta']
[0.149s] Level 1:colcon.colcon_core.package_identification:_identify(doc/doc_diagnosis) by extension 'colcon_meta'
[0.149s] Level 1:colcon.colcon_core.package_identification:_identify(doc/doc_diagnosis) by extensions ['ros']
[0.149s] Level 1:colcon.colcon_core.package_identification:_identify(doc/doc_diagnosis) by extension 'ros'
[0.149s] Level 1:colcon.colcon_core.package_identification:_identify(doc/doc_diagnosis) by extensions ['cmake', 'python']
[0.149s] Level 1:colcon.colcon_core.package_identification:_identify(doc/doc_diagnosis) by extension 'cmake'
[0.149s] Level 1:colcon.colcon_core.package_identification:_identify(doc/doc_diagnosis) by extension 'python'
[0.149s] Level 1:colcon.colcon_core.package_identification:_identify(doc/doc_diagnosis) by extensions ['python_setup_py']
[0.149s] Level 1:colcon.colcon_core.package_identification:_identify(doc/doc_diagnosis) by extension 'python_setup_py'
[0.149s] Level 1:colcon.colcon_core.package_identification:_identify(doc/doc_experience) by extensions ['ignore', 'ignore_ament_install']
[0.149s] Level 1:colcon.colcon_core.package_identification:_identify(doc/doc_experience) by extension 'ignore'
[0.149s] Level 1:colcon.colcon_core.package_identification:_identify(doc/doc_experience) by extension 'ignore_ament_install'
[0.149s] Level 1:colcon.colcon_core.package_identification:_identify(doc/doc_experience) by extensions ['colcon_pkg']
[0.149s] Level 1:colcon.colcon_core.package_identification:_identify(doc/doc_experience) by extension 'colcon_pkg'
[0.149s] Level 1:colcon.colcon_core.package_identification:_identify(doc/doc_experience) by extensions ['colcon_meta']
[0.149s] Level 1:colcon.colcon_core.package_identification:_identify(doc/doc_experience) by extension 'colcon_meta'
[0.149s] Level 1:colcon.colcon_core.package_identification:_identify(doc/doc_experience) by extensions ['ros']
[0.149s] Level 1:colcon.colcon_core.package_identification:_identify(doc/doc_experience) by extension 'ros'
[0.149s] Level 1:colcon.colcon_core.package_identification:_identify(doc/doc_experience) by extensions ['cmake', 'python']
[0.149s] Level 1:colcon.colcon_core.package_identification:_identify(doc/doc_experience) by extension 'cmake'
[0.149s] Level 1:colcon.colcon_core.package_identification:_identify(doc/doc_experience) by extension 'python'
[0.149s] Level 1:colcon.colcon_core.package_identification:_identify(doc/doc_experience) by extensions ['python_setup_py']
[0.149s] Level 1:colcon.colcon_core.package_identification:_identify(doc/doc_experience) by extension 'python_setup_py'
[0.149s] Level 1:colcon.colcon_core.package_identification:_identify(doc/doc_proposal) by extensions ['ignore', 'ignore_ament_install']
[0.149s] Level 1:colcon.colcon_core.package_identification:_identify(doc/doc_proposal) by extension 'ignore'
[0.149s] Level 1:colcon.colcon_core.package_identification:_identify(doc/doc_proposal) by extension 'ignore_ament_install'
[0.149s] Level 1:colcon.colcon_core.package_identification:_identify(doc/doc_proposal) by extensions ['colcon_pkg']
[0.149s] Level 1:colcon.colcon_core.package_identification:_identify(doc/doc_proposal) by extension 'colcon_pkg'
[0.149s] Level 1:colcon.colcon_core.package_identification:_identify(doc/doc_proposal) by extensions ['colcon_meta']
[0.149s] Level 1:colcon.colcon_core.package_identification:_identify(doc/doc_proposal) by extension 'colcon_meta'
[0.149s] Level 1:colcon.colcon_core.package_identification:_identify(doc/doc_proposal) by extensions ['ros']
[0.149s] Level 1:colcon.colcon_core.package_identification:_identify(doc/doc_proposal) by extension 'ros'
[0.150s] Level 1:colcon.colcon_core.package_identification:_identify(doc/doc_proposal) by extensions ['cmake', 'python']
[0.150s] Level 1:colcon.colcon_core.package_identification:_identify(doc/doc_proposal) by extension 'cmake'
[0.150s] Level 1:colcon.colcon_core.package_identification:_identify(doc/doc_proposal) by extension 'python'
[0.150s] Level 1:colcon.colcon_core.package_identification:_identify(doc/doc_proposal) by extensions ['python_setup_py']
[0.150s] Level 1:colcon.colcon_core.package_identification:_identify(doc/doc_proposal) by extension 'python_setup_py'
[0.150s] Level 1:colcon.colcon_core.package_identification:_identify(doc/doc_report) by extensions ['ignore', 'ignore_ament_install']
[0.150s] Level 1:colcon.colcon_core.package_identification:_identify(doc/doc_report) by extension 'ignore'
[0.150s] Level 1:colcon.colcon_core.package_identification:_identify(doc/doc_report) by extension 'ignore_ament_install'
[0.150s] Level 1:colcon.colcon_core.package_identification:_identify(doc/doc_report) by extensions ['colcon_pkg']
[0.150s] Level 1:colcon.colcon_core.package_identification:_identify(doc/doc_report) by extension 'colcon_pkg'
[0.150s] Level 1:colcon.colcon_core.package_identification:_identify(doc/doc_report) by extensions ['colcon_meta']
[0.150s] Level 1:colcon.colcon_core.package_identification:_identify(doc/doc_report) by extension 'colcon_meta'
[0.150s] Level 1:colcon.colcon_core.package_identification:_identify(doc/doc_report) by extensions ['ros']
[0.150s] Level 1:colcon.colcon_core.package_identification:_identify(doc/doc_report) by extension 'ros'
[0.150s] Level 1:colcon.colcon_core.package_identification:_identify(doc/doc_report) by extensions ['cmake', 'python']
[0.150s] Level 1:colcon.colcon_core.package_identification:_identify(doc/doc_report) by extension 'cmake'
[0.150s] Level 1:colcon.colcon_core.package_identification:_identify(doc/doc_report) by extension 'python'
[0.150s] Level 1:colcon.colcon_core.package_identification:_identify(doc/doc_report) by extensions ['python_setup_py']
[0.150s] Level 1:colcon.colcon_core.package_identification:_identify(doc/doc_report) by extension 'python_setup_py'
[0.150s] Level 1:colcon.colcon_core.package_identification:_identify(install) by extensions ['ignore', 'ignore_ament_install']
[0.150s] Level 1:colcon.colcon_core.package_identification:_identify(install) by extension 'ignore'
[0.150s] Level 1:colcon.colcon_core.package_identification:_identify(install) ignored
[0.150s] Level 1:colcon.colcon_core.package_identification:_identify(log) by extensions ['ignore', 'ignore_ament_install']
[0.150s] Level 1:colcon.colcon_core.package_identification:_identify(log) by extension 'ignore'
[0.150s] Level 1:colcon.colcon_core.package_identification:_identify(log) ignored
[0.150s] Level 1:colcon.colcon_core.package_identification:_identify(scripts) by extensions ['ignore', 'ignore_ament_install']
[0.151s] Level 1:colcon.colcon_core.package_identification:_identify(scripts) by extension 'ignore'
[0.151s] Level 1:colcon.colcon_core.package_identification:_identify(scripts) by extension 'ignore_ament_install'
[0.151s] Level 1:colcon.colcon_core.package_identification:_identify(scripts) by extensions ['colcon_pkg']
[0.151s] Level 1:colcon.colcon_core.package_identification:_identify(scripts) by extension 'colcon_pkg'
[0.151s] Level 1:colcon.colcon_core.package_identification:_identify(scripts) by extensions ['colcon_meta']
[0.151s] Level 1:colcon.colcon_core.package_identification:_identify(scripts) by extension 'colcon_meta'
[0.151s] Level 1:colcon.colcon_core.package_identification:_identify(scripts) by extensions ['ros']
[0.151s] Level 1:colcon.colcon_core.package_identification:_identify(scripts) by extension 'ros'
[0.151s] Level 1:colcon.colcon_core.package_identification:_identify(scripts) by extensions ['cmake', 'python']
[0.151s] Level 1:colcon.colcon_core.package_identification:_identify(scripts) by extension 'cmake'
[0.151s] Level 1:colcon.colcon_core.package_identification:_identify(scripts) by extension 'python'
[0.151s] Level 1:colcon.colcon_core.package_identification:_identify(scripts) by extensions ['python_setup_py']
[0.151s] Level 1:colcon.colcon_core.package_identification:_identify(scripts) by extension 'python_setup_py'
[0.151s] Level 1:colcon.colcon_core.package_identification:_identify(src) by extensions ['ignore', 'ignore_ament_install']
[0.151s] Level 1:colcon.colcon_core.package_identification:_identify(src) by extension 'ignore'
[0.151s] Level 1:colcon.colcon_core.package_identification:_identify(src) by extension 'ignore_ament_install'
[0.151s] Level 1:colcon.colcon_core.package_identification:_identify(src) by extensions ['colcon_pkg']
[0.151s] Level 1:colcon.colcon_core.package_identification:_identify(src) by extension 'colcon_pkg'
[0.151s] Level 1:colcon.colcon_core.package_identification:_identify(src) by extensions ['colcon_meta']
[0.151s] Level 1:colcon.colcon_core.package_identification:_identify(src) by extension 'colcon_meta'
[0.151s] Level 1:colcon.colcon_core.package_identification:_identify(src) by extensions ['ros']
[0.151s] Level 1:colcon.colcon_core.package_identification:_identify(src) by extension 'ros'
[0.151s] Level 1:colcon.colcon_core.package_identification:_identify(src) by extensions ['cmake', 'python']
[0.151s] Level 1:colcon.colcon_core.package_identification:_identify(src) by extension 'cmake'
[0.151s] Level 1:colcon.colcon_core.package_identification:_identify(src) by extension 'python'
[0.151s] Level 1:colcon.colcon_core.package_identification:_identify(src) by extensions ['python_setup_py']
[0.151s] Level 1:colcon.colcon_core.package_identification:_identify(src) by extension 'python_setup_py'
[0.151s] Level 1:colcon.colcon_core.package_identification:_identify(src/tugbot_bringup) by extensions ['ignore', 'ignore_ament_install']
[0.151s] Level 1:colcon.colcon_core.package_identification:_identify(src/tugbot_bringup) by extension 'ignore'
[0.151s] Level 1:colcon.colcon_core.package_identification:_identify(src/tugbot_bringup) by extension 'ignore_ament_install'
[0.151s] Level 1:colcon.colcon_core.package_identification:_identify(src/tugbot_bringup) by extensions ['colcon_pkg']
[0.152s] Level 1:colcon.colcon_core.package_identification:_identify(src/tugbot_bringup) by extension 'colcon_pkg'
[0.152s] Level 1:colcon.colcon_core.package_identification:_identify(src/tugbot_bringup) by extensions ['colcon_meta']
[0.152s] Level 1:colcon.colcon_core.package_identification:_identify(src/tugbot_bringup) by extension 'colcon_meta'
[0.152s] Level 1:colcon.colcon_core.package_identification:_identify(src/tugbot_bringup) by extensions ['ros']
[0.152s] Level 1:colcon.colcon_core.package_identification:_identify(src/tugbot_bringup) by extension 'ros'
[0.153s] DEBUG:colcon.colcon_core.package_identification:Package 'src/tugbot_bringup' with type 'ros.ament_cmake' and name 'tugbot_bringup'
[0.153s] Level 1:colcon.colcon_core.package_identification:_identify(src/tugbot_description) by extensions ['ignore', 'ignore_ament_install']
[0.153s] Level 1:colcon.colcon_core.package_identification:_identify(src/tugbot_description) by extension 'ignore'
[0.154s] Level 1:colcon.colcon_core.package_identification:_identify(src/tugbot_description) by extension 'ignore_ament_install'
[0.154s] Level 1:colcon.colcon_core.package_identification:_identify(src/tugbot_description) by extensions ['colcon_pkg']
[0.154s] Level 1:colcon.colcon_core.package_identification:_identify(src/tugbot_description) by extension 'colcon_pkg'
[0.154s] Level 1:colcon.colcon_core.package_identification:_identify(src/tugbot_description) by extensions ['colcon_meta']
[0.154s] Level 1:colcon.colcon_core.package_identification:_identify(src/tugbot_description) by extension 'colcon_meta'
[0.154s] Level 1:colcon.colcon_core.package_identification:_identify(src/tugbot_description) by extensions ['ros']
[0.154s] Level 1:colcon.colcon_core.package_identification:_identify(src/tugbot_description) by extension 'ros'
[0.154s] DEBUG:colcon.colcon_core.package_identification:Package 'src/tugbot_description' with type 'ros.ament_cmake' and name 'tugbot_description'
[0.154s] Level 1:colcon.colcon_core.package_identification:_identify(src/tugbot_exploration) by extensions ['ignore', 'ignore_ament_install']
[0.154s] Level 1:colcon.colcon_core.package_identification:_identify(src/tugbot_exploration) by extension 'ignore'
[0.154s] Level 1:colcon.colcon_core.package_identification:_identify(src/tugbot_exploration) by extension 'ignore_ament_install'
[0.154s] Level 1:colcon.colcon_core.package_identification:_identify(src/tugbot_exploration) by extensions ['colcon_pkg']
[0.154s] Level 1:colcon.colcon_core.package_identification:_identify(src/tugbot_exploration) by extension 'colcon_pkg'
[0.154s] Level 1:colcon.colcon_core.package_identification:_identify(src/tugbot_exploration) by extensions ['colcon_meta']
[0.154s] Level 1:colcon.colcon_core.package_identification:_identify(src/tugbot_exploration) by extension 'colcon_meta'
[0.154s] Level 1:colcon.colcon_core.package_identification:_identify(src/tugbot_exploration) by extensions ['ros']
[0.154s] Level 1:colcon.colcon_core.package_identification:_identify(src/tugbot_exploration) by extension 'ros'
[0.155s] DEBUG:colcon.colcon_core.package_identification:Package 'src/tugbot_exploration' with type 'ros.ament_python' and name 'tugbot_exploration'
[0.155s] Level 1:colcon.colcon_core.package_identification:_identify(src/tugbot_gazebo) by extensions ['ignore', 'ignore_ament_install']
[0.155s] Level 1:colcon.colcon_core.package_identification:_identify(src/tugbot_gazebo) by extension 'ignore'
[0.155s] Level 1:colcon.colcon_core.package_identification:_identify(src/tugbot_gazebo) by extension 'ignore_ament_install'
[0.155s] Level 1:colcon.colcon_core.package_identification:_identify(src/tugbot_gazebo) by extensions ['colcon_pkg']
[0.155s] Level 1:colcon.colcon_core.package_identification:_identify(src/tugbot_gazebo) by extension 'colcon_pkg'
[0.155s] Level 1:colcon.colcon_core.package_identification:_identify(src/tugbot_gazebo) by extensions ['colcon_meta']
[0.155s] Level 1:colcon.colcon_core.package_identification:_identify(src/tugbot_gazebo) by extension 'colcon_meta'
[0.155s] Level 1:colcon.colcon_core.package_identification:_identify(src/tugbot_gazebo) by extensions ['ros']
[0.155s] Level 1:colcon.colcon_core.package_identification:_identify(src/tugbot_gazebo) by extension 'ros'
[0.155s] DEBUG:colcon.colcon_core.package_identification:Package 'src/tugbot_gazebo' with type 'ros.ament_cmake' and name 'tugbot_gazebo'
[0.155s] Level 1:colcon.colcon_core.package_identification:_identify(src/tugbot_navigation) by extensions ['ignore', 'ignore_ament_install']
[0.155s] Level 1:colcon.colcon_core.package_identification:_identify(src/tugbot_navigation) by extension 'ignore'
[0.155s] Level 1:colcon.colcon_core.package_identification:_identify(src/tugbot_navigation) by extension 'ignore_ament_install'
[0.155s] Level 1:colcon.colcon_core.package_identification:_identify(src/tugbot_navigation) by extensions ['colcon_pkg']
[0.155s] Level 1:colcon.colcon_core.package_identification:_identify(src/tugbot_navigation) by extension 'colcon_pkg'
[0.155s] Level 1:colcon.colcon_core.package_identification:_identify(src/tugbot_navigation) by extensions ['colcon_meta']
[0.155s] Level 1:colcon.colcon_core.package_identification:_identify(src/tugbot_navigation) by extension 'colcon_meta'
[0.156s] Level 1:colcon.colcon_core.package_identification:_identify(src/tugbot_navigation) by extensions ['ros']
[0.156s] Level 1:colcon.colcon_core.package_identification:_identify(src/tugbot_navigation) by extension 'ros'
[0.156s] DEBUG:colcon.colcon_core.package_identification:Package 'src/tugbot_navigation' with type 'ros.ament_cmake' and name 'tugbot_navigation'
[0.156s] Level 1:colcon.colcon_core.package_discovery:discover_packages(recursive) using defaults
[0.156s] Level 1:colcon.colcon_core.package_discovery:discover_packages(ignore) discover
[0.156s] Level 1:colcon.colcon_core.package_discovery:discover_packages(ignore) using defaults
[0.156s] Level 1:colcon.colcon_core.package_discovery:discover_packages(path) discover
[0.156s] Level 1:colcon.colcon_core.package_discovery:discover_packages(path) using defaults
[0.169s] Level 1:colcon.colcon_core.package_discovery:discover_packages(prefix_path) check parameters
[0.169s] Level 1:colcon.colcon_core.package_discovery:discover_packages(prefix_path) discover
[0.183s] DEBUG:colcon.colcon_installed_package_information.package_discovery:Found 70 installed packages in /home/hyh/ws_moveit/install
[0.185s] DEBUG:colcon.colcon_installed_package_information.package_discovery:Found 516 installed packages in /opt/ros/jazzy
[0.187s] Level 1:colcon.colcon_core.package_discovery:discover_packages(prefix_path) using defaults
[0.238s] Level 5:colcon.colcon_core.verb:set package 'tugbot_description' build argument 'cmake_args' from command line to 'None'
[0.238s] Level 5:colcon.colcon_core.verb:set package 'tugbot_description' build argument 'cmake_target' from command line to 'None'
[0.238s] Level 5:colcon.colcon_core.verb:set package 'tugbot_description' build argument 'cmake_target_skip_unavailable' from command line to 'False'
[0.238s] Level 5:colcon.colcon_core.verb:set package 'tugbot_description' build argument 'cmake_clean_cache' from command line to 'False'
[0.238s] Level 5:colcon.colcon_core.verb:set package 'tugbot_description' build argument 'cmake_clean_first' from command line to 'False'
[0.238s] Level 5:colcon.colcon_core.verb:set package 'tugbot_description' build argument 'cmake_force_configure' from command line to 'False'
[0.238s] Level 5:colcon.colcon_core.verb:set package 'tugbot_description' build argument 'ament_cmake_args' from command line to 'None'
[0.238s] Level 5:colcon.colcon_core.verb:set package 'tugbot_description' build argument 'catkin_cmake_args' from command line to 'None'
[0.238s] Level 5:colcon.colcon_core.verb:set package 'tugbot_description' build argument 'catkin_skip_building_tests' from command line to 'False'
[0.238s] DEBUG:colcon.colcon_core.verb:Building package 'tugbot_description' with the following arguments: {'ament_cmake_args': None, 'build_base': '/home/hyh/Desktop/playground_hermes/tugbot_ros2_gazebo/ros2_ws_tugbot_nav_20260514/build/tugbot_description', 'catkin_cmake_args': None, 'catkin_skip_building_tests': False, 'cmake_args': None, 'cmake_clean_cache': False, 'cmake_clean_first': False, 'cmake_force_configure': False, 'cmake_target': None, 'cmake_target_skip_unavailable': False, 'install_base': '/home/hyh/Desktop/playground_hermes/tugbot_ros2_gazebo/ros2_ws_tugbot_nav_20260514/install/tugbot_description', 'merge_install': False, 'path': '/home/hyh/Desktop/playground_hermes/tugbot_ros2_gazebo/ros2_ws_tugbot_nav_20260514/src/tugbot_description', 'symlink_install': True, 'test_result_base': None}
[0.238s] Level 5:colcon.colcon_core.verb:set package 'tugbot_exploration' build argument 'cmake_args' from command line to 'None'
[0.238s] Level 5:colcon.colcon_core.verb:set package 'tugbot_exploration' build argument 'cmake_target' from command line to 'None'
[0.238s] Level 5:colcon.colcon_core.verb:set package 'tugbot_exploration' build argument 'cmake_target_skip_unavailable' from command line to 'False'
[0.238s] Level 5:colcon.colcon_core.verb:set package 'tugbot_exploration' build argument 'cmake_clean_cache' from command line to 'False'
[0.238s] Level 5:colcon.colcon_core.verb:set package 'tugbot_exploration' build argument 'cmake_clean_first' from command line to 'False'
[0.238s] Level 5:colcon.colcon_core.verb:set package 'tugbot_exploration' build argument 'cmake_force_configure' from command line to 'False'
[0.238s] Level 5:colcon.colcon_core.verb:set package 'tugbot_exploration' build argument 'ament_cmake_args' from command line to 'None'
[0.238s] Level 5:colcon.colcon_core.verb:set package 'tugbot_exploration' build argument 'catkin_cmake_args' from command line to 'None'
[0.238s] Level 5:colcon.colcon_core.verb:set package 'tugbot_exploration' build argument 'catkin_skip_building_tests' from command line to 'False'
[0.238s] DEBUG:colcon.colcon_core.verb:Building package 'tugbot_exploration' with the following arguments: {'ament_cmake_args': None, 'build_base': '/home/hyh/Desktop/playground_hermes/tugbot_ros2_gazebo/ros2_ws_tugbot_nav_20260514/build/tugbot_exploration', 'catkin_cmake_args': None, 'catkin_skip_building_tests': False, 'cmake_args': None, 'cmake_clean_cache': False, 'cmake_clean_first': False, 'cmake_force_configure': False, 'cmake_target': None, 'cmake_target_skip_unavailable': False, 'install_base': '/home/hyh/Desktop/playground_hermes/tugbot_ros2_gazebo/ros2_ws_tugbot_nav_20260514/install/tugbot_exploration', 'merge_install': False, 'path': '/home/hyh/Desktop/playground_hermes/tugbot_ros2_gazebo/ros2_ws_tugbot_nav_20260514/src/tugbot_exploration', 'symlink_install': True, 'test_result_base': None}
[0.238s] Level 5:colcon.colcon_core.verb:set package 'tugbot_gazebo' build argument 'cmake_args' from command line to 'None'
[0.239s] Level 5:colcon.colcon_core.verb:set package 'tugbot_gazebo' build argument 'cmake_target' from command line to 'None'
[0.239s] Level 5:colcon.colcon_core.verb:set package 'tugbot_gazebo' build argument 'cmake_target_skip_unavailable' from command line to 'False'
[0.239s] Level 5:colcon.colcon_core.verb:set package 'tugbot_gazebo' build argument 'cmake_clean_cache' from command line to 'False'
[0.239s] Level 5:colcon.colcon_core.verb:set package 'tugbot_gazebo' build argument 'cmake_clean_first' from command line to 'False'
[0.239s] Level 5:colcon.colcon_core.verb:set package 'tugbot_gazebo' build argument 'cmake_force_configure' from command line to 'False'
[0.239s] Level 5:colcon.colcon_core.verb:set package 'tugbot_gazebo' build argument 'ament_cmake_args' from command line to 'None'
[0.239s] Level 5:colcon.colcon_core.verb:set package 'tugbot_gazebo' build argument 'catkin_cmake_args' from command line to 'None'
[0.239s] Level 5:colcon.colcon_core.verb:set package 'tugbot_gazebo' build argument 'catkin_skip_building_tests' from command line to 'False'
[0.239s] DEBUG:colcon.colcon_core.verb:Building package 'tugbot_gazebo' with the following arguments: {'ament_cmake_args': None, 'build_base': '/home/hyh/Desktop/playground_hermes/tugbot_ros2_gazebo/ros2_ws_tugbot_nav_20260514/build/tugbot_gazebo', 'catkin_cmake_args': None, 'catkin_skip_building_tests': False, 'cmake_args': None, 'cmake_clean_cache': False, 'cmake_clean_first': False, 'cmake_force_configure': False, 'cmake_target': None, 'cmake_target_skip_unavailable': False, 'install_base': '/home/hyh/Desktop/playground_hermes/tugbot_ros2_gazebo/ros2_ws_tugbot_nav_20260514/install/tugbot_gazebo', 'merge_install': False, 'path': '/home/hyh/Desktop/playground_hermes/tugbot_ros2_gazebo/ros2_ws_tugbot_nav_20260514/src/tugbot_gazebo', 'symlink_install': True, 'test_result_base': None}
[0.239s] Level 5:colcon.colcon_core.verb:set package 'tugbot_navigation' build argument 'cmake_args' from command line to 'None'
[0.239s] Level 5:colcon.colcon_core.verb:set package 'tugbot_navigation' build argument 'cmake_target' from command line to 'None'
[0.239s] Level 5:colcon.colcon_core.verb:set package 'tugbot_navigation' build argument 'cmake_target_skip_unavailable' from command line to 'False'
[0.239s] Level 5:colcon.colcon_core.verb:set package 'tugbot_navigation' build argument 'cmake_clean_cache' from command line to 'False'
[0.239s] Level 5:colcon.colcon_core.verb:set package 'tugbot_navigation' build argument 'cmake_clean_first' from command line to 'False'
[0.239s] Level 5:colcon.colcon_core.verb:set package 'tugbot_navigation' build argument 'cmake_force_configure' from command line to 'False'
[0.239s] Level 5:colcon.colcon_core.verb:set package 'tugbot_navigation' build argument 'ament_cmake_args' from command line to 'None'
[0.239s] Level 5:colcon.colcon_core.verb:set package 'tugbot_navigation' build argument 'catkin_cmake_args' from command line to 'None'
[0.239s] Level 5:colcon.colcon_core.verb:set package 'tugbot_navigation' build argument 'catkin_skip_building_tests' from command line to 'False'
[0.239s] DEBUG:colcon.colcon_core.verb:Building package 'tugbot_navigation' with the following arguments: {'ament_cmake_args': None, 'build_base': '/home/hyh/Desktop/playground_hermes/tugbot_ros2_gazebo/ros2_ws_tugbot_nav_20260514/build/tugbot_navigation', 'catkin_cmake_args': None, 'catkin_skip_building_tests': False, 'cmake_args': None, 'cmake_clean_cache': False, 'cmake_clean_first': False, 'cmake_force_configure': False, 'cmake_target': None, 'cmake_target_skip_unavailable': False, 'install_base': '/home/hyh/Desktop/playground_hermes/tugbot_ros2_gazebo/ros2_ws_tugbot_nav_20260514/install/tugbot_navigation', 'merge_install': False, 'path': '/home/hyh/Desktop/playground_hermes/tugbot_ros2_gazebo/ros2_ws_tugbot_nav_20260514/src/tugbot_navigation', 'symlink_install': True, 'test_result_base': None}
[0.239s] Level 5:colcon.colcon_core.verb:set package 'tugbot_bringup' build argument 'cmake_args' from command line to 'None'
[0.239s] Level 5:colcon.colcon_core.verb:set package 'tugbot_bringup' build argument 'cmake_target' from command line to 'None'
[0.239s] Level 5:colcon.colcon_core.verb:set package 'tugbot_bringup' build argument 'cmake_target_skip_unavailable' from command line to 'False'
[0.239s] Level 5:colcon.colcon_core.verb:set package 'tugbot_bringup' build argument 'cmake_clean_cache' from command line to 'False'
[0.239s] Level 5:colcon.colcon_core.verb:set package 'tugbot_bringup' build argument 'cmake_clean_first' from command line to 'False'
[0.239s] Level 5:colcon.colcon_core.verb:set package 'tugbot_bringup' build argument 'cmake_force_configure' from command line to 'False'
[0.239s] Level 5:colcon.colcon_core.verb:set package 'tugbot_bringup' build argument 'ament_cmake_args' from command line to 'None'
[0.239s] Level 5:colcon.colcon_core.verb:set package 'tugbot_bringup' build argument 'catkin_cmake_args' from command line to 'None'
[0.239s] Level 5:colcon.colcon_core.verb:set package 'tugbot_bringup' build argument 'catkin_skip_building_tests' from command line to 'False'
[0.239s] DEBUG:colcon.colcon_core.verb:Building package 'tugbot_bringup' with the following arguments: {'ament_cmake_args': None, 'build_base': '/home/hyh/Desktop/playground_hermes/tugbot_ros2_gazebo/ros2_ws_tugbot_nav_20260514/build/tugbot_bringup', 'catkin_cmake_args': None, 'catkin_skip_building_tests': False, 'cmake_args': None, 'cmake_clean_cache': False, 'cmake_clean_first': False, 'cmake_force_configure': False, 'cmake_target': None, 'cmake_target_skip_unavailable': False, 'install_base': '/home/hyh/Desktop/playground_hermes/tugbot_ros2_gazebo/ros2_ws_tugbot_nav_20260514/install/tugbot_bringup', 'merge_install': False, 'path': '/home/hyh/Desktop/playground_hermes/tugbot_ros2_gazebo/ros2_ws_tugbot_nav_20260514/src/tugbot_bringup', 'symlink_install': True, 'test_result_base': None}
[0.239s] INFO:colcon.colcon_core.executor:Executing jobs using 'parallel' executor
[0.240s] DEBUG:colcon.colcon_parallel_executor.executor.parallel:run_until_complete
[0.241s] INFO:colcon.colcon_ros.task.ament_python.build:Building ROS package in '/home/hyh/Desktop/playground_hermes/tugbot_ros2_gazebo/ros2_ws_tugbot_nav_20260514/src/tugbot_exploration' with build type 'ament_python'
[0.241s] Level 1:colcon.colcon_core.shell:create_environment_hook('tugbot_exploration', 'ament_prefix_path')
[0.242s] INFO:colcon.colcon_core.plugin_system:Skipping extension 'colcon_core.shell.bat': Not used on non-Windows systems
[0.243s] INFO:colcon.colcon_core.shell:Creating environment hook '/home/hyh/Desktop/playground_hermes/tugbot_ros2_gazebo/ros2_ws_tugbot_nav_20260514/install/tugbot_exploration/share/tugbot_exploration/hook/ament_prefix_path.ps1'
[0.244s] INFO:colcon.colcon_core.shell:Creating environment descriptor '/home/hyh/Desktop/playground_hermes/tugbot_ros2_gazebo/ros2_ws_tugbot_nav_20260514/install/tugbot_exploration/share/tugbot_exploration/hook/ament_prefix_path.dsv'
[0.245s] INFO:colcon.colcon_core.shell:Creating environment hook '/home/hyh/Desktop/playground_hermes/tugbot_ros2_gazebo/ros2_ws_tugbot_nav_20260514/install/tugbot_exploration/share/tugbot_exploration/hook/ament_prefix_path.sh'
[0.245s] INFO:colcon.colcon_core.shell:Skip shell extension 'powershell' for command environment: Not usable outside of PowerShell
[0.245s] DEBUG:colcon.colcon_core.shell:Skip shell extension 'dsv' for command environment
[0.254s] INFO:colcon.colcon_ros.task.ament_cmake.build:Building ROS package in '/home/hyh/Desktop/playground_hermes/tugbot_ros2_gazebo/ros2_ws_tugbot_nav_20260514/src/tugbot_description' with build type 'ament_cmake'
[0.254s] INFO:colcon.colcon_cmake.task.cmake.build:Building CMake package in '/home/hyh/Desktop/playground_hermes/tugbot_ros2_gazebo/ros2_ws_tugbot_nav_20260514/src/tugbot_description'
[0.254s] INFO:colcon.colcon_core.shell:Skip shell extension 'powershell' for command environment: Not usable outside of PowerShell
[0.254s] DEBUG:colcon.colcon_core.shell:Skip shell extension 'dsv' for command environment
[0.260s] INFO:colcon.colcon_ros.task.ament_cmake.build:Building ROS package in '/home/hyh/Desktop/playground_hermes/tugbot_ros2_gazebo/ros2_ws_tugbot_nav_20260514/src/tugbot_gazebo' with build type 'ament_cmake'
[0.260s] INFO:colcon.colcon_cmake.task.cmake.build:Building CMake package in '/home/hyh/Desktop/playground_hermes/tugbot_ros2_gazebo/ros2_ws_tugbot_nav_20260514/src/tugbot_gazebo'
[0.261s] INFO:colcon.colcon_core.shell:Skip shell extension 'powershell' for command environment: Not usable outside of PowerShell
[0.261s] DEBUG:colcon.colcon_core.shell:Skip shell extension 'dsv' for command environment
[0.266s] INFO:colcon.colcon_ros.task.ament_cmake.build:Building ROS package in '/home/hyh/Desktop/playground_hermes/tugbot_ros2_gazebo/ros2_ws_tugbot_nav_20260514/src/tugbot_navigation' with build type 'ament_cmake'
[0.266s] INFO:colcon.colcon_cmake.task.cmake.build:Building CMake package in '/home/hyh/Desktop/playground_hermes/tugbot_ros2_gazebo/ros2_ws_tugbot_nav_20260514/src/tugbot_navigation'
[0.267s] INFO:colcon.colcon_core.shell:Skip shell extension 'powershell' for command environment: Not usable outside of PowerShell
[0.267s] DEBUG:colcon.colcon_core.shell:Skip shell extension 'dsv' for command environment
[0.459s] INFO:colcon.colcon_core.task.python.build:Building Python package in '/home/hyh/Desktop/playground_hermes/tugbot_ros2_gazebo/ros2_ws_tugbot_nav_20260514/src/tugbot_exploration'
[0.460s] INFO:colcon.colcon_core.shell:Skip shell extension 'powershell' for command environment: Not usable outside of PowerShell
[0.460s] DEBUG:colcon.colcon_core.shell:Skip shell extension 'dsv' for command environment
[0.469s] DEBUG:colcon.colcon_core.event_handler.log_command:Invoking command in '/home/hyh/Desktop/playground_hermes/tugbot_ros2_gazebo/ros2_ws_tugbot_nav_20260514/build/tugbot_description': CMAKE_PREFIX_PATH=${CMAKE_PREFIX_PATH}:/home/hyh/ws_moveit/install/moveit_configs_utils:/opt/ros/jazzy DEBUGINFOD_URLS=https://debuginfod.ubuntu.com /usr/bin/cmake --build /home/hyh/Desktop/playground_hermes/tugbot_ros2_gazebo/ros2_ws_tugbot_nav_20260514/build/tugbot_description -- -j8 -l8
[0.471s] DEBUG:colcon.colcon_core.event_handler.log_command:Invoking command in '/home/hyh/Desktop/playground_hermes/tugbot_ros2_gazebo/ros2_ws_tugbot_nav_20260514/build/tugbot_gazebo': CMAKE_PREFIX_PATH=${CMAKE_PREFIX_PATH}:/home/hyh/ws_moveit/install/moveit_configs_utils:/opt/ros/jazzy DEBUGINFOD_URLS=https://debuginfod.ubuntu.com /usr/bin/cmake --build /home/hyh/Desktop/playground_hermes/tugbot_ros2_gazebo/ros2_ws_tugbot_nav_20260514/build/tugbot_gazebo -- -j8 -l8
[0.476s] DEBUG:colcon.colcon_core.event_handler.log_command:Invoking command in '/home/hyh/Desktop/playground_hermes/tugbot_ros2_gazebo/ros2_ws_tugbot_nav_20260514/build/tugbot_navigation': CMAKE_PREFIX_PATH=${CMAKE_PREFIX_PATH}:/home/hyh/ws_moveit/install/moveit_configs_utils:/opt/ros/jazzy DEBUGINFOD_URLS=https://debuginfod.ubuntu.com /usr/bin/cmake --build /home/hyh/Desktop/playground_hermes/tugbot_ros2_gazebo/ros2_ws_tugbot_nav_20260514/build/tugbot_navigation -- -j8 -l8
[0.538s] DEBUG:colcon.colcon_core.event_handler.log_command:Invoked command in '/home/hyh/Desktop/playground_hermes/tugbot_ros2_gazebo/ros2_ws_tugbot_nav_20260514/build/tugbot_navigation' returned '0': CMAKE_PREFIX_PATH=${CMAKE_PREFIX_PATH}:/home/hyh/ws_moveit/install/moveit_configs_utils:/opt/ros/jazzy DEBUGINFOD_URLS=https://debuginfod.ubuntu.com /usr/bin/cmake --build /home/hyh/Desktop/playground_hermes/tugbot_ros2_gazebo/ros2_ws_tugbot_nav_20260514/build/tugbot_navigation -- -j8 -l8
[0.556s] DEBUG:colcon.colcon_core.event_handler.log_command:Invoking command in '/home/hyh/Desktop/playground_hermes/tugbot_ros2_gazebo/ros2_ws_tugbot_nav_20260514/build/tugbot_navigation': CMAKE_PREFIX_PATH=${CMAKE_PREFIX_PATH}:/home/hyh/ws_moveit/install/moveit_configs_utils:/opt/ros/jazzy DEBUGINFOD_URLS=https://debuginfod.ubuntu.com /usr/bin/cmake --install /home/hyh/Desktop/playground_hermes/tugbot_ros2_gazebo/ros2_ws_tugbot_nav_20260514/build/tugbot_navigation
[0.556s] DEBUG:colcon.colcon_core.event_handler.log_command:Invoked command in '/home/hyh/Desktop/playground_hermes/tugbot_ros2_gazebo/ros2_ws_tugbot_nav_20260514/build/tugbot_description' returned '0': CMAKE_PREFIX_PATH=${CMAKE_PREFIX_PATH}:/home/hyh/ws_moveit/install/moveit_configs_utils:/opt/ros/jazzy DEBUGINFOD_URLS=https://debuginfod.ubuntu.com /usr/bin/cmake --build /home/hyh/Desktop/playground_hermes/tugbot_ros2_gazebo/ros2_ws_tugbot_nav_20260514/build/tugbot_description -- -j8 -l8
[0.557s] DEBUG:colcon.colcon_core.event_handler.log_command:Invoking command in '/home/hyh/Desktop/playground_hermes/tugbot_ros2_gazebo/ros2_ws_tugbot_nav_20260514/build/tugbot_description': CMAKE_PREFIX_PATH=${CMAKE_PREFIX_PATH}:/home/hyh/ws_moveit/install/moveit_configs_utils:/opt/ros/jazzy DEBUGINFOD_URLS=https://debuginfod.ubuntu.com /usr/bin/cmake --install /home/hyh/Desktop/playground_hermes/tugbot_ros2_gazebo/ros2_ws_tugbot_nav_20260514/build/tugbot_description
[0.558s] DEBUG:colcon.colcon_core.event_handler.log_command:Invoked command in '/home/hyh/Desktop/playground_hermes/tugbot_ros2_gazebo/ros2_ws_tugbot_nav_20260514/build/tugbot_gazebo' returned '0': CMAKE_PREFIX_PATH=${CMAKE_PREFIX_PATH}:/home/hyh/ws_moveit/install/moveit_configs_utils:/opt/ros/jazzy DEBUGINFOD_URLS=https://debuginfod.ubuntu.com /usr/bin/cmake --build /home/hyh/Desktop/playground_hermes/tugbot_ros2_gazebo/ros2_ws_tugbot_nav_20260514/build/tugbot_gazebo -- -j8 -l8
[0.559s] DEBUG:colcon.colcon_core.event_handler.log_command:Invoking command in '/home/hyh/Desktop/playground_hermes/tugbot_ros2_gazebo/ros2_ws_tugbot_nav_20260514/build/tugbot_gazebo': CMAKE_PREFIX_PATH=${CMAKE_PREFIX_PATH}:/home/hyh/ws_moveit/install/moveit_configs_utils:/opt/ros/jazzy DEBUGINFOD_URLS=https://debuginfod.ubuntu.com /usr/bin/cmake --install /home/hyh/Desktop/playground_hermes/tugbot_ros2_gazebo/ros2_ws_tugbot_nav_20260514/build/tugbot_gazebo
[0.586s] Level 1:colcon.colcon_core.environment:create_environment_scripts_only(tugbot_gazebo)
[0.588s] Level 1:colcon.colcon_core.environment:checking '/home/hyh/Desktop/playground_hermes/tugbot_ros2_gazebo/ros2_ws_tugbot_nav_20260514/install/tugbot_gazebo' for CMake module files
[0.589s] DEBUG:colcon.colcon_core.event_handler.log_command:Invoked command in '/home/hyh/Desktop/playground_hermes/tugbot_ros2_gazebo/ros2_ws_tugbot_nav_20260514/build/tugbot_gazebo' returned '0': CMAKE_PREFIX_PATH=${CMAKE_PREFIX_PATH}:/home/hyh/ws_moveit/install/moveit_configs_utils:/opt/ros/jazzy DEBUGINFOD_URLS=https://debuginfod.ubuntu.com /usr/bin/cmake --install /home/hyh/Desktop/playground_hermes/tugbot_ros2_gazebo/ros2_ws_tugbot_nav_20260514/build/tugbot_gazebo
[0.590s] Level 1:colcon.colcon_core.environment:checking '/home/hyh/Desktop/playground_hermes/tugbot_ros2_gazebo/ros2_ws_tugbot_nav_20260514/install/tugbot_gazebo' for CMake config files
[0.590s] Level 1:colcon.colcon_core.shell:create_environment_hook('tugbot_gazebo', 'cmake_prefix_path')
[0.590s] INFO:colcon.colcon_core.shell:Creating environment hook '/home/hyh/Desktop/playground_hermes/tugbot_ros2_gazebo/ros2_ws_tugbot_nav_20260514/install/tugbot_gazebo/share/tugbot_gazebo/hook/cmake_prefix_path.ps1'
[0.591s] INFO:colcon.colcon_core.shell:Creating environment descriptor '/home/hyh/Desktop/playground_hermes/tugbot_ros2_gazebo/ros2_ws_tugbot_nav_20260514/install/tugbot_gazebo/share/tugbot_gazebo/hook/cmake_prefix_path.dsv'
[0.591s] INFO:colcon.colcon_core.shell:Creating environment hook '/home/hyh/Desktop/playground_hermes/tugbot_ros2_gazebo/ros2_ws_tugbot_nav_20260514/install/tugbot_gazebo/share/tugbot_gazebo/hook/cmake_prefix_path.sh'
[0.592s] Level 1:colcon.colcon_core.environment:checking '/home/hyh/Desktop/playground_hermes/tugbot_ros2_gazebo/ros2_ws_tugbot_nav_20260514/install/tugbot_gazebo/bin'
[0.592s] Level 1:colcon.colcon_core.environment:checking '/home/hyh/Desktop/playground_hermes/tugbot_ros2_gazebo/ros2_ws_tugbot_nav_20260514/install/tugbot_gazebo/lib/pkgconfig/tugbot_gazebo.pc'
[0.592s] Level 1:colcon.colcon_core.environment:checking '/home/hyh/Desktop/playground_hermes/tugbot_ros2_gazebo/ros2_ws_tugbot_nav_20260514/install/tugbot_gazebo/lib/python3.12/site-packages'
[0.592s] Level 1:colcon.colcon_core.environment:checking '/home/hyh/Desktop/playground_hermes/tugbot_ros2_gazebo/ros2_ws_tugbot_nav_20260514/install/tugbot_gazebo/bin'
[0.592s] INFO:colcon.colcon_core.shell:Creating package script '/home/hyh/Desktop/playground_hermes/tugbot_ros2_gazebo/ros2_ws_tugbot_nav_20260514/install/tugbot_gazebo/share/tugbot_gazebo/package.ps1'
[0.593s] INFO:colcon.colcon_core.shell:Creating package descriptor '/home/hyh/Desktop/playground_hermes/tugbot_ros2_gazebo/ros2_ws_tugbot_nav_20260514/install/tugbot_gazebo/share/tugbot_gazebo/package.dsv'
[0.593s] INFO:colcon.colcon_core.shell:Creating package script '/home/hyh/Desktop/playground_hermes/tugbot_ros2_gazebo/ros2_ws_tugbot_nav_20260514/install/tugbot_gazebo/share/tugbot_gazebo/package.sh'
[0.594s] INFO:colcon.colcon_core.shell:Creating package script '/home/hyh/Desktop/playground_hermes/tugbot_ros2_gazebo/ros2_ws_tugbot_nav_20260514/install/tugbot_gazebo/share/tugbot_gazebo/package.bash'
[0.595s] INFO:colcon.colcon_core.shell:Creating package script '/home/hyh/Desktop/playground_hermes/tugbot_ros2_gazebo/ros2_ws_tugbot_nav_20260514/install/tugbot_gazebo/share/tugbot_gazebo/package.zsh'
[0.596s] Level 1:colcon.colcon_core.environment:create_file_with_runtime_dependencies(/home/hyh/Desktop/playground_hermes/tugbot_ros2_gazebo/ros2_ws_tugbot_nav_20260514/install/tugbot_gazebo/share/colcon-core/packages/tugbot_gazebo)
[0.597s] Level 1:colcon.colcon_core.environment:create_environment_scripts_only(tugbot_gazebo)
[0.597s] Level 1:colcon.colcon_core.environment:checking '/home/hyh/Desktop/playground_hermes/tugbot_ros2_gazebo/ros2_ws_tugbot_nav_20260514/install/tugbot_gazebo' for CMake module files
[0.598s] Level 1:colcon.colcon_core.environment:checking '/home/hyh/Desktop/playground_hermes/tugbot_ros2_gazebo/ros2_ws_tugbot_nav_20260514/install/tugbot_gazebo' for CMake config files
[0.598s] Level 1:colcon.colcon_core.shell:create_environment_hook('tugbot_gazebo', 'cmake_prefix_path')
[0.598s] INFO:colcon.colcon_core.shell:Creating environment hook '/home/hyh/Desktop/playground_hermes/tugbot_ros2_gazebo/ros2_ws_tugbot_nav_20260514/install/tugbot_gazebo/share/tugbot_gazebo/hook/cmake_prefix_path.ps1'
[0.598s] INFO:colcon.colcon_core.shell:Creating environment descriptor '/home/hyh/Desktop/playground_hermes/tugbot_ros2_gazebo/ros2_ws_tugbot_nav_20260514/install/tugbot_gazebo/share/tugbot_gazebo/hook/cmake_prefix_path.dsv'
[0.603s] INFO:colcon.colcon_core.shell:Creating environment hook '/home/hyh/Desktop/playground_hermes/tugbot_ros2_gazebo/ros2_ws_tugbot_nav_20260514/install/tugbot_gazebo/share/tugbot_gazebo/hook/cmake_prefix_path.sh'
[0.608s] Level 1:colcon.colcon_core.environment:checking '/home/hyh/Desktop/playground_hermes/tugbot_ros2_gazebo/ros2_ws_tugbot_nav_20260514/install/tugbot_gazebo/bin'
[0.608s] Level 1:colcon.colcon_core.environment:checking '/home/hyh/Desktop/playground_hermes/tugbot_ros2_gazebo/ros2_ws_tugbot_nav_20260514/install/tugbot_gazebo/lib/pkgconfig/tugbot_gazebo.pc'
[0.608s] Level 1:colcon.colcon_core.environment:checking '/home/hyh/Desktop/playground_hermes/tugbot_ros2_gazebo/ros2_ws_tugbot_nav_20260514/install/tugbot_gazebo/lib/python3.12/site-packages'
[0.609s] Level 1:colcon.colcon_core.environment:checking '/home/hyh/Desktop/playground_hermes/tugbot_ros2_gazebo/ros2_ws_tugbot_nav_20260514/install/tugbot_gazebo/bin'
[0.609s] INFO:colcon.colcon_core.shell:Creating package script '/home/hyh/Desktop/playground_hermes/tugbot_ros2_gazebo/ros2_ws_tugbot_nav_20260514/install/tugbot_gazebo/share/tugbot_gazebo/package.ps1'
[0.613s] INFO:colcon.colcon_core.shell:Creating package descriptor '/home/hyh/Desktop/playground_hermes/tugbot_ros2_gazebo/ros2_ws_tugbot_nav_20260514/install/tugbot_gazebo/share/tugbot_gazebo/package.dsv'
[0.613s] INFO:colcon.colcon_core.shell:Creating package script '/home/hyh/Desktop/playground_hermes/tugbot_ros2_gazebo/ros2_ws_tugbot_nav_20260514/install/tugbot_gazebo/share/tugbot_gazebo/package.sh'
[0.614s] INFO:colcon.colcon_core.shell:Creating package script '/home/hyh/Desktop/playground_hermes/tugbot_ros2_gazebo/ros2_ws_tugbot_nav_20260514/install/tugbot_gazebo/share/tugbot_gazebo/package.bash'
[0.614s] INFO:colcon.colcon_core.shell:Creating package script '/home/hyh/Desktop/playground_hermes/tugbot_ros2_gazebo/ros2_ws_tugbot_nav_20260514/install/tugbot_gazebo/share/tugbot_gazebo/package.zsh'
[0.615s] Level 1:colcon.colcon_core.environment:create_file_with_runtime_dependencies(/home/hyh/Desktop/playground_hermes/tugbot_ros2_gazebo/ros2_ws_tugbot_nav_20260514/install/tugbot_gazebo/share/colcon-core/packages/tugbot_gazebo)
[0.616s] Level 1:colcon.colcon_core.environment:create_environment_scripts_only(tugbot_description)
[0.616s] Level 1:colcon.colcon_core.environment:checking '/home/hyh/Desktop/playground_hermes/tugbot_ros2_gazebo/ros2_ws_tugbot_nav_20260514/install/tugbot_description' for CMake module files
[0.616s] Level 1:colcon.colcon_core.environment:checking '/home/hyh/Desktop/playground_hermes/tugbot_ros2_gazebo/ros2_ws_tugbot_nav_20260514/install/tugbot_description' for CMake config files
[0.619s] DEBUG:colcon.colcon_core.event_handler.log_command:Invoked command in '/home/hyh/Desktop/playground_hermes/tugbot_ros2_gazebo/ros2_ws_tugbot_nav_20260514/build/tugbot_description' returned '0': CMAKE_PREFIX_PATH=${CMAKE_PREFIX_PATH}:/home/hyh/ws_moveit/install/moveit_configs_utils:/opt/ros/jazzy DEBUGINFOD_URLS=https://debuginfod.ubuntu.com /usr/bin/cmake --install /home/hyh/Desktop/playground_hermes/tugbot_ros2_gazebo/ros2_ws_tugbot_nav_20260514/build/tugbot_description
[0.619s] Level 1:colcon.colcon_core.shell:create_environment_hook('tugbot_description', 'cmake_prefix_path')
[0.619s] INFO:colcon.colcon_core.shell:Creating environment hook '/home/hyh/Desktop/playground_hermes/tugbot_ros2_gazebo/ros2_ws_tugbot_nav_20260514/install/tugbot_description/share/tugbot_description/hook/cmake_prefix_path.ps1'
[0.620s] INFO:colcon.colcon_core.shell:Creating environment descriptor '/home/hyh/Desktop/playground_hermes/tugbot_ros2_gazebo/ros2_ws_tugbot_nav_20260514/install/tugbot_description/share/tugbot_description/hook/cmake_prefix_path.dsv'
[0.620s] INFO:colcon.colcon_core.shell:Creating environment hook '/home/hyh/Desktop/playground_hermes/tugbot_ros2_gazebo/ros2_ws_tugbot_nav_20260514/install/tugbot_description/share/tugbot_description/hook/cmake_prefix_path.sh'
[0.621s] Level 1:colcon.colcon_core.environment:checking '/home/hyh/Desktop/playground_hermes/tugbot_ros2_gazebo/ros2_ws_tugbot_nav_20260514/install/tugbot_description/bin'
[0.621s] Level 1:colcon.colcon_core.environment:checking '/home/hyh/Desktop/playground_hermes/tugbot_ros2_gazebo/ros2_ws_tugbot_nav_20260514/install/tugbot_description/lib/pkgconfig/tugbot_description.pc'
[0.621s] Level 1:colcon.colcon_core.environment:checking '/home/hyh/Desktop/playground_hermes/tugbot_ros2_gazebo/ros2_ws_tugbot_nav_20260514/install/tugbot_description/lib/python3.12/site-packages'
[0.622s] Level 1:colcon.colcon_core.environment:checking '/home/hyh/Desktop/playground_hermes/tugbot_ros2_gazebo/ros2_ws_tugbot_nav_20260514/install/tugbot_description/bin'
[0.622s] INFO:colcon.colcon_core.shell:Creating package script '/home/hyh/Desktop/playground_hermes/tugbot_ros2_gazebo/ros2_ws_tugbot_nav_20260514/install/tugbot_description/share/tugbot_description/package.ps1'
[0.622s] INFO:colcon.colcon_core.shell:Creating package descriptor '/home/hyh/Desktop/playground_hermes/tugbot_ros2_gazebo/ros2_ws_tugbot_nav_20260514/install/tugbot_description/share/tugbot_description/package.dsv'
[0.622s] INFO:colcon.colcon_core.shell:Creating package script '/home/hyh/Desktop/playground_hermes/tugbot_ros2_gazebo/ros2_ws_tugbot_nav_20260514/install/tugbot_description/share/tugbot_description/package.sh'
[0.623s] INFO:colcon.colcon_core.shell:Creating package script '/home/hyh/Desktop/playground_hermes/tugbot_ros2_gazebo/ros2_ws_tugbot_nav_20260514/install/tugbot_description/share/tugbot_description/package.bash'
[0.623s] INFO:colcon.colcon_core.shell:Creating package script '/home/hyh/Desktop/playground_hermes/tugbot_ros2_gazebo/ros2_ws_tugbot_nav_20260514/install/tugbot_description/share/tugbot_description/package.zsh'
[0.623s] Level 1:colcon.colcon_core.environment:create_file_with_runtime_dependencies(/home/hyh/Desktop/playground_hermes/tugbot_ros2_gazebo/ros2_ws_tugbot_nav_20260514/install/tugbot_description/share/colcon-core/packages/tugbot_description)
[0.624s] Level 1:colcon.colcon_core.environment:create_environment_scripts_only(tugbot_description)
[0.624s] Level 1:colcon.colcon_core.environment:checking '/home/hyh/Desktop/playground_hermes/tugbot_ros2_gazebo/ros2_ws_tugbot_nav_20260514/install/tugbot_description' for CMake module files
[0.624s] Level 1:colcon.colcon_core.environment:checking '/home/hyh/Desktop/playground_hermes/tugbot_ros2_gazebo/ros2_ws_tugbot_nav_20260514/install/tugbot_description' for CMake config files
[0.625s] Level 1:colcon.colcon_core.shell:create_environment_hook('tugbot_description', 'cmake_prefix_path')
[0.625s] INFO:colcon.colcon_core.shell:Creating environment hook '/home/hyh/Desktop/playground_hermes/tugbot_ros2_gazebo/ros2_ws_tugbot_nav_20260514/install/tugbot_description/share/tugbot_description/hook/cmake_prefix_path.ps1'
[0.625s] INFO:colcon.colcon_core.shell:Creating environment descriptor '/home/hyh/Desktop/playground_hermes/tugbot_ros2_gazebo/ros2_ws_tugbot_nav_20260514/install/tugbot_description/share/tugbot_description/hook/cmake_prefix_path.dsv'
[0.625s] INFO:colcon.colcon_core.shell:Creating environment hook '/home/hyh/Desktop/playground_hermes/tugbot_ros2_gazebo/ros2_ws_tugbot_nav_20260514/install/tugbot_description/share/tugbot_description/hook/cmake_prefix_path.sh'
[0.626s] Level 1:colcon.colcon_core.environment:checking '/home/hyh/Desktop/playground_hermes/tugbot_ros2_gazebo/ros2_ws_tugbot_nav_20260514/install/tugbot_description/bin'
[0.626s] Level 1:colcon.colcon_core.environment:checking '/home/hyh/Desktop/playground_hermes/tugbot_ros2_gazebo/ros2_ws_tugbot_nav_20260514/install/tugbot_description/lib/pkgconfig/tugbot_description.pc'
[0.626s] Level 1:colcon.colcon_core.environment:checking '/home/hyh/Desktop/playground_hermes/tugbot_ros2_gazebo/ros2_ws_tugbot_nav_20260514/install/tugbot_description/lib/python3.12/site-packages'
[0.626s] Level 1:colcon.colcon_core.environment:checking '/home/hyh/Desktop/playground_hermes/tugbot_ros2_gazebo/ros2_ws_tugbot_nav_20260514/install/tugbot_description/bin'
[0.627s] INFO:colcon.colcon_core.shell:Creating package script '/home/hyh/Desktop/playground_hermes/tugbot_ros2_gazebo/ros2_ws_tugbot_nav_20260514/install/tugbot_description/share/tugbot_description/package.ps1'
[0.627s] INFO:colcon.colcon_core.shell:Creating package descriptor '/home/hyh/Desktop/playground_hermes/tugbot_ros2_gazebo/ros2_ws_tugbot_nav_20260514/install/tugbot_description/share/tugbot_description/package.dsv'
[0.627s] INFO:colcon.colcon_core.shell:Creating package script '/home/hyh/Desktop/playground_hermes/tugbot_ros2_gazebo/ros2_ws_tugbot_nav_20260514/install/tugbot_description/share/tugbot_description/package.sh'
[0.628s] INFO:colcon.colcon_core.shell:Creating package script '/home/hyh/Desktop/playground_hermes/tugbot_ros2_gazebo/ros2_ws_tugbot_nav_20260514/install/tugbot_description/share/tugbot_description/package.bash'
[0.628s] INFO:colcon.colcon_core.shell:Creating package script '/home/hyh/Desktop/playground_hermes/tugbot_ros2_gazebo/ros2_ws_tugbot_nav_20260514/install/tugbot_description/share/tugbot_description/package.zsh'
[0.628s] Level 1:colcon.colcon_core.environment:create_file_with_runtime_dependencies(/home/hyh/Desktop/playground_hermes/tugbot_ros2_gazebo/ros2_ws_tugbot_nav_20260514/install/tugbot_description/share/colcon-core/packages/tugbot_description)
[0.629s] Level 1:colcon.colcon_core.environment:create_environment_scripts_only(tugbot_navigation)
[0.629s] Level 1:colcon.colcon_core.environment:checking '/home/hyh/Desktop/playground_hermes/tugbot_ros2_gazebo/ros2_ws_tugbot_nav_20260514/install/tugbot_navigation' for CMake module files
[0.630s] DEBUG:colcon.colcon_core.event_handler.log_command:Invoked command in '/home/hyh/Desktop/playground_hermes/tugbot_ros2_gazebo/ros2_ws_tugbot_nav_20260514/build/tugbot_navigation' returned '0': CMAKE_PREFIX_PATH=${CMAKE_PREFIX_PATH}:/home/hyh/ws_moveit/install/moveit_configs_utils:/opt/ros/jazzy DEBUGINFOD_URLS=https://debuginfod.ubuntu.com /usr/bin/cmake --install /home/hyh/Desktop/playground_hermes/tugbot_ros2_gazebo/ros2_ws_tugbot_nav_20260514/build/tugbot_navigation
[0.630s] Level 1:colcon.colcon_core.environment:checking '/home/hyh/Desktop/playground_hermes/tugbot_ros2_gazebo/ros2_ws_tugbot_nav_20260514/install/tugbot_navigation' for CMake config files
[0.631s] Level 1:colcon.colcon_core.shell:create_environment_hook('tugbot_navigation', 'cmake_prefix_path')
[0.631s] INFO:colcon.colcon_core.shell:Creating environment hook '/home/hyh/Desktop/playground_hermes/tugbot_ros2_gazebo/ros2_ws_tugbot_nav_20260514/install/tugbot_navigation/share/tugbot_navigation/hook/cmake_prefix_path.ps1'
[0.631s] INFO:colcon.colcon_core.shell:Creating environment descriptor '/home/hyh/Desktop/playground_hermes/tugbot_ros2_gazebo/ros2_ws_tugbot_nav_20260514/install/tugbot_navigation/share/tugbot_navigation/hook/cmake_prefix_path.dsv'
[0.631s] INFO:colcon.colcon_core.shell:Creating environment hook '/home/hyh/Desktop/playground_hermes/tugbot_ros2_gazebo/ros2_ws_tugbot_nav_20260514/install/tugbot_navigation/share/tugbot_navigation/hook/cmake_prefix_path.sh'
[0.632s] Level 1:colcon.colcon_core.environment:checking '/home/hyh/Desktop/playground_hermes/tugbot_ros2_gazebo/ros2_ws_tugbot_nav_20260514/install/tugbot_navigation/bin'
[0.632s] Level 1:colcon.colcon_core.environment:checking '/home/hyh/Desktop/playground_hermes/tugbot_ros2_gazebo/ros2_ws_tugbot_nav_20260514/install/tugbot_navigation/lib/pkgconfig/tugbot_navigation.pc'
[0.632s] Level 1:colcon.colcon_core.environment:checking '/home/hyh/Desktop/playground_hermes/tugbot_ros2_gazebo/ros2_ws_tugbot_nav_20260514/install/tugbot_navigation/lib/python3.12/site-packages'
[0.632s] Level 1:colcon.colcon_core.environment:checking '/home/hyh/Desktop/playground_hermes/tugbot_ros2_gazebo/ros2_ws_tugbot_nav_20260514/install/tugbot_navigation/bin'
[0.632s] INFO:colcon.colcon_core.shell:Creating package script '/home/hyh/Desktop/playground_hermes/tugbot_ros2_gazebo/ros2_ws_tugbot_nav_20260514/install/tugbot_navigation/share/tugbot_navigation/package.ps1'
[0.633s] INFO:colcon.colcon_core.shell:Creating package descriptor '/home/hyh/Desktop/playground_hermes/tugbot_ros2_gazebo/ros2_ws_tugbot_nav_20260514/install/tugbot_navigation/share/tugbot_navigation/package.dsv'
[0.633s] INFO:colcon.colcon_core.shell:Creating package script '/home/hyh/Desktop/playground_hermes/tugbot_ros2_gazebo/ros2_ws_tugbot_nav_20260514/install/tugbot_navigation/share/tugbot_navigation/package.sh'
[0.633s] INFO:colcon.colcon_core.shell:Creating package script '/home/hyh/Desktop/playground_hermes/tugbot_ros2_gazebo/ros2_ws_tugbot_nav_20260514/install/tugbot_navigation/share/tugbot_navigation/package.bash'
[0.634s] INFO:colcon.colcon_core.shell:Creating package script '/home/hyh/Desktop/playground_hermes/tugbot_ros2_gazebo/ros2_ws_tugbot_nav_20260514/install/tugbot_navigation/share/tugbot_navigation/package.zsh'
[0.634s] Level 1:colcon.colcon_core.environment:create_file_with_runtime_dependencies(/home/hyh/Desktop/playground_hermes/tugbot_ros2_gazebo/ros2_ws_tugbot_nav_20260514/install/tugbot_navigation/share/colcon-core/packages/tugbot_navigation)
[0.634s] Level 1:colcon.colcon_core.environment:create_environment_scripts_only(tugbot_navigation)
[0.635s] Level 1:colcon.colcon_core.environment:checking '/home/hyh/Desktop/playground_hermes/tugbot_ros2_gazebo/ros2_ws_tugbot_nav_20260514/install/tugbot_navigation' for CMake module files
[0.635s] Level 1:colcon.colcon_core.environment:checking '/home/hyh/Desktop/playground_hermes/tugbot_ros2_gazebo/ros2_ws_tugbot_nav_20260514/install/tugbot_navigation' for CMake config files
[0.635s] Level 1:colcon.colcon_core.shell:create_environment_hook('tugbot_navigation', 'cmake_prefix_path')
[0.636s] INFO:colcon.colcon_core.shell:Creating environment hook '/home/hyh/Desktop/playground_hermes/tugbot_ros2_gazebo/ros2_ws_tugbot_nav_20260514/install/tugbot_navigation/share/tugbot_navigation/hook/cmake_prefix_path.ps1'
[0.636s] INFO:colcon.colcon_core.shell:Creating environment descriptor '/home/hyh/Desktop/playground_hermes/tugbot_ros2_gazebo/ros2_ws_tugbot_nav_20260514/install/tugbot_navigation/share/tugbot_navigation/hook/cmake_prefix_path.dsv'
[0.636s] INFO:colcon.colcon_core.shell:Creating environment hook '/home/hyh/Desktop/playground_hermes/tugbot_ros2_gazebo/ros2_ws_tugbot_nav_20260514/install/tugbot_navigation/share/tugbot_navigation/hook/cmake_prefix_path.sh'
[0.637s] Level 1:colcon.colcon_core.environment:checking '/home/hyh/Desktop/playground_hermes/tugbot_ros2_gazebo/ros2_ws_tugbot_nav_20260514/install/tugbot_navigation/bin'
[0.637s] Level 1:colcon.colcon_core.environment:checking '/home/hyh/Desktop/playground_hermes/tugbot_ros2_gazebo/ros2_ws_tugbot_nav_20260514/install/tugbot_navigation/lib/pkgconfig/tugbot_navigation.pc'
[0.637s] Level 1:colcon.colcon_core.environment:checking '/home/hyh/Desktop/playground_hermes/tugbot_ros2_gazebo/ros2_ws_tugbot_nav_20260514/install/tugbot_navigation/lib/python3.12/site-packages'
[0.637s] Level 1:colcon.colcon_core.environment:checking '/home/hyh/Desktop/playground_hermes/tugbot_ros2_gazebo/ros2_ws_tugbot_nav_20260514/install/tugbot_navigation/bin'
[0.637s] INFO:colcon.colcon_core.shell:Creating package script '/home/hyh/Desktop/playground_hermes/tugbot_ros2_gazebo/ros2_ws_tugbot_nav_20260514/install/tugbot_navigation/share/tugbot_navigation/package.ps1'
[0.638s] INFO:colcon.colcon_core.shell:Creating package descriptor '/home/hyh/Desktop/playground_hermes/tugbot_ros2_gazebo/ros2_ws_tugbot_nav_20260514/install/tugbot_navigation/share/tugbot_navigation/package.dsv'
[0.638s] INFO:colcon.colcon_core.shell:Creating package script '/home/hyh/Desktop/playground_hermes/tugbot_ros2_gazebo/ros2_ws_tugbot_nav_20260514/install/tugbot_navigation/share/tugbot_navigation/package.sh'
[0.638s] INFO:colcon.colcon_core.shell:Creating package script '/home/hyh/Desktop/playground_hermes/tugbot_ros2_gazebo/ros2_ws_tugbot_nav_20260514/install/tugbot_navigation/share/tugbot_navigation/package.bash'
[0.639s] INFO:colcon.colcon_core.shell:Creating package script '/home/hyh/Desktop/playground_hermes/tugbot_ros2_gazebo/ros2_ws_tugbot_nav_20260514/install/tugbot_navigation/share/tugbot_navigation/package.zsh'
[0.639s] Level 1:colcon.colcon_core.environment:create_file_with_runtime_dependencies(/home/hyh/Desktop/playground_hermes/tugbot_ros2_gazebo/ros2_ws_tugbot_nav_20260514/install/tugbot_navigation/share/colcon-core/packages/tugbot_navigation)
[1.059s] DEBUG:colcon.colcon_core.event_handler.log_command:Invoking command in '/home/hyh/Desktop/playground_hermes/tugbot_ros2_gazebo/ros2_ws_tugbot_nav_20260514/build/tugbot_exploration': DEBUGINFOD_URLS=https://debuginfod.ubuntu.com PYTHONPATH=/home/hyh/Desktop/playground_hermes/tugbot_ros2_gazebo/ros2_ws_tugbot_nav_20260514/build/tugbot_exploration/prefix_override:/usr/lib/python3/dist-packages/colcon_core/task/python/colcon_distutils_commands:/home/hyh/Desktop/playground_hermes/tugbot_ros2_gazebo/ros2_ws_tugbot_nav_20260514/install/tugbot_exploration/lib/python3.12/site-packages:${PYTHONPATH} /usr/bin/python3 -W ignore:setup.py install is deprecated -W ignore:easy_install command is deprecated setup.py develop --editable --build-directory /home/hyh/Desktop/playground_hermes/tugbot_ros2_gazebo/ros2_ws_tugbot_nav_20260514/build/tugbot_exploration/build --no-deps symlink_data
[1.647s] Level 1:colcon.colcon_core.shell:create_environment_hook('tugbot_exploration', 'pythonpath_develop')
[1.647s] INFO:colcon.colcon_core.shell:Creating environment hook '/home/hyh/Desktop/playground_hermes/tugbot_ros2_gazebo/ros2_ws_tugbot_nav_20260514/build/tugbot_exploration/share/tugbot_exploration/hook/pythonpath_develop.ps1'
[1.647s] DEBUG:colcon.colcon_core.event_handler.log_command:Invoked command in '/home/hyh/Desktop/playground_hermes/tugbot_ros2_gazebo/ros2_ws_tugbot_nav_20260514/build/tugbot_exploration' returned '0': DEBUGINFOD_URLS=https://debuginfod.ubuntu.com PYTHONPATH=/home/hyh/Desktop/playground_hermes/tugbot_ros2_gazebo/ros2_ws_tugbot_nav_20260514/build/tugbot_exploration/prefix_override:/usr/lib/python3/dist-packages/colcon_core/task/python/colcon_distutils_commands:/home/hyh/Desktop/playground_hermes/tugbot_ros2_gazebo/ros2_ws_tugbot_nav_20260514/install/tugbot_exploration/lib/python3.12/site-packages:${PYTHONPATH} /usr/bin/python3 -W ignore:setup.py install is deprecated -W ignore:easy_install command is deprecated setup.py develop --editable --build-directory /home/hyh/Desktop/playground_hermes/tugbot_ros2_gazebo/ros2_ws_tugbot_nav_20260514/build/tugbot_exploration/build --no-deps symlink_data
[1.648s] INFO:colcon.colcon_core.shell:Creating environment descriptor '/home/hyh/Desktop/playground_hermes/tugbot_ros2_gazebo/ros2_ws_tugbot_nav_20260514/build/tugbot_exploration/share/tugbot_exploration/hook/pythonpath_develop.dsv'
[1.648s] INFO:colcon.colcon_core.shell:Creating environment hook '/home/hyh/Desktop/playground_hermes/tugbot_ros2_gazebo/ros2_ws_tugbot_nav_20260514/build/tugbot_exploration/share/tugbot_exploration/hook/pythonpath_develop.sh'
[1.649s] Level 1:colcon.colcon_core.environment:checking '/home/hyh/Desktop/playground_hermes/tugbot_ros2_gazebo/ros2_ws_tugbot_nav_20260514/install/tugbot_exploration' for CMake module files
[1.649s] Level 1:colcon.colcon_core.environment:checking '/home/hyh/Desktop/playground_hermes/tugbot_ros2_gazebo/ros2_ws_tugbot_nav_20260514/install/tugbot_exploration' for CMake config files
[1.650s] Level 1:colcon.colcon_core.environment:checking '/home/hyh/Desktop/playground_hermes/tugbot_ros2_gazebo/ros2_ws_tugbot_nav_20260514/install/tugbot_exploration/lib'
[1.650s] Level 1:colcon.colcon_core.environment:checking '/home/hyh/Desktop/playground_hermes/tugbot_ros2_gazebo/ros2_ws_tugbot_nav_20260514/install/tugbot_exploration/bin'
[1.650s] Level 1:colcon.colcon_core.environment:checking '/home/hyh/Desktop/playground_hermes/tugbot_ros2_gazebo/ros2_ws_tugbot_nav_20260514/install/tugbot_exploration/lib/pkgconfig/tugbot_exploration.pc'
[1.650s] Level 1:colcon.colcon_core.environment:checking '/home/hyh/Desktop/playground_hermes/tugbot_ros2_gazebo/ros2_ws_tugbot_nav_20260514/install/tugbot_exploration/lib/python3.12/site-packages'
[1.650s] Level 1:colcon.colcon_core.shell:create_environment_hook('tugbot_exploration', 'pythonpath')
[1.650s] INFO:colcon.colcon_core.shell:Creating environment hook '/home/hyh/Desktop/playground_hermes/tugbot_ros2_gazebo/ros2_ws_tugbot_nav_20260514/install/tugbot_exploration/share/tugbot_exploration/hook/pythonpath.ps1'
[1.650s] INFO:colcon.colcon_core.shell:Creating environment descriptor '/home/hyh/Desktop/playground_hermes/tugbot_ros2_gazebo/ros2_ws_tugbot_nav_20260514/install/tugbot_exploration/share/tugbot_exploration/hook/pythonpath.dsv'
[1.651s] INFO:colcon.colcon_core.shell:Creating environment hook '/home/hyh/Desktop/playground_hermes/tugbot_ros2_gazebo/ros2_ws_tugbot_nav_20260514/install/tugbot_exploration/share/tugbot_exploration/hook/pythonpath.sh'
[1.651s] Level 1:colcon.colcon_core.environment:checking '/home/hyh/Desktop/playground_hermes/tugbot_ros2_gazebo/ros2_ws_tugbot_nav_20260514/install/tugbot_exploration/bin'
[1.652s] Level 1:colcon.colcon_core.environment:create_environment_scripts_only(tugbot_exploration)
[1.652s] INFO:colcon.colcon_core.shell:Creating package script '/home/hyh/Desktop/playground_hermes/tugbot_ros2_gazebo/ros2_ws_tugbot_nav_20260514/install/tugbot_exploration/share/tugbot_exploration/package.ps1'
[1.652s] INFO:colcon.colcon_core.shell:Creating package descriptor '/home/hyh/Desktop/playground_hermes/tugbot_ros2_gazebo/ros2_ws_tugbot_nav_20260514/install/tugbot_exploration/share/tugbot_exploration/package.dsv'
[1.652s] INFO:colcon.colcon_core.shell:Creating package script '/home/hyh/Desktop/playground_hermes/tugbot_ros2_gazebo/ros2_ws_tugbot_nav_20260514/install/tugbot_exploration/share/tugbot_exploration/package.sh'
[1.653s] INFO:colcon.colcon_core.shell:Creating package script '/home/hyh/Desktop/playground_hermes/tugbot_ros2_gazebo/ros2_ws_tugbot_nav_20260514/install/tugbot_exploration/share/tugbot_exploration/package.bash'
[1.653s] INFO:colcon.colcon_core.shell:Creating package script '/home/hyh/Desktop/playground_hermes/tugbot_ros2_gazebo/ros2_ws_tugbot_nav_20260514/install/tugbot_exploration/share/tugbot_exploration/package.zsh'
[1.653s] Level 1:colcon.colcon_core.environment:create_file_with_runtime_dependencies(/home/hyh/Desktop/playground_hermes/tugbot_ros2_gazebo/ros2_ws_tugbot_nav_20260514/install/tugbot_exploration/share/colcon-core/packages/tugbot_exploration)
[1.654s] INFO:colcon.colcon_ros.task.ament_cmake.build:Building ROS package in '/home/hyh/Desktop/playground_hermes/tugbot_ros2_gazebo/ros2_ws_tugbot_nav_20260514/src/tugbot_bringup' with build type 'ament_cmake'
[1.654s] INFO:colcon.colcon_cmake.task.cmake.build:Building CMake package in '/home/hyh/Desktop/playground_hermes/tugbot_ros2_gazebo/ros2_ws_tugbot_nav_20260514/src/tugbot_bringup'
[1.654s] INFO:colcon.colcon_core.shell:Skip shell extension 'powershell' for command environment: Not usable outside of PowerShell
[1.654s] DEBUG:colcon.colcon_core.shell:Skip shell extension 'dsv' for command environment
[1.673s] DEBUG:colcon.colcon_core.event_handler.log_command:Invoking command in '/home/hyh/Desktop/playground_hermes/tugbot_ros2_gazebo/ros2_ws_tugbot_nav_20260514/build/tugbot_bringup': AMENT_PREFIX_PATH=/home/hyh/Desktop/playground_hermes/tugbot_ros2_gazebo/ros2_ws_tugbot_nav_20260514/install/tugbot_exploration:${AMENT_PREFIX_PATH} CMAKE_PREFIX_PATH=${CMAKE_PREFIX_PATH}:/home/hyh/ws_moveit/install/moveit_configs_utils:/opt/ros/jazzy DEBUGINFOD_URLS=https://debuginfod.ubuntu.com PYTHONPATH=/home/hyh/Desktop/playground_hermes/tugbot_ros2_gazebo/ros2_ws_tugbot_nav_20260514/build/tugbot_exploration:/home/hyh/Desktop/playground_hermes/tugbot_ros2_gazebo/ros2_ws_tugbot_nav_20260514/install/tugbot_exploration/lib/python3.12/site-packages:${PYTHONPATH} /usr/bin/cmake --build /home/hyh/Desktop/playground_hermes/tugbot_ros2_gazebo/ros2_ws_tugbot_nav_20260514/build/tugbot_bringup -- -j8 -l8
[1.726s] DEBUG:colcon.colcon_core.event_handler.log_command:Invoked command in '/home/hyh/Desktop/playground_hermes/tugbot_ros2_gazebo/ros2_ws_tugbot_nav_20260514/build/tugbot_bringup' returned '0': AMENT_PREFIX_PATH=/home/hyh/Desktop/playground_hermes/tugbot_ros2_gazebo/ros2_ws_tugbot_nav_20260514/install/tugbot_exploration:${AMENT_PREFIX_PATH} CMAKE_PREFIX_PATH=${CMAKE_PREFIX_PATH}:/home/hyh/ws_moveit/install/moveit_configs_utils:/opt/ros/jazzy DEBUGINFOD_URLS=https://debuginfod.ubuntu.com PYTHONPATH=/home/hyh/Desktop/playground_hermes/tugbot_ros2_gazebo/ros2_ws_tugbot_nav_20260514/build/tugbot_exploration:/home/hyh/Desktop/playground_hermes/tugbot_ros2_gazebo/ros2_ws_tugbot_nav_20260514/install/tugbot_exploration/lib/python3.12/site-packages:${PYTHONPATH} /usr/bin/cmake --build /home/hyh/Desktop/playground_hermes/tugbot_ros2_gazebo/ros2_ws_tugbot_nav_20260514/build/tugbot_bringup -- -j8 -l8
[1.727s] DEBUG:colcon.colcon_core.event_handler.log_command:Invoking command in '/home/hyh/Desktop/playground_hermes/tugbot_ros2_gazebo/ros2_ws_tugbot_nav_20260514/build/tugbot_bringup': AMENT_PREFIX_PATH=/home/hyh/Desktop/playground_hermes/tugbot_ros2_gazebo/ros2_ws_tugbot_nav_20260514/install/tugbot_exploration:${AMENT_PREFIX_PATH} CMAKE_PREFIX_PATH=${CMAKE_PREFIX_PATH}:/home/hyh/ws_moveit/install/moveit_configs_utils:/opt/ros/jazzy DEBUGINFOD_URLS=https://debuginfod.ubuntu.com PYTHONPATH=/home/hyh/Desktop/playground_hermes/tugbot_ros2_gazebo/ros2_ws_tugbot_nav_20260514/build/tugbot_exploration:/home/hyh/Desktop/playground_hermes/tugbot_ros2_gazebo/ros2_ws_tugbot_nav_20260514/install/tugbot_exploration/lib/python3.12/site-packages:${PYTHONPATH} /usr/bin/cmake --install /home/hyh/Desktop/playground_hermes/tugbot_ros2_gazebo/ros2_ws_tugbot_nav_20260514/build/tugbot_bringup
[1.761s] Level 1:colcon.colcon_core.environment:create_environment_scripts_only(tugbot_bringup)
[1.761s] Level 1:colcon.colcon_core.environment:checking '/home/hyh/Desktop/playground_hermes/tugbot_ros2_gazebo/ros2_ws_tugbot_nav_20260514/install/tugbot_bringup' for CMake module files
[1.761s] DEBUG:colcon.colcon_core.event_handler.log_command:Invoked command in '/home/hyh/Desktop/playground_hermes/tugbot_ros2_gazebo/ros2_ws_tugbot_nav_20260514/build/tugbot_bringup' returned '0': AMENT_PREFIX_PATH=/home/hyh/Desktop/playground_hermes/tugbot_ros2_gazebo/ros2_ws_tugbot_nav_20260514/install/tugbot_exploration:${AMENT_PREFIX_PATH} CMAKE_PREFIX_PATH=${CMAKE_PREFIX_PATH}:/home/hyh/ws_moveit/install/moveit_configs_utils:/opt/ros/jazzy DEBUGINFOD_URLS=https://debuginfod.ubuntu.com PYTHONPATH=/home/hyh/Desktop/playground_hermes/tugbot_ros2_gazebo/ros2_ws_tugbot_nav_20260514/build/tugbot_exploration:/home/hyh/Desktop/playground_hermes/tugbot_ros2_gazebo/ros2_ws_tugbot_nav_20260514/install/tugbot_exploration/lib/python3.12/site-packages:${PYTHONPATH} /usr/bin/cmake --install /home/hyh/Desktop/playground_hermes/tugbot_ros2_gazebo/ros2_ws_tugbot_nav_20260514/build/tugbot_bringup
[1.762s] Level 1:colcon.colcon_core.environment:checking '/home/hyh/Desktop/playground_hermes/tugbot_ros2_gazebo/ros2_ws_tugbot_nav_20260514/install/tugbot_bringup' for CMake config files
[1.762s] Level 1:colcon.colcon_core.shell:create_environment_hook('tugbot_bringup', 'cmake_prefix_path')
[1.762s] INFO:colcon.colcon_core.shell:Creating environment hook '/home/hyh/Desktop/playground_hermes/tugbot_ros2_gazebo/ros2_ws_tugbot_nav_20260514/install/tugbot_bringup/share/tugbot_bringup/hook/cmake_prefix_path.ps1'
[1.764s] INFO:colcon.colcon_core.shell:Creating environment descriptor '/home/hyh/Desktop/playground_hermes/tugbot_ros2_gazebo/ros2_ws_tugbot_nav_20260514/install/tugbot_bringup/share/tugbot_bringup/hook/cmake_prefix_path.dsv'
[1.765s] INFO:colcon.colcon_core.shell:Creating environment hook '/home/hyh/Desktop/playground_hermes/tugbot_ros2_gazebo/ros2_ws_tugbot_nav_20260514/install/tugbot_bringup/share/tugbot_bringup/hook/cmake_prefix_path.sh'
[1.766s] Level 1:colcon.colcon_core.environment:checking '/home/hyh/Desktop/playground_hermes/tugbot_ros2_gazebo/ros2_ws_tugbot_nav_20260514/install/tugbot_bringup/bin'
[1.766s] Level 1:colcon.colcon_core.environment:checking '/home/hyh/Desktop/playground_hermes/tugbot_ros2_gazebo/ros2_ws_tugbot_nav_20260514/install/tugbot_bringup/lib/pkgconfig/tugbot_bringup.pc'
[1.766s] Level 1:colcon.colcon_core.environment:checking '/home/hyh/Desktop/playground_hermes/tugbot_ros2_gazebo/ros2_ws_tugbot_nav_20260514/install/tugbot_bringup/lib/python3.12/site-packages'
[1.766s] Level 1:colcon.colcon_core.environment:checking '/home/hyh/Desktop/playground_hermes/tugbot_ros2_gazebo/ros2_ws_tugbot_nav_20260514/install/tugbot_bringup/bin'
[1.766s] INFO:colcon.colcon_core.shell:Creating package script '/home/hyh/Desktop/playground_hermes/tugbot_ros2_gazebo/ros2_ws_tugbot_nav_20260514/install/tugbot_bringup/share/tugbot_bringup/package.ps1'
[1.767s] INFO:colcon.colcon_core.shell:Creating package descriptor '/home/hyh/Desktop/playground_hermes/tugbot_ros2_gazebo/ros2_ws_tugbot_nav_20260514/install/tugbot_bringup/share/tugbot_bringup/package.dsv'
[1.767s] INFO:colcon.colcon_core.shell:Creating package script '/home/hyh/Desktop/playground_hermes/tugbot_ros2_gazebo/ros2_ws_tugbot_nav_20260514/install/tugbot_bringup/share/tugbot_bringup/package.sh'
[1.768s] INFO:colcon.colcon_core.shell:Creating package script '/home/hyh/Desktop/playground_hermes/tugbot_ros2_gazebo/ros2_ws_tugbot_nav_20260514/install/tugbot_bringup/share/tugbot_bringup/package.bash'
[1.768s] INFO:colcon.colcon_core.shell:Creating package script '/home/hyh/Desktop/playground_hermes/tugbot_ros2_gazebo/ros2_ws_tugbot_nav_20260514/install/tugbot_bringup/share/tugbot_bringup/package.zsh'
[1.768s] Level 1:colcon.colcon_core.environment:create_file_with_runtime_dependencies(/home/hyh/Desktop/playground_hermes/tugbot_ros2_gazebo/ros2_ws_tugbot_nav_20260514/install/tugbot_bringup/share/colcon-core/packages/tugbot_bringup)
[1.769s] Level 1:colcon.colcon_core.environment:create_environment_scripts_only(tugbot_bringup)
[1.769s] Level 1:colcon.colcon_core.environment:checking '/home/hyh/Desktop/playground_hermes/tugbot_ros2_gazebo/ros2_ws_tugbot_nav_20260514/install/tugbot_bringup' for CMake module files
[1.769s] Level 1:colcon.colcon_core.environment:checking '/home/hyh/Desktop/playground_hermes/tugbot_ros2_gazebo/ros2_ws_tugbot_nav_20260514/install/tugbot_bringup' for CMake config files
[1.770s] Level 1:colcon.colcon_core.shell:create_environment_hook('tugbot_bringup', 'cmake_prefix_path')
[1.770s] INFO:colcon.colcon_core.shell:Creating environment hook '/home/hyh/Desktop/playground_hermes/tugbot_ros2_gazebo/ros2_ws_tugbot_nav_20260514/install/tugbot_bringup/share/tugbot_bringup/hook/cmake_prefix_path.ps1'
[1.770s] INFO:colcon.colcon_core.shell:Creating environment descriptor '/home/hyh/Desktop/playground_hermes/tugbot_ros2_gazebo/ros2_ws_tugbot_nav_20260514/install/tugbot_bringup/share/tugbot_bringup/hook/cmake_prefix_path.dsv'
[1.771s] INFO:colcon.colcon_core.shell:Creating environment hook '/home/hyh/Desktop/playground_hermes/tugbot_ros2_gazebo/ros2_ws_tugbot_nav_20260514/install/tugbot_bringup/share/tugbot_bringup/hook/cmake_prefix_path.sh'
[1.771s] Level 1:colcon.colcon_core.environment:checking '/home/hyh/Desktop/playground_hermes/tugbot_ros2_gazebo/ros2_ws_tugbot_nav_20260514/install/tugbot_bringup/bin'
[1.771s] Level 1:colcon.colcon_core.environment:checking '/home/hyh/Desktop/playground_hermes/tugbot_ros2_gazebo/ros2_ws_tugbot_nav_20260514/install/tugbot_bringup/lib/pkgconfig/tugbot_bringup.pc'
[1.771s] Level 1:colcon.colcon_core.environment:checking '/home/hyh/Desktop/playground_hermes/tugbot_ros2_gazebo/ros2_ws_tugbot_nav_20260514/install/tugbot_bringup/lib/python3.12/site-packages'
[1.772s] Level 1:colcon.colcon_core.environment:checking '/home/hyh/Desktop/playground_hermes/tugbot_ros2_gazebo/ros2_ws_tugbot_nav_20260514/install/tugbot_bringup/bin'
[1.772s] INFO:colcon.colcon_core.shell:Creating package script '/home/hyh/Desktop/playground_hermes/tugbot_ros2_gazebo/ros2_ws_tugbot_nav_20260514/install/tugbot_bringup/share/tugbot_bringup/package.ps1'
[1.772s] INFO:colcon.colcon_core.shell:Creating package descriptor '/home/hyh/Desktop/playground_hermes/tugbot_ros2_gazebo/ros2_ws_tugbot_nav_20260514/install/tugbot_bringup/share/tugbot_bringup/package.dsv'
[1.774s] INFO:colcon.colcon_core.shell:Creating package script '/home/hyh/Desktop/playground_hermes/tugbot_ros2_gazebo/ros2_ws_tugbot_nav_20260514/install/tugbot_bringup/share/tugbot_bringup/package.sh'
[1.777s] INFO:colcon.colcon_core.shell:Creating package script '/home/hyh/Desktop/playground_hermes/tugbot_ros2_gazebo/ros2_ws_tugbot_nav_20260514/install/tugbot_bringup/share/tugbot_bringup/package.bash'
[1.782s] INFO:colcon.colcon_core.shell:Creating package script '/home/hyh/Desktop/playground_hermes/tugbot_ros2_gazebo/ros2_ws_tugbot_nav_20260514/install/tugbot_bringup/share/tugbot_bringup/package.zsh'
[1.783s] Level 1:colcon.colcon_core.environment:create_file_with_runtime_dependencies(/home/hyh/Desktop/playground_hermes/tugbot_ros2_gazebo/ros2_ws_tugbot_nav_20260514/install/tugbot_bringup/share/colcon-core/packages/tugbot_bringup)
[1.783s] DEBUG:colcon.colcon_parallel_executor.executor.parallel:closing loop
[1.783s] DEBUG:colcon.colcon_parallel_executor.executor.parallel:loop closed
[1.783s] DEBUG:colcon.colcon_parallel_executor.executor.parallel:run_until_complete finished with '0'
[1.783s] DEBUG:colcon.colcon_core.event_reactor:joining thread
[1.796s] INFO:colcon.colcon_core.plugin_system:Skipping extension 'colcon_notification.desktop_notification.terminal_notifier': Not used on non-Darwin systems
[1.796s] INFO:colcon.colcon_core.plugin_system:Skipping extension 'colcon_notification.desktop_notification.win32': Not used on non-Windows systems
[1.796s] INFO:colcon.colcon_notification.desktop_notification:Sending desktop notification using 'notify2'
[1.837s] DEBUG:colcon.colcon_core.event_reactor:joined thread
[1.838s] INFO:colcon.colcon_core.shell:Creating prefix script '/home/hyh/Desktop/playground_hermes/tugbot_ros2_gazebo/ros2_ws_tugbot_nav_20260514/install/local_setup.ps1'
[1.839s] INFO:colcon.colcon_core.shell:Creating prefix util module '/home/hyh/Desktop/playground_hermes/tugbot_ros2_gazebo/ros2_ws_tugbot_nav_20260514/install/_local_setup_util_ps1.py'
[1.841s] INFO:colcon.colcon_core.shell:Creating prefix chain script '/home/hyh/Desktop/playground_hermes/tugbot_ros2_gazebo/ros2_ws_tugbot_nav_20260514/install/setup.ps1'
[1.844s] INFO:colcon.colcon_core.shell:Creating prefix script '/home/hyh/Desktop/playground_hermes/tugbot_ros2_gazebo/ros2_ws_tugbot_nav_20260514/install/local_setup.sh'
[1.844s] INFO:colcon.colcon_core.shell:Creating prefix util module '/home/hyh/Desktop/playground_hermes/tugbot_ros2_gazebo/ros2_ws_tugbot_nav_20260514/install/_local_setup_util_sh.py'
[1.845s] INFO:colcon.colcon_core.shell:Creating prefix chain script '/home/hyh/Desktop/playground_hermes/tugbot_ros2_gazebo/ros2_ws_tugbot_nav_20260514/install/setup.sh'
[1.847s] INFO:colcon.colcon_core.shell:Creating prefix script '/home/hyh/Desktop/playground_hermes/tugbot_ros2_gazebo/ros2_ws_tugbot_nav_20260514/install/local_setup.bash'
[1.848s] INFO:colcon.colcon_core.shell:Creating prefix chain script '/home/hyh/Desktop/playground_hermes/tugbot_ros2_gazebo/ros2_ws_tugbot_nav_20260514/install/setup.bash'
[1.850s] INFO:colcon.colcon_core.shell:Creating prefix script '/home/hyh/Desktop/playground_hermes/tugbot_ros2_gazebo/ros2_ws_tugbot_nav_20260514/install/local_setup.zsh'
[1.851s] INFO:colcon.colcon_core.shell:Creating prefix chain script '/home/hyh/Desktop/playground_hermes/tugbot_ros2_gazebo/ros2_ws_tugbot_nav_20260514/install/setup.zsh'
