[0.089s] DEBUG:colcon:Command line arguments: ['/usr/bin/colcon', 'build', '--symlink-install', '--packages-select', 'tugbot_bringup']
[0.089s] DEBUG:colcon:Parsed command line arguments: Namespace(log_base=None, log_level=None, verb_name='build', build_base='build', install_base='install', merge_install=False, symlink_install=True, test_result_base=None, continue_on_error=False, executor='parallel', parallel_workers=8, event_handlers=None, ignore_user_meta=False, metas=['./colcon.meta'], base_paths=['.'], packages_ignore=None, packages_ignore_regex=None, paths=None, packages_up_to=None, packages_up_to_regex=None, packages_above=None, packages_above_and_dependencies=None, packages_above_depth=None, packages_select_by_dep=None, packages_skip_by_dep=None, packages_skip_up_to=None, packages_select_build_failed=False, packages_skip_build_finished=False, packages_select_test_failures=False, packages_skip_test_passed=False, packages_select=['tugbot_bringup'], packages_skip=None, packages_select_regex=None, packages_skip_regex=None, packages_start=None, packages_end=None, allow_overriding=[], cmake_args=None, cmake_target=None, cmake_target_skip_unavailable=False, cmake_clean_cache=False, cmake_clean_first=False, cmake_force_configure=False, ament_cmake_args=None, catkin_cmake_args=None, catkin_skip_building_tests=False, mixin_files=None, mixin=None, verb_parser=<colcon_mixin.mixin.mixin_argument.MixinArgumentDecorator object at 0x7ee01cfc7950>, verb_extension=<colcon_core.verb.build.BuildVerb object at 0x7ee01cf21f40>, main=<bound method BuildVerb.main of <colcon_core.verb.build.BuildVerb object at 0x7ee01cf21f40>>, mixin_verb=('build',))
[0.121s] Level 1:colcon.colcon_core.package_discovery:discover_packages(colcon_meta) check parameters
[0.121s] Level 1:colcon.colcon_core.package_discovery:discover_packages(recursive) check parameters
[0.121s] Level 1:colcon.colcon_core.package_discovery:discover_packages(ignore) check parameters
[0.121s] Level 1:colcon.colcon_core.package_discovery:discover_packages(path) check parameters
[0.121s] Level 1:colcon.colcon_core.package_discovery:discover_packages(colcon_meta) discover
[0.121s] Level 1:colcon.colcon_core.package_discovery:discover_packages(recursive) discover
[0.121s] INFO:colcon.colcon_core.package_discovery:Crawling recursively for packages in '/home/hyh/Desktop/playground_hermes/tugbot_ros2_gazebo/ros2_ws_tugbot_nav_20260513'
[0.121s] Level 1:colcon.colcon_core.package_identification:_identify(.) by extensions ['ignore', 'ignore_ament_install']
[0.121s] Level 1:colcon.colcon_core.package_identification:_identify(.) by extension 'ignore'
[0.121s] Level 1:colcon.colcon_core.package_identification:_identify(.) by extension 'ignore_ament_install'
[0.121s] Level 1:colcon.colcon_core.package_identification:_identify(.) by extensions ['colcon_pkg']
[0.121s] Level 1:colcon.colcon_core.package_identification:_identify(.) by extension 'colcon_pkg'
[0.121s] Level 1:colcon.colcon_core.package_identification:_identify(.) by extensions ['colcon_meta']
[0.121s] Level 1:colcon.colcon_core.package_identification:_identify(.) by extension 'colcon_meta'
[0.121s] Level 1:colcon.colcon_core.package_identification:_identify(.) by extensions ['ros']
[0.121s] Level 1:colcon.colcon_core.package_identification:_identify(.) by extension 'ros'
[0.145s] Level 1:colcon.colcon_core.package_identification:_identify(.) by extensions ['cmake', 'python']
[0.145s] Level 1:colcon.colcon_core.package_identification:_identify(.) by extension 'cmake'
[0.145s] Level 1:colcon.colcon_core.package_identification:_identify(.) by extension 'python'
[0.145s] Level 1:colcon.colcon_core.package_identification:_identify(.) by extensions ['python_setup_py']
[0.145s] Level 1:colcon.colcon_core.package_identification:_identify(.) by extension 'python_setup_py'
[0.145s] Level 1:colcon.colcon_core.package_identification:_identify(build) by extensions ['ignore', 'ignore_ament_install']
[0.145s] Level 1:colcon.colcon_core.package_identification:_identify(build) by extension 'ignore'
[0.145s] Level 1:colcon.colcon_core.package_identification:_identify(build) ignored
[0.145s] Level 1:colcon.colcon_core.package_identification:_identify(doc) by extensions ['ignore', 'ignore_ament_install']
[0.145s] Level 1:colcon.colcon_core.package_identification:_identify(doc) by extension 'ignore'
[0.145s] Level 1:colcon.colcon_core.package_identification:_identify(doc) by extension 'ignore_ament_install'
[0.145s] Level 1:colcon.colcon_core.package_identification:_identify(doc) by extensions ['colcon_pkg']
[0.145s] Level 1:colcon.colcon_core.package_identification:_identify(doc) by extension 'colcon_pkg'
[0.145s] Level 1:colcon.colcon_core.package_identification:_identify(doc) by extensions ['colcon_meta']
[0.145s] Level 1:colcon.colcon_core.package_identification:_identify(doc) by extension 'colcon_meta'
[0.145s] Level 1:colcon.colcon_core.package_identification:_identify(doc) by extensions ['ros']
[0.145s] Level 1:colcon.colcon_core.package_identification:_identify(doc) by extension 'ros'
[0.145s] Level 1:colcon.colcon_core.package_identification:_identify(doc) by extensions ['cmake', 'python']
[0.145s] Level 1:colcon.colcon_core.package_identification:_identify(doc) by extension 'cmake'
[0.145s] Level 1:colcon.colcon_core.package_identification:_identify(doc) by extension 'python'
[0.145s] Level 1:colcon.colcon_core.package_identification:_identify(doc) by extensions ['python_setup_py']
[0.145s] Level 1:colcon.colcon_core.package_identification:_identify(doc) by extension 'python_setup_py'
[0.145s] Level 1:colcon.colcon_core.package_identification:_identify(doc/doc_diagnosis) by extensions ['ignore', 'ignore_ament_install']
[0.146s] Level 1:colcon.colcon_core.package_identification:_identify(doc/doc_diagnosis) by extension 'ignore'
[0.146s] Level 1:colcon.colcon_core.package_identification:_identify(doc/doc_diagnosis) by extension 'ignore_ament_install'
[0.146s] Level 1:colcon.colcon_core.package_identification:_identify(doc/doc_diagnosis) by extensions ['colcon_pkg']
[0.146s] Level 1:colcon.colcon_core.package_identification:_identify(doc/doc_diagnosis) by extension 'colcon_pkg'
[0.146s] Level 1:colcon.colcon_core.package_identification:_identify(doc/doc_diagnosis) by extensions ['colcon_meta']
[0.146s] Level 1:colcon.colcon_core.package_identification:_identify(doc/doc_diagnosis) by extension 'colcon_meta'
[0.146s] Level 1:colcon.colcon_core.package_identification:_identify(doc/doc_diagnosis) by extensions ['ros']
[0.146s] Level 1:colcon.colcon_core.package_identification:_identify(doc/doc_diagnosis) by extension 'ros'
[0.146s] Level 1:colcon.colcon_core.package_identification:_identify(doc/doc_diagnosis) by extensions ['cmake', 'python']
[0.146s] Level 1:colcon.colcon_core.package_identification:_identify(doc/doc_diagnosis) by extension 'cmake'
[0.146s] Level 1:colcon.colcon_core.package_identification:_identify(doc/doc_diagnosis) by extension 'python'
[0.146s] Level 1:colcon.colcon_core.package_identification:_identify(doc/doc_diagnosis) by extensions ['python_setup_py']
[0.146s] Level 1:colcon.colcon_core.package_identification:_identify(doc/doc_diagnosis) by extension 'python_setup_py'
[0.146s] Level 1:colcon.colcon_core.package_identification:_identify(doc/doc_experience) by extensions ['ignore', 'ignore_ament_install']
[0.146s] Level 1:colcon.colcon_core.package_identification:_identify(doc/doc_experience) by extension 'ignore'
[0.146s] Level 1:colcon.colcon_core.package_identification:_identify(doc/doc_experience) by extension 'ignore_ament_install'
[0.146s] Level 1:colcon.colcon_core.package_identification:_identify(doc/doc_experience) by extensions ['colcon_pkg']
[0.146s] Level 1:colcon.colcon_core.package_identification:_identify(doc/doc_experience) by extension 'colcon_pkg'
[0.146s] Level 1:colcon.colcon_core.package_identification:_identify(doc/doc_experience) by extensions ['colcon_meta']
[0.146s] Level 1:colcon.colcon_core.package_identification:_identify(doc/doc_experience) by extension 'colcon_meta'
[0.146s] Level 1:colcon.colcon_core.package_identification:_identify(doc/doc_experience) by extensions ['ros']
[0.146s] Level 1:colcon.colcon_core.package_identification:_identify(doc/doc_experience) by extension 'ros'
[0.146s] Level 1:colcon.colcon_core.package_identification:_identify(doc/doc_experience) by extensions ['cmake', 'python']
[0.146s] Level 1:colcon.colcon_core.package_identification:_identify(doc/doc_experience) by extension 'cmake'
[0.146s] Level 1:colcon.colcon_core.package_identification:_identify(doc/doc_experience) by extension 'python'
[0.146s] Level 1:colcon.colcon_core.package_identification:_identify(doc/doc_experience) by extensions ['python_setup_py']
[0.146s] Level 1:colcon.colcon_core.package_identification:_identify(doc/doc_experience) by extension 'python_setup_py'
[0.146s] Level 1:colcon.colcon_core.package_identification:_identify(doc/doc_proposal) by extensions ['ignore', 'ignore_ament_install']
[0.146s] Level 1:colcon.colcon_core.package_identification:_identify(doc/doc_proposal) by extension 'ignore'
[0.146s] Level 1:colcon.colcon_core.package_identification:_identify(doc/doc_proposal) by extension 'ignore_ament_install'
[0.147s] Level 1:colcon.colcon_core.package_identification:_identify(doc/doc_proposal) by extensions ['colcon_pkg']
[0.147s] Level 1:colcon.colcon_core.package_identification:_identify(doc/doc_proposal) by extension 'colcon_pkg'
[0.147s] Level 1:colcon.colcon_core.package_identification:_identify(doc/doc_proposal) by extensions ['colcon_meta']
[0.147s] Level 1:colcon.colcon_core.package_identification:_identify(doc/doc_proposal) by extension 'colcon_meta'
[0.147s] Level 1:colcon.colcon_core.package_identification:_identify(doc/doc_proposal) by extensions ['ros']
[0.147s] Level 1:colcon.colcon_core.package_identification:_identify(doc/doc_proposal) by extension 'ros'
[0.147s] Level 1:colcon.colcon_core.package_identification:_identify(doc/doc_proposal) by extensions ['cmake', 'python']
[0.147s] Level 1:colcon.colcon_core.package_identification:_identify(doc/doc_proposal) by extension 'cmake'
[0.147s] Level 1:colcon.colcon_core.package_identification:_identify(doc/doc_proposal) by extension 'python'
[0.147s] Level 1:colcon.colcon_core.package_identification:_identify(doc/doc_proposal) by extensions ['python_setup_py']
[0.147s] Level 1:colcon.colcon_core.package_identification:_identify(doc/doc_proposal) by extension 'python_setup_py'
[0.147s] Level 1:colcon.colcon_core.package_identification:_identify(doc/doc_report) by extensions ['ignore', 'ignore_ament_install']
[0.147s] Level 1:colcon.colcon_core.package_identification:_identify(doc/doc_report) by extension 'ignore'
[0.147s] Level 1:colcon.colcon_core.package_identification:_identify(doc/doc_report) by extension 'ignore_ament_install'
[0.147s] Level 1:colcon.colcon_core.package_identification:_identify(doc/doc_report) by extensions ['colcon_pkg']
[0.147s] Level 1:colcon.colcon_core.package_identification:_identify(doc/doc_report) by extension 'colcon_pkg'
[0.147s] Level 1:colcon.colcon_core.package_identification:_identify(doc/doc_report) by extensions ['colcon_meta']
[0.147s] Level 1:colcon.colcon_core.package_identification:_identify(doc/doc_report) by extension 'colcon_meta'
[0.147s] Level 1:colcon.colcon_core.package_identification:_identify(doc/doc_report) by extensions ['ros']
[0.147s] Level 1:colcon.colcon_core.package_identification:_identify(doc/doc_report) by extension 'ros'
[0.147s] Level 1:colcon.colcon_core.package_identification:_identify(doc/doc_report) by extensions ['cmake', 'python']
[0.147s] Level 1:colcon.colcon_core.package_identification:_identify(doc/doc_report) by extension 'cmake'
[0.147s] Level 1:colcon.colcon_core.package_identification:_identify(doc/doc_report) by extension 'python'
[0.147s] Level 1:colcon.colcon_core.package_identification:_identify(doc/doc_report) by extensions ['python_setup_py']
[0.147s] Level 1:colcon.colcon_core.package_identification:_identify(doc/doc_report) by extension 'python_setup_py'
[0.147s] Level 1:colcon.colcon_core.package_identification:_identify(install) by extensions ['ignore', 'ignore_ament_install']
[0.148s] Level 1:colcon.colcon_core.package_identification:_identify(install) by extension 'ignore'
[0.148s] Level 1:colcon.colcon_core.package_identification:_identify(install) ignored
[0.148s] Level 1:colcon.colcon_core.package_identification:_identify(log) by extensions ['ignore', 'ignore_ament_install']
[0.148s] Level 1:colcon.colcon_core.package_identification:_identify(log) by extension 'ignore'
[0.148s] Level 1:colcon.colcon_core.package_identification:_identify(log) ignored
[0.148s] Level 1:colcon.colcon_core.package_identification:_identify(scripts) by extensions ['ignore', 'ignore_ament_install']
[0.148s] Level 1:colcon.colcon_core.package_identification:_identify(scripts) by extension 'ignore'
[0.148s] Level 1:colcon.colcon_core.package_identification:_identify(scripts) by extension 'ignore_ament_install'
[0.148s] Level 1:colcon.colcon_core.package_identification:_identify(scripts) by extensions ['colcon_pkg']
[0.148s] Level 1:colcon.colcon_core.package_identification:_identify(scripts) by extension 'colcon_pkg'
[0.148s] Level 1:colcon.colcon_core.package_identification:_identify(scripts) by extensions ['colcon_meta']
[0.148s] Level 1:colcon.colcon_core.package_identification:_identify(scripts) by extension 'colcon_meta'
[0.148s] Level 1:colcon.colcon_core.package_identification:_identify(scripts) by extensions ['ros']
[0.148s] Level 1:colcon.colcon_core.package_identification:_identify(scripts) by extension 'ros'
[0.148s] Level 1:colcon.colcon_core.package_identification:_identify(scripts) by extensions ['cmake', 'python']
[0.148s] Level 1:colcon.colcon_core.package_identification:_identify(scripts) by extension 'cmake'
[0.148s] Level 1:colcon.colcon_core.package_identification:_identify(scripts) by extension 'python'
[0.148s] Level 1:colcon.colcon_core.package_identification:_identify(scripts) by extensions ['python_setup_py']
[0.148s] Level 1:colcon.colcon_core.package_identification:_identify(scripts) by extension 'python_setup_py'
[0.148s] Level 1:colcon.colcon_core.package_identification:_identify(src) by extensions ['ignore', 'ignore_ament_install']
[0.148s] Level 1:colcon.colcon_core.package_identification:_identify(src) by extension 'ignore'
[0.148s] Level 1:colcon.colcon_core.package_identification:_identify(src) by extension 'ignore_ament_install'
[0.148s] Level 1:colcon.colcon_core.package_identification:_identify(src) by extensions ['colcon_pkg']
[0.148s] Level 1:colcon.colcon_core.package_identification:_identify(src) by extension 'colcon_pkg'
[0.148s] Level 1:colcon.colcon_core.package_identification:_identify(src) by extensions ['colcon_meta']
[0.148s] Level 1:colcon.colcon_core.package_identification:_identify(src) by extension 'colcon_meta'
[0.148s] Level 1:colcon.colcon_core.package_identification:_identify(src) by extensions ['ros']
[0.148s] Level 1:colcon.colcon_core.package_identification:_identify(src) by extension 'ros'
[0.148s] Level 1:colcon.colcon_core.package_identification:_identify(src) by extensions ['cmake', 'python']
[0.148s] Level 1:colcon.colcon_core.package_identification:_identify(src) by extension 'cmake'
[0.148s] Level 1:colcon.colcon_core.package_identification:_identify(src) by extension 'python'
[0.149s] Level 1:colcon.colcon_core.package_identification:_identify(src) by extensions ['python_setup_py']
[0.149s] Level 1:colcon.colcon_core.package_identification:_identify(src) by extension 'python_setup_py'
[0.149s] Level 1:colcon.colcon_core.package_identification:_identify(src/tugbot_bringup) by extensions ['ignore', 'ignore_ament_install']
[0.149s] Level 1:colcon.colcon_core.package_identification:_identify(src/tugbot_bringup) by extension 'ignore'
[0.149s] Level 1:colcon.colcon_core.package_identification:_identify(src/tugbot_bringup) by extension 'ignore_ament_install'
[0.149s] Level 1:colcon.colcon_core.package_identification:_identify(src/tugbot_bringup) by extensions ['colcon_pkg']
[0.149s] Level 1:colcon.colcon_core.package_identification:_identify(src/tugbot_bringup) by extension 'colcon_pkg'
[0.149s] Level 1:colcon.colcon_core.package_identification:_identify(src/tugbot_bringup) by extensions ['colcon_meta']
[0.149s] Level 1:colcon.colcon_core.package_identification:_identify(src/tugbot_bringup) by extension 'colcon_meta'
[0.149s] Level 1:colcon.colcon_core.package_identification:_identify(src/tugbot_bringup) by extensions ['ros']
[0.149s] Level 1:colcon.colcon_core.package_identification:_identify(src/tugbot_bringup) by extension 'ros'
[0.151s] DEBUG:colcon.colcon_core.package_identification:Package 'src/tugbot_bringup' with type 'ros.ament_cmake' and name 'tugbot_bringup'
[0.151s] Level 1:colcon.colcon_core.package_identification:_identify(src/tugbot_description) by extensions ['ignore', 'ignore_ament_install']
[0.151s] Level 1:colcon.colcon_core.package_identification:_identify(src/tugbot_description) by extension 'ignore'
[0.151s] Level 1:colcon.colcon_core.package_identification:_identify(src/tugbot_description) by extension 'ignore_ament_install'
[0.151s] Level 1:colcon.colcon_core.package_identification:_identify(src/tugbot_description) by extensions ['colcon_pkg']
[0.151s] Level 1:colcon.colcon_core.package_identification:_identify(src/tugbot_description) by extension 'colcon_pkg'
[0.151s] Level 1:colcon.colcon_core.package_identification:_identify(src/tugbot_description) by extensions ['colcon_meta']
[0.151s] Level 1:colcon.colcon_core.package_identification:_identify(src/tugbot_description) by extension 'colcon_meta'
[0.151s] Level 1:colcon.colcon_core.package_identification:_identify(src/tugbot_description) by extensions ['ros']
[0.151s] Level 1:colcon.colcon_core.package_identification:_identify(src/tugbot_description) by extension 'ros'
[0.151s] DEBUG:colcon.colcon_core.package_identification:Package 'src/tugbot_description' with type 'ros.ament_cmake' and name 'tugbot_description'
[0.151s] Level 1:colcon.colcon_core.package_identification:_identify(src/tugbot_gazebo) by extensions ['ignore', 'ignore_ament_install']
[0.151s] Level 1:colcon.colcon_core.package_identification:_identify(src/tugbot_gazebo) by extension 'ignore'
[0.151s] Level 1:colcon.colcon_core.package_identification:_identify(src/tugbot_gazebo) by extension 'ignore_ament_install'
[0.151s] Level 1:colcon.colcon_core.package_identification:_identify(src/tugbot_gazebo) by extensions ['colcon_pkg']
[0.151s] Level 1:colcon.colcon_core.package_identification:_identify(src/tugbot_gazebo) by extension 'colcon_pkg'
[0.151s] Level 1:colcon.colcon_core.package_identification:_identify(src/tugbot_gazebo) by extensions ['colcon_meta']
[0.151s] Level 1:colcon.colcon_core.package_identification:_identify(src/tugbot_gazebo) by extension 'colcon_meta'
[0.151s] Level 1:colcon.colcon_core.package_identification:_identify(src/tugbot_gazebo) by extensions ['ros']
[0.151s] Level 1:colcon.colcon_core.package_identification:_identify(src/tugbot_gazebo) by extension 'ros'
[0.152s] DEBUG:colcon.colcon_core.package_identification:Package 'src/tugbot_gazebo' with type 'ros.ament_cmake' and name 'tugbot_gazebo'
[0.152s] Level 1:colcon.colcon_core.package_identification:_identify(src/tugbot_navigation) by extensions ['ignore', 'ignore_ament_install']
[0.152s] Level 1:colcon.colcon_core.package_identification:_identify(src/tugbot_navigation) by extension 'ignore'
[0.152s] Level 1:colcon.colcon_core.package_identification:_identify(src/tugbot_navigation) by extension 'ignore_ament_install'
[0.152s] Level 1:colcon.colcon_core.package_identification:_identify(src/tugbot_navigation) by extensions ['colcon_pkg']
[0.152s] Level 1:colcon.colcon_core.package_identification:_identify(src/tugbot_navigation) by extension 'colcon_pkg'
[0.152s] Level 1:colcon.colcon_core.package_identification:_identify(src/tugbot_navigation) by extensions ['colcon_meta']
[0.152s] Level 1:colcon.colcon_core.package_identification:_identify(src/tugbot_navigation) by extension 'colcon_meta'
[0.152s] Level 1:colcon.colcon_core.package_identification:_identify(src/tugbot_navigation) by extensions ['ros']
[0.152s] Level 1:colcon.colcon_core.package_identification:_identify(src/tugbot_navigation) by extension 'ros'
[0.152s] DEBUG:colcon.colcon_core.package_identification:Package 'src/tugbot_navigation' with type 'ros.ament_cmake' and name 'tugbot_navigation'
[0.153s] Level 1:colcon.colcon_core.package_discovery:discover_packages(recursive) using defaults
[0.153s] Level 1:colcon.colcon_core.package_discovery:discover_packages(ignore) discover
[0.153s] Level 1:colcon.colcon_core.package_discovery:discover_packages(ignore) using defaults
[0.153s] Level 1:colcon.colcon_core.package_discovery:discover_packages(path) discover
[0.153s] Level 1:colcon.colcon_core.package_discovery:discover_packages(path) using defaults
[0.165s] INFO:colcon.colcon_core.package_selection:Skipping not selected package 'tugbot_description' in 'src/tugbot_description'
[0.165s] INFO:colcon.colcon_core.package_selection:Skipping not selected package 'tugbot_gazebo' in 'src/tugbot_gazebo'
[0.165s] INFO:colcon.colcon_core.package_selection:Skipping not selected package 'tugbot_navigation' in 'src/tugbot_navigation'
[0.166s] Level 1:colcon.colcon_core.package_discovery:discover_packages(prefix_path) check parameters
[0.166s] Level 1:colcon.colcon_core.package_discovery:discover_packages(prefix_path) discover
[0.171s] DEBUG:colcon.colcon_installed_package_information.package_discovery:Found 4 installed packages in /home/hyh/Desktop/playground_hermes/tugbot_ros2_gazebo/ros2_ws_tugbot_nav_20260513/install
[0.172s] DEBUG:colcon.colcon_installed_package_information.package_discovery:Found 70 installed packages in /home/hyh/ws_moveit/install
[0.174s] DEBUG:colcon.colcon_installed_package_information.package_discovery:Found 516 installed packages in /opt/ros/jazzy
[0.177s] Level 1:colcon.colcon_core.package_discovery:discover_packages(prefix_path) using defaults
[0.244s] Level 5:colcon.colcon_core.verb:set package 'tugbot_bringup' build argument 'cmake_args' from command line to 'None'
[0.244s] Level 5:colcon.colcon_core.verb:set package 'tugbot_bringup' build argument 'cmake_target' from command line to 'None'
[0.244s] Level 5:colcon.colcon_core.verb:set package 'tugbot_bringup' build argument 'cmake_target_skip_unavailable' from command line to 'False'
[0.244s] Level 5:colcon.colcon_core.verb:set package 'tugbot_bringup' build argument 'cmake_clean_cache' from command line to 'False'
[0.244s] Level 5:colcon.colcon_core.verb:set package 'tugbot_bringup' build argument 'cmake_clean_first' from command line to 'False'
[0.244s] Level 5:colcon.colcon_core.verb:set package 'tugbot_bringup' build argument 'cmake_force_configure' from command line to 'False'
[0.244s] Level 5:colcon.colcon_core.verb:set package 'tugbot_bringup' build argument 'ament_cmake_args' from command line to 'None'
[0.244s] Level 5:colcon.colcon_core.verb:set package 'tugbot_bringup' build argument 'catkin_cmake_args' from command line to 'None'
[0.244s] Level 5:colcon.colcon_core.verb:set package 'tugbot_bringup' build argument 'catkin_skip_building_tests' from command line to 'False'
[0.244s] DEBUG:colcon.colcon_core.verb:Building package 'tugbot_bringup' with the following arguments: {'ament_cmake_args': None, 'build_base': '/home/hyh/Desktop/playground_hermes/tugbot_ros2_gazebo/ros2_ws_tugbot_nav_20260513/build/tugbot_bringup', 'catkin_cmake_args': None, 'catkin_skip_building_tests': False, 'cmake_args': None, 'cmake_clean_cache': False, 'cmake_clean_first': False, 'cmake_force_configure': False, 'cmake_target': None, 'cmake_target_skip_unavailable': False, 'install_base': '/home/hyh/Desktop/playground_hermes/tugbot_ros2_gazebo/ros2_ws_tugbot_nav_20260513/install/tugbot_bringup', 'merge_install': False, 'path': '/home/hyh/Desktop/playground_hermes/tugbot_ros2_gazebo/ros2_ws_tugbot_nav_20260513/src/tugbot_bringup', 'symlink_install': True, 'test_result_base': None}
[0.244s] INFO:colcon.colcon_core.executor:Executing jobs using 'parallel' executor
[0.245s] DEBUG:colcon.colcon_parallel_executor.executor.parallel:run_until_complete
[0.245s] INFO:colcon.colcon_ros.task.ament_cmake.build:Building ROS package in '/home/hyh/Desktop/playground_hermes/tugbot_ros2_gazebo/ros2_ws_tugbot_nav_20260513/src/tugbot_bringup' with build type 'ament_cmake'
[0.245s] INFO:colcon.colcon_cmake.task.cmake.build:Building CMake package in '/home/hyh/Desktop/playground_hermes/tugbot_ros2_gazebo/ros2_ws_tugbot_nav_20260513/src/tugbot_bringup'
[0.247s] INFO:colcon.colcon_core.plugin_system:Skipping extension 'colcon_core.shell.bat': Not used on non-Windows systems
[0.247s] INFO:colcon.colcon_core.shell:Skip shell extension 'powershell' for command environment: Not usable outside of PowerShell
[0.247s] DEBUG:colcon.colcon_core.shell:Skip shell extension 'dsv' for command environment
[0.261s] DEBUG:colcon.colcon_core.event_handler.log_command:Invoking command in '/home/hyh/Desktop/playground_hermes/tugbot_ros2_gazebo/ros2_ws_tugbot_nav_20260513/build/tugbot_bringup': CMAKE_PREFIX_PATH=${CMAKE_PREFIX_PATH}:/home/hyh/ws_moveit/install/moveit_configs_utils:/opt/ros/jazzy DEBUGINFOD_URLS=https://debuginfod.ubuntu.com /usr/bin/cmake --build /home/hyh/Desktop/playground_hermes/tugbot_ros2_gazebo/ros2_ws_tugbot_nav_20260513/build/tugbot_bringup -- -j8 -l8
[0.339s] DEBUG:colcon.colcon_core.event_handler.log_command:Invoked command in '/home/hyh/Desktop/playground_hermes/tugbot_ros2_gazebo/ros2_ws_tugbot_nav_20260513/build/tugbot_bringup' returned '0': CMAKE_PREFIX_PATH=${CMAKE_PREFIX_PATH}:/home/hyh/ws_moveit/install/moveit_configs_utils:/opt/ros/jazzy DEBUGINFOD_URLS=https://debuginfod.ubuntu.com /usr/bin/cmake --build /home/hyh/Desktop/playground_hermes/tugbot_ros2_gazebo/ros2_ws_tugbot_nav_20260513/build/tugbot_bringup -- -j8 -l8
[0.354s] DEBUG:colcon.colcon_core.event_handler.log_command:Invoking command in '/home/hyh/Desktop/playground_hermes/tugbot_ros2_gazebo/ros2_ws_tugbot_nav_20260513/build/tugbot_bringup': CMAKE_PREFIX_PATH=${CMAKE_PREFIX_PATH}:/home/hyh/ws_moveit/install/moveit_configs_utils:/opt/ros/jazzy DEBUGINFOD_URLS=https://debuginfod.ubuntu.com /usr/bin/cmake --install /home/hyh/Desktop/playground_hermes/tugbot_ros2_gazebo/ros2_ws_tugbot_nav_20260513/build/tugbot_bringup
[0.387s] Level 1:colcon.colcon_core.environment:create_environment_scripts_only(tugbot_bringup)
[0.389s] DEBUG:colcon.colcon_core.event_handler.log_command:Invoked command in '/home/hyh/Desktop/playground_hermes/tugbot_ros2_gazebo/ros2_ws_tugbot_nav_20260513/build/tugbot_bringup' returned '0': CMAKE_PREFIX_PATH=${CMAKE_PREFIX_PATH}:/home/hyh/ws_moveit/install/moveit_configs_utils:/opt/ros/jazzy DEBUGINFOD_URLS=https://debuginfod.ubuntu.com /usr/bin/cmake --install /home/hyh/Desktop/playground_hermes/tugbot_ros2_gazebo/ros2_ws_tugbot_nav_20260513/build/tugbot_bringup
[0.390s] Level 1:colcon.colcon_core.environment:checking '/home/hyh/Desktop/playground_hermes/tugbot_ros2_gazebo/ros2_ws_tugbot_nav_20260513/install/tugbot_bringup' for CMake module files
[0.391s] Level 1:colcon.colcon_core.environment:checking '/home/hyh/Desktop/playground_hermes/tugbot_ros2_gazebo/ros2_ws_tugbot_nav_20260513/install/tugbot_bringup' for CMake config files
[0.391s] Level 1:colcon.colcon_core.shell:create_environment_hook('tugbot_bringup', 'cmake_prefix_path')
[0.392s] INFO:colcon.colcon_core.shell:Creating environment hook '/home/hyh/Desktop/playground_hermes/tugbot_ros2_gazebo/ros2_ws_tugbot_nav_20260513/install/tugbot_bringup/share/tugbot_bringup/hook/cmake_prefix_path.ps1'
[0.393s] INFO:colcon.colcon_core.shell:Creating environment descriptor '/home/hyh/Desktop/playground_hermes/tugbot_ros2_gazebo/ros2_ws_tugbot_nav_20260513/install/tugbot_bringup/share/tugbot_bringup/hook/cmake_prefix_path.dsv'
[0.393s] INFO:colcon.colcon_core.shell:Creating environment hook '/home/hyh/Desktop/playground_hermes/tugbot_ros2_gazebo/ros2_ws_tugbot_nav_20260513/install/tugbot_bringup/share/tugbot_bringup/hook/cmake_prefix_path.sh'
[0.394s] Level 1:colcon.colcon_core.environment:checking '/home/hyh/Desktop/playground_hermes/tugbot_ros2_gazebo/ros2_ws_tugbot_nav_20260513/install/tugbot_bringup/bin'
[0.394s] Level 1:colcon.colcon_core.environment:checking '/home/hyh/Desktop/playground_hermes/tugbot_ros2_gazebo/ros2_ws_tugbot_nav_20260513/install/tugbot_bringup/lib/pkgconfig/tugbot_bringup.pc'
[0.394s] Level 1:colcon.colcon_core.environment:checking '/home/hyh/Desktop/playground_hermes/tugbot_ros2_gazebo/ros2_ws_tugbot_nav_20260513/install/tugbot_bringup/lib/python3.12/site-packages'
[0.394s] Level 1:colcon.colcon_core.environment:checking '/home/hyh/Desktop/playground_hermes/tugbot_ros2_gazebo/ros2_ws_tugbot_nav_20260513/install/tugbot_bringup/bin'
[0.395s] INFO:colcon.colcon_core.shell:Creating package script '/home/hyh/Desktop/playground_hermes/tugbot_ros2_gazebo/ros2_ws_tugbot_nav_20260513/install/tugbot_bringup/share/tugbot_bringup/package.ps1'
[0.396s] INFO:colcon.colcon_core.shell:Creating package descriptor '/home/hyh/Desktop/playground_hermes/tugbot_ros2_gazebo/ros2_ws_tugbot_nav_20260513/install/tugbot_bringup/share/tugbot_bringup/package.dsv'
[0.396s] INFO:colcon.colcon_core.shell:Creating package script '/home/hyh/Desktop/playground_hermes/tugbot_ros2_gazebo/ros2_ws_tugbot_nav_20260513/install/tugbot_bringup/share/tugbot_bringup/package.sh'
[0.397s] INFO:colcon.colcon_core.shell:Creating package script '/home/hyh/Desktop/playground_hermes/tugbot_ros2_gazebo/ros2_ws_tugbot_nav_20260513/install/tugbot_bringup/share/tugbot_bringup/package.bash'
[0.398s] INFO:colcon.colcon_core.shell:Creating package script '/home/hyh/Desktop/playground_hermes/tugbot_ros2_gazebo/ros2_ws_tugbot_nav_20260513/install/tugbot_bringup/share/tugbot_bringup/package.zsh'
[0.398s] Level 1:colcon.colcon_core.environment:create_file_with_runtime_dependencies(/home/hyh/Desktop/playground_hermes/tugbot_ros2_gazebo/ros2_ws_tugbot_nav_20260513/install/tugbot_bringup/share/colcon-core/packages/tugbot_bringup)
[0.399s] Level 1:colcon.colcon_core.environment:create_environment_scripts_only(tugbot_bringup)
[0.399s] Level 1:colcon.colcon_core.environment:checking '/home/hyh/Desktop/playground_hermes/tugbot_ros2_gazebo/ros2_ws_tugbot_nav_20260513/install/tugbot_bringup' for CMake module files
[0.399s] Level 1:colcon.colcon_core.environment:checking '/home/hyh/Desktop/playground_hermes/tugbot_ros2_gazebo/ros2_ws_tugbot_nav_20260513/install/tugbot_bringup' for CMake config files
[0.400s] Level 1:colcon.colcon_core.shell:create_environment_hook('tugbot_bringup', 'cmake_prefix_path')
[0.400s] INFO:colcon.colcon_core.shell:Creating environment hook '/home/hyh/Desktop/playground_hermes/tugbot_ros2_gazebo/ros2_ws_tugbot_nav_20260513/install/tugbot_bringup/share/tugbot_bringup/hook/cmake_prefix_path.ps1'
[0.400s] INFO:colcon.colcon_core.shell:Creating environment descriptor '/home/hyh/Desktop/playground_hermes/tugbot_ros2_gazebo/ros2_ws_tugbot_nav_20260513/install/tugbot_bringup/share/tugbot_bringup/hook/cmake_prefix_path.dsv'
[0.401s] INFO:colcon.colcon_core.shell:Creating environment hook '/home/hyh/Desktop/playground_hermes/tugbot_ros2_gazebo/ros2_ws_tugbot_nav_20260513/install/tugbot_bringup/share/tugbot_bringup/hook/cmake_prefix_path.sh'
[0.401s] Level 1:colcon.colcon_core.environment:checking '/home/hyh/Desktop/playground_hermes/tugbot_ros2_gazebo/ros2_ws_tugbot_nav_20260513/install/tugbot_bringup/bin'
[0.401s] Level 1:colcon.colcon_core.environment:checking '/home/hyh/Desktop/playground_hermes/tugbot_ros2_gazebo/ros2_ws_tugbot_nav_20260513/install/tugbot_bringup/lib/pkgconfig/tugbot_bringup.pc'
[0.402s] Level 1:colcon.colcon_core.environment:checking '/home/hyh/Desktop/playground_hermes/tugbot_ros2_gazebo/ros2_ws_tugbot_nav_20260513/install/tugbot_bringup/lib/python3.12/site-packages'
[0.402s] Level 1:colcon.colcon_core.environment:checking '/home/hyh/Desktop/playground_hermes/tugbot_ros2_gazebo/ros2_ws_tugbot_nav_20260513/install/tugbot_bringup/bin'
[0.402s] INFO:colcon.colcon_core.shell:Creating package script '/home/hyh/Desktop/playground_hermes/tugbot_ros2_gazebo/ros2_ws_tugbot_nav_20260513/install/tugbot_bringup/share/tugbot_bringup/package.ps1'
[0.402s] INFO:colcon.colcon_core.shell:Creating package descriptor '/home/hyh/Desktop/playground_hermes/tugbot_ros2_gazebo/ros2_ws_tugbot_nav_20260513/install/tugbot_bringup/share/tugbot_bringup/package.dsv'
[0.403s] INFO:colcon.colcon_core.shell:Creating package script '/home/hyh/Desktop/playground_hermes/tugbot_ros2_gazebo/ros2_ws_tugbot_nav_20260513/install/tugbot_bringup/share/tugbot_bringup/package.sh'
[0.403s] INFO:colcon.colcon_core.shell:Creating package script '/home/hyh/Desktop/playground_hermes/tugbot_ros2_gazebo/ros2_ws_tugbot_nav_20260513/install/tugbot_bringup/share/tugbot_bringup/package.bash'
[0.404s] INFO:colcon.colcon_core.shell:Creating package script '/home/hyh/Desktop/playground_hermes/tugbot_ros2_gazebo/ros2_ws_tugbot_nav_20260513/install/tugbot_bringup/share/tugbot_bringup/package.zsh'
[0.404s] Level 1:colcon.colcon_core.environment:create_file_with_runtime_dependencies(/home/hyh/Desktop/playground_hermes/tugbot_ros2_gazebo/ros2_ws_tugbot_nav_20260513/install/tugbot_bringup/share/colcon-core/packages/tugbot_bringup)
[0.405s] DEBUG:colcon.colcon_parallel_executor.executor.parallel:closing loop
[0.405s] DEBUG:colcon.colcon_parallel_executor.executor.parallel:loop closed
[0.405s] DEBUG:colcon.colcon_parallel_executor.executor.parallel:run_until_complete finished with '0'
[0.405s] DEBUG:colcon.colcon_core.event_reactor:joining thread
[0.409s] INFO:colcon.colcon_core.plugin_system:Skipping extension 'colcon_notification.desktop_notification.terminal_notifier': Not used on non-Darwin systems
[0.410s] INFO:colcon.colcon_core.plugin_system:Skipping extension 'colcon_notification.desktop_notification.win32': Not used on non-Windows systems
[0.410s] INFO:colcon.colcon_notification.desktop_notification:Sending desktop notification using 'notify2'
[0.430s] DEBUG:colcon.colcon_core.event_reactor:joined thread
[0.431s] INFO:colcon.colcon_core.shell:Creating prefix script '/home/hyh/Desktop/playground_hermes/tugbot_ros2_gazebo/ros2_ws_tugbot_nav_20260513/install/local_setup.ps1'
[0.431s] INFO:colcon.colcon_core.shell:Creating prefix util module '/home/hyh/Desktop/playground_hermes/tugbot_ros2_gazebo/ros2_ws_tugbot_nav_20260513/install/_local_setup_util_ps1.py'
[0.432s] INFO:colcon.colcon_core.shell:Creating prefix chain script '/home/hyh/Desktop/playground_hermes/tugbot_ros2_gazebo/ros2_ws_tugbot_nav_20260513/install/setup.ps1'
[0.435s] INFO:colcon.colcon_core.shell:Creating prefix script '/home/hyh/Desktop/playground_hermes/tugbot_ros2_gazebo/ros2_ws_tugbot_nav_20260513/install/local_setup.sh'
[0.435s] INFO:colcon.colcon_core.shell:Creating prefix util module '/home/hyh/Desktop/playground_hermes/tugbot_ros2_gazebo/ros2_ws_tugbot_nav_20260513/install/_local_setup_util_sh.py'
[0.436s] INFO:colcon.colcon_core.shell:Creating prefix chain script '/home/hyh/Desktop/playground_hermes/tugbot_ros2_gazebo/ros2_ws_tugbot_nav_20260513/install/setup.sh'
[0.439s] INFO:colcon.colcon_core.shell:Creating prefix script '/home/hyh/Desktop/playground_hermes/tugbot_ros2_gazebo/ros2_ws_tugbot_nav_20260513/install/local_setup.bash'
[0.439s] INFO:colcon.colcon_core.shell:Creating prefix chain script '/home/hyh/Desktop/playground_hermes/tugbot_ros2_gazebo/ros2_ws_tugbot_nav_20260513/install/setup.bash'
[0.442s] INFO:colcon.colcon_core.shell:Creating prefix script '/home/hyh/Desktop/playground_hermes/tugbot_ros2_gazebo/ros2_ws_tugbot_nav_20260513/install/local_setup.zsh'
[0.443s] INFO:colcon.colcon_core.shell:Creating prefix chain script '/home/hyh/Desktop/playground_hermes/tugbot_ros2_gazebo/ros2_ws_tugbot_nav_20260513/install/setup.zsh'
